#
# There is insufficient memory for the Java Runtime Environment to continue.
# Native memory allocation (mmap) failed to map 234881024 bytes. Error detail: G1 virtual space
# Possible reasons:
#   The system is out of physical RAM or swap space
#   This process is running with CompressedOops enabled, and the Java Heap may be blocking the growth of the native heap
# Possible solutions:
#   Reduce memory load on the system
#   Increase physical memory or swap space
#   Check if swap backing store is full
#   Decrease Java heap size (-Xmx/-Xms)
#   Decrease number of Java threads
#   Decrease Java thread stack sizes (-Xss)
#   Set larger code cache with -XX:ReservedCodeCacheSize=
#   JVM is running with Zero Based Compressed Oops mode in which the Java heap is
#     placed in the first 32GB address space. The Java Heap base address is the
#     maximum limit for the native heap growth. Please use -XX:HeapBaseMinAddress
#     to set the Java Heap base and to place the Java Heap above 32GB virtual address.
# This output file may be truncated or incomplete.
#
#  Out of Memory Error (os_windows.cpp:3713), pid=29008, tid=17308
#
# JRE version: OpenJDK Runtime Environment Temurin-21.0.8+9 (21.0.8+9) (build 21.0.8+9-LTS)
# Java VM: OpenJDK 64-Bit Server VM Temurin-21.0.8+9 (21.0.8+9-LTS, mixed mode, tiered, compressed oops, compressed class ptrs, g1 gc, windows-amd64)
# No core dump will be written. Minidumps are not enabled by default on client versions of Windows
#

---------------  S U M M A R Y ------------

Command Line: -Djavax.net.ssl.trustStoreType=WINDOWS-ROOT -Dsun.java2d.d3d=false --add-exports=java.desktop/sun.awt=ALL-UNNAMED --add-opens=java.desktop/java.awt=ALL-UNNAMED -Dfile.encoding=UTF8 com.st.microxplorer.maingui.STM32CubeMX D:\keil5\bootloader\BootLoaderTest\Boot_App _Bin_FreeRtos\Boot1.ioc

Host: 11th Gen Intel(R) Core(TM) i7-1195G7 @ 2.90GHz, 8 cores, 15G,  Windows 11 , 64 bit Build 26100 (10.0.26100.7920)
Time: Thu Mar 19 16:54:42 2026 elapsed time: 28.701209 seconds (0d 0h 0m 28s)

---------------  T H R E A D  ---------------

Current thread (0x000001bde35fd860):  VMThread "VM Thread"          [id=17308, stack(0x0000006126b00000,0x0000006126c00000) (1024K)]

Stack: [0x0000006126b00000,0x0000006126c00000]
Native frames: (J=compiled Java code, j=interpreted, Vv=VM code, C=native code)
V  [jvm.dll+0x6d2449]
V  [jvm.dll+0x8ae341]
V  [jvm.dll+0x8b08be]
V  [jvm.dll+0x8b0fa3]
V  [jvm.dll+0x280c96]
V  [jvm.dll+0x6cec15]
V  [jvm.dll+0x6c2c3a]
V  [jvm.dll+0x35867a]
V  [jvm.dll+0x360246]
V  [jvm.dll+0x3b1f9e]
V  [jvm.dll+0x3b2248]
V  [jvm.dll+0x32c8fc]
V  [jvm.dll+0x32c987]
V  [jvm.dll+0x3706fc]
V  [jvm.dll+0x36ef48]
V  [jvm.dll+0x32c0c1]
V  [jvm.dll+0x36e5ba]
V  [jvm.dll+0x8b6cbf]
V  [jvm.dll+0x8b8044]
V  [jvm.dll+0x8b8580]
V  [jvm.dll+0x8b8823]
V  [jvm.dll+0x857e6b]
V  [jvm.dll+0x6d0b0d]
C  [ucrtbase.dll+0x37b0]
C  [KERNEL32.DLL+0x2e8d7]
C  [ntdll.dll+0x8c48c]

VM_Operation (0x00000061289fe870): G1CollectForAllocation, mode: safepoint, requested by thread 0x000001bde887c440


---------------  P R O C E S S  ---------------

Threads class SMR info:
_java_thread_list=0x000001bded9a41c0, length=41, elements={
0x000001bde36d9860, 0x000001bde368dfd0, 0x000001bde36c3b10, 0x000001bde36c4560,
0x000001bde36cdb30, 0x000001bde36cf500, 0x000001bde36f54b0, 0x000001bde36f9ac0,
0x000001bde38a5f80, 0x000001bde38b3a30, 0x000001bde8d21e40, 0x000001bde870fd30,
0x000001bde86ebe50, 0x000001bde84ae920, 0x000001bdc1a6b470, 0x000001bde887b720,
0x000001bdebb5e440, 0x000001bdebb5f160, 0x000001bdebb5bce0, 0x000001bdebb5c370,
0x000001bdebb5fe80, 0x000001bdebb5ca00, 0x000001bdebb60510, 0x000001bdebb60ba0,
0x000001bdebb61230, 0x000001bdebb618c0, 0x000001bdebb61f50, 0x000001bdebb625e0,
0x000001bdebb5d090, 0x000001bdebb5d720, 0x000001bde887bdb0, 0x000001bde887c440,
0x000001bde887b090, 0x000001bde8cc5ba0, 0x000001bde8cc75e0, 0x000001bde8cc9020,
0x000001bde8cc7c70, 0x000001bde8cc96b0, 0x000001bde8cc6230, 0x000001bde8cc68c0,
0x000001bde8cca3d0
}

Java Threads: ( => current thread )
  0x000001bde36d9860 JavaThread "Reference Handler"          daemon [_thread_blocked, id=21404, stack(0x0000006126c00000,0x0000006126d00000) (1024K)]
  0x000001bde368dfd0 JavaThread "Finalizer"                  daemon [_thread_blocked, id=24480, stack(0x0000006126d00000,0x0000006126e00000) (1024K)]
  0x000001bde36c3b10 JavaThread "Signal Dispatcher"          daemon [_thread_blocked, id=27568, stack(0x0000006126e00000,0x0000006126f00000) (1024K)]
  0x000001bde36c4560 JavaThread "Attach Listener"            daemon [_thread_blocked, id=7356, stack(0x0000006126f00000,0x0000006127000000) (1024K)]
  0x000001bde36cdb30 JavaThread "Service Thread"             daemon [_thread_blocked, id=29396, stack(0x0000006127000000,0x0000006127100000) (1024K)]
  0x000001bde36cf500 JavaThread "Monitor Deflation Thread"   daemon [_thread_blocked, id=28004, stack(0x0000006127100000,0x0000006127200000) (1024K)]
  0x000001bde36f54b0 JavaThread "C2 CompilerThread0"         daemon [_thread_blocked, id=27520, stack(0x0000006127200000,0x0000006127300000) (1024K)]
  0x000001bde36f9ac0 JavaThread "C1 CompilerThread0"         daemon [_thread_blocked, id=19764, stack(0x0000006127300000,0x0000006127400000) (1024K)]
  0x000001bde38a5f80 JavaThread "Common-Cleaner"             daemon [_thread_blocked, id=11172, stack(0x0000006127400000,0x0000006127500000) (1024K)]
  0x000001bde38b3a30 JavaThread "Notification Thread"        daemon [_thread_blocked, id=9884, stack(0x0000006127500000,0x0000006127600000) (1024K)]
  0x000001bde8d21e40 JavaThread "Java2D Disposer"            daemon [_thread_blocked, id=4324, stack(0x0000006128000000,0x0000006128100000) (1024K)]
  0x000001bde870fd30 JavaThread "AWT-Shutdown"                      [_thread_blocked, id=20192, stack(0x0000006128100000,0x0000006128200000) (1024K)]
  0x000001bde86ebe50 JavaThread "AWT-Windows"                daemon [_thread_in_native, id=152, stack(0x0000006128200000,0x0000006128300000) (1024K)]
  0x000001bde84ae920 JavaThread "AWT-EventQueue-0"                  [_thread_blocked, id=26832, stack(0x0000006128300000,0x0000006128400000) (1024K)]
  0x000001bdc1a6b470 JavaThread "DestroyJavaVM"                     [_thread_blocked, id=20896, stack(0x0000006126400000,0x0000006126500000) (1024K)]
  0x000001bde887b720 JavaThread "TimerQueue"                 daemon [_thread_blocked, id=8540, stack(0x0000006128a00000,0x0000006128b00000) (1024K)]
  0x000001bdebb5e440 JavaThread "IPC Server Thread"          daemon [_thread_in_native, id=21588, stack(0x0000006128d00000,0x0000006128e00000) (1024K)]
  0x000001bdebb5f160 JavaThread "Chromium Process Thread"           [_thread_in_native, id=28052, stack(0x0000006128e00000,0x0000006128f00000) (1024K)]
  0x000001bdebb5bce0 JavaThread "Chromium Process Logger"    daemon [_thread_in_native, id=25932, stack(0x0000006129300000,0x0000006129400000) (1024K)]
  0x000001bdebb5c370 JavaThread "Browser Thread: 45947358-555a-4ffa-9f22-c4527bb0d07c" daemon [_thread_blocked, id=12468, stack(0x0000006129600000,0x0000006129700000) (1024K)]
  0x000001bdebb5fe80 JavaThread "IPC Memory Reader Thread"          [_thread_in_native, id=29072, stack(0x0000006129500000,0x0000006129600000) (1024K)]
  0x000001bdebb5ca00 JavaThread "Socket Connection Checker: 45947358-555a-4ffa-9f22-c4527bb0d07c"        [_thread_in_native, id=13244, stack(0x0000006129700000,0x0000006129800000) (1024K)]
  0x000001bdebb60510 JavaThread "Network Thread: 956a59ea-733c-4b89-ac17-301bb4da1ae9" daemon [_thread_blocked, id=20520, stack(0x0000006129a00000,0x0000006129b00000) (1024K)]
  0x000001bdebb60ba0 JavaThread "Socket Connection Checker: 956a59ea-733c-4b89-ac17-301bb4da1ae9"        [_thread_in_native, id=14820, stack(0x0000006129b00000,0x0000006129c00000) (1024K)]
  0x000001bdebb61230 JavaThread "IPC Memory Reader Thread"          [_thread_in_native, id=1344, stack(0x0000006129900000,0x0000006129a00000) (1024K)]
  0x000001bdebb618c0 JavaThread "GPU Thread: 62a01af2-5964-4af1-a63d-ab07d6834ee3" daemon [_thread_blocked, id=8092, stack(0x0000006129e00000,0x0000006129f00000) (1024K)]
  0x000001bdebb61f50 JavaThread "IPC Memory Reader Thread"          [_thread_in_native, id=25928, stack(0x0000006129d00000,0x0000006129e00000) (1024K)]
  0x000001bdebb625e0 JavaThread "Socket Connection Checker: 62a01af2-5964-4af1-a63d-ab07d6834ee3"        [_thread_in_native, id=21432, stack(0x0000006129f00000,0x000000612a000000) (1024K)]
  0x000001bdebb5d090 JavaThread "Render Thread: 2011f160-99c7-43d5-b168-a93e1a678d0a" daemon [_thread_blocked, id=7300, stack(0x0000006129000000,0x0000006129100000) (1024K)]
  0x000001bdebb5d720 JavaThread "Socket Connection Checker: 2011f160-99c7-43d5-b168-a93e1a678d0a"        [_thread_in_native, id=2060, stack(0x000000612a300000,0x000000612a400000) (1024K)]
  0x000001bde887bdb0 JavaThread "IPC Memory Reader Thread"          [_thread_in_native, id=16572, stack(0x0000006128c00000,0x0000006128d00000) (1024K)]
  0x000001bde887c440 JavaThread "SwingWorker-pool-3-thread-1" daemon [_thread_blocked, id=27816, stack(0x0000006128900000,0x0000006128a00000) (1024K)]
  0x000001bde887b090 JavaThread "Thread-5"                   daemon [_thread_blocked, id=17436, stack(0x0000006128400000,0x0000006128500000) (1024K)]
  0x000001bde8cc5ba0 JavaThread "Thread-38"                  daemon [_thread_blocked, id=15504, stack(0x000000612a400000,0x000000612a500000) (1024K)]
  0x000001bde8cc75e0 JavaThread "Thread-42"                  daemon [_thread_blocked, id=19716, stack(0x000000612a600000,0x000000612a700000) (1024K)]
  0x000001bde8cc9020 JavaThread "Thread-52"                  daemon [_thread_blocked, id=13176, stack(0x0000006129100000,0x0000006129200000) (1024K)]
  0x000001bde8cc7c70 JavaThread "Thread-61"                  daemon [_thread_blocked, id=22664, stack(0x000000612a000000,0x000000612a100000) (1024K)]
  0x000001bde8cc96b0 JavaThread "Thread-64"                  daemon [_thread_blocked, id=26292, stack(0x0000006129200000,0x0000006129300000) (1024K)]
  0x000001bde8cc6230 JavaThread "Thread-81"                  daemon [_thread_blocked, id=10012, stack(0x000000612a200000,0x000000612a300000) (1024K)]
  0x000001bde8cc68c0 JavaThread "Thread-120"                 daemon [_thread_blocked, id=7648, stack(0x000000612a100000,0x000000612a200000) (1024K)]
  0x000001bde8cca3d0 JavaThread "Thread-192"                 daemon [_thread_blocked, id=6692, stack(0x000000612a500000,0x000000612a600000) (1024K)]
Total: 41

Other Threads:
=>0x000001bde35fd860 VMThread "VM Thread"                           [id=17308, stack(0x0000006126b00000,0x0000006126c00000) (1024K)]
  0x000001bde35ae140 WatcherThread "VM Periodic Task Thread"        [id=8080, stack(0x0000006126a00000,0x0000006126b00000) (1024K)]
  0x000001bdc1acb4e0 WorkerThread "GC Thread#0"                     [id=16252, stack(0x0000006126500000,0x0000006126600000) (1024K)]
  0x000001bde895f620 WorkerThread "GC Thread#1"                     [id=3604, stack(0x0000006127800000,0x0000006127900000) (1024K)]
  0x000001bde8d19af0 WorkerThread "GC Thread#2"                     [id=2584, stack(0x0000006127900000,0x0000006127a00000) (1024K)]
  0x000001bde8d19e90 WorkerThread "GC Thread#3"                     [id=19468, stack(0x0000006127a00000,0x0000006127b00000) (1024K)]
  0x000001bde8d1a230 WorkerThread "GC Thread#4"                     [id=13764, stack(0x0000006127b00000,0x0000006127c00000) (1024K)]
  0x000001bde85c4740 WorkerThread "GC Thread#5"                     [id=28060, stack(0x0000006127c00000,0x0000006127d00000) (1024K)]
  0x000001bde85de880 WorkerThread "GC Thread#6"                     [id=1936, stack(0x0000006127d00000,0x0000006127e00000) (1024K)]
  0x000001bde8f13e40 WorkerThread "GC Thread#7"                     [id=6384, stack(0x0000006127e00000,0x0000006127f00000) (1024K)]
  0x000001bdc1adc150 ConcurrentGCThread "G1 Main Marker"            [id=24700, stack(0x0000006126600000,0x0000006126700000) (1024K)]
  0x000001bdc1adcc50 WorkerThread "G1 Conc#0"                       [id=14528, stack(0x0000006126700000,0x0000006126800000) (1024K)]
  0x000001bde8c37db0 WorkerThread "G1 Conc#1"                       [id=27892, stack(0x0000006127f00000,0x0000006128000000) (1024K)]
  0x000001bde34811e0 ConcurrentGCThread "G1 Refine#0"               [id=22504, stack(0x0000006126800000,0x0000006126900000) (1024K)]
  0x000001bde3481c60 ConcurrentGCThread "G1 Service"                [id=3120, stack(0x0000006126900000,0x0000006126a00000) (1024K)]
Total: 15

Threads with active compile tasks:
C2 CompilerThread0  28718 10120       4       java.util.AbstractCollection::addAll (42 bytes)
Total: 1

VM state: at safepoint (normal execution)

VM Mutex/Monitor currently owned by a thread:  ([mutex/lock_event])
[0x00007ffbdc815458] Threads_lock - owner thread: 0x000001bde35fd860
[0x00007ffbdc815558] Heap_lock - owner thread: 0x000001bde887c440

Heap address: 0x0000000703600000, size: 4042 MB, Compressed Oops mode: Zero based, Oop shift amount: 3

CDS archive(s) not mapped
Compressed class space mapped at: 0x0000000800000000-0x0000000840000000, reserved size: 1073741824
Narrow klass base: 0x0000000800000000, Narrow klass shift: 0, Narrow klass range: 0x40000000

GC Precious Log:
 CardTable entry size: 512
 Card Set container configuration: InlinePtr #cards 4 size 8 Array Of Cards #cards 16 size 48 Howl #buckets 8 coarsen threshold 3686 Howl Bitmap #cards 512 size 80 coarsen threshold 460 Card regions per heap region 1 cards per card region 4096
 CPUs: 8 total, 8 available
 Memory: 16167M
 Large Page Support: Disabled
 NUMA Support: Disabled
 Compressed Oops: Enabled (Zero based)
 Heap Region Size: 2M
 Heap Min Capacity: 8M
 Heap Initial Capacity: 254M
 Heap Max Capacity: 4042M
 Pre-touch: Disabled
 Parallel Workers: 8
 Concurrent Workers: 2
 Concurrent Refinement Workers: 8
 Periodic GC: Disabled

Heap:
 garbage-first heap   total 370688K, used 143740K [0x0000000703600000, 0x0000000800000000)
  region size 2048K, 13 young (26624K), 13 survivors (26624K)
 Metaspace       used 90425K, committed 91456K, reserved 1179648K
  class space    used 10148K, committed 10624K, reserved 1048576K

Heap Regions: E=young(eden), S=young(survivor), O=old, HS=humongous(starts), HC=humongous(continues), CS=collection set, F=free, TAMS=top-at-mark-start, PB=parsable bottom
|   0|0x0000000703600000, 0x0000000703800000, 0x0000000703800000|100%|HS|  |TAMS 0x0000000703600000| PB 0x0000000703600000| Complete 
|   1|0x0000000703800000, 0x0000000703a00000, 0x0000000703a00000|100%|HC|  |TAMS 0x0000000703800000| PB 0x0000000703800000| Complete 
|   2|0x0000000703a00000, 0x0000000703c00000, 0x0000000703c00000|100%|HC|  |TAMS 0x0000000703a00000| PB 0x0000000703a00000| Complete 
|   3|0x0000000703c00000, 0x0000000703e00000, 0x0000000703e00000|100%| O|  |TAMS 0x0000000703c00000| PB 0x0000000703c00000| Untracked 
|   4|0x0000000703e00000, 0x0000000704000000, 0x0000000704000000|100%| O|  |TAMS 0x0000000703e00000| PB 0x0000000703e00000| Untracked 
|   5|0x0000000704000000, 0x0000000704200000, 0x0000000704200000|100%| O|  |TAMS 0x0000000704000000| PB 0x0000000704000000| Untracked 
|   6|0x0000000704200000, 0x0000000704400000, 0x0000000704400000|100%| O|  |TAMS 0x0000000704200000| PB 0x0000000704200000| Untracked 
|   7|0x0000000704400000, 0x0000000704600000, 0x0000000704600000|100%| O|  |TAMS 0x0000000704400000| PB 0x0000000704400000| Untracked 
|   8|0x0000000704600000, 0x0000000704800000, 0x0000000704800000|100%| O|  |TAMS 0x0000000704600000| PB 0x0000000704600000| Untracked 
|   9|0x0000000704800000, 0x0000000704a00000, 0x0000000704a00000|100%| O|  |TAMS 0x0000000704800000| PB 0x0000000704800000| Untracked 
|  10|0x0000000704a00000, 0x0000000704c00000, 0x0000000704c00000|100%| O|  |TAMS 0x0000000704a00000| PB 0x0000000704a00000| Untracked 
|  11|0x0000000704c00000, 0x0000000704e00000, 0x0000000704e00000|100%|HS|  |TAMS 0x0000000704c00000| PB 0x0000000704c00000| Complete 
|  12|0x0000000704e00000, 0x0000000705000000, 0x0000000705000000|100%| O|  |TAMS 0x0000000704e00000| PB 0x0000000704e00000| Untracked 
|  13|0x0000000705000000, 0x0000000705200000, 0x0000000705200000|100%| O|  |TAMS 0x0000000705000000| PB 0x0000000705000000| Untracked 
|  14|0x0000000705200000, 0x0000000705400000, 0x0000000705400000|100%| O|  |TAMS 0x0000000705200000| PB 0x0000000705200000| Untracked 
|  15|0x0000000705400000, 0x0000000705600000, 0x0000000705600000|100%| O|  |TAMS 0x0000000705400000| PB 0x0000000705400000| Untracked 
|  16|0x0000000705600000, 0x0000000705800000, 0x0000000705800000|100%| O|  |TAMS 0x0000000705600000| PB 0x0000000705600000| Untracked 
|  17|0x0000000705800000, 0x0000000705a00000, 0x0000000705a00000|100%| O|  |TAMS 0x0000000705800000| PB 0x0000000705800000| Untracked 
|  18|0x0000000705a00000, 0x0000000705c00000, 0x0000000705c00000|100%| O|  |TAMS 0x0000000705a00000| PB 0x0000000705a00000| Untracked 
|  19|0x0000000705c00000, 0x0000000705e00000, 0x0000000705e00000|100%|HS|  |TAMS 0x0000000705c00000| PB 0x0000000705c00000| Complete 
|  20|0x0000000705e00000, 0x0000000706000000, 0x0000000706000000|100%| O|  |TAMS 0x0000000705e00000| PB 0x0000000705e00000| Untracked 
|  21|0x0000000706000000, 0x0000000706200000, 0x0000000706200000|100%|HS|  |TAMS 0x0000000706000000| PB 0x0000000706000000| Complete 
|  22|0x0000000706200000, 0x0000000706400000, 0x0000000706400000|100%|HC|  |TAMS 0x0000000706200000| PB 0x0000000706200000| Complete 
|  23|0x0000000706400000, 0x0000000706600000, 0x0000000706600000|100%|HS|  |TAMS 0x0000000706400000| PB 0x0000000706400000| Complete 
|  24|0x0000000706600000, 0x0000000706800000, 0x0000000706800000|100%|HC|  |TAMS 0x0000000706600000| PB 0x0000000706600000| Complete 
|  25|0x0000000706800000, 0x0000000706a00000, 0x0000000706a00000|100%|HS|  |TAMS 0x0000000706800000| PB 0x0000000706800000| Complete 
|  26|0x0000000706a00000, 0x0000000706c00000, 0x0000000706c00000|100%|HC|  |TAMS 0x0000000706a00000| PB 0x0000000706a00000| Complete 
|  27|0x0000000706c00000, 0x0000000706e00000, 0x0000000706e00000|100%|HS|  |TAMS 0x0000000706c00000| PB 0x0000000706c00000| Complete 
|  28|0x0000000706e00000, 0x0000000707000000, 0x0000000707000000|100%|HC|  |TAMS 0x0000000706e00000| PB 0x0000000706e00000| Complete 
|  29|0x0000000707000000, 0x0000000707200000, 0x0000000707200000|100%| O|  |TAMS 0x0000000707000000| PB 0x0000000707000000| Untracked 
|  30|0x0000000707200000, 0x0000000707400000, 0x0000000707400000|100%|HS|  |TAMS 0x0000000707200000| PB 0x0000000707200000| Complete 
|  31|0x0000000707400000, 0x0000000707600000, 0x0000000707600000|100%|HC|  |TAMS 0x0000000707400000| PB 0x0000000707400000| Complete 
|  32|0x0000000707600000, 0x0000000707800000, 0x0000000707800000|100%|HS|  |TAMS 0x0000000707600000| PB 0x0000000707600000| Complete 
|  33|0x0000000707800000, 0x0000000707a00000, 0x0000000707a00000|100%|HC|  |TAMS 0x0000000707800000| PB 0x0000000707800000| Complete 
|  34|0x0000000707a00000, 0x0000000707c00000, 0x0000000707c00000|100%|HS|  |TAMS 0x0000000707a00000| PB 0x0000000707a00000| Complete 
|  35|0x0000000707c00000, 0x0000000707e00000, 0x0000000707e00000|100%|HC|  |TAMS 0x0000000707c00000| PB 0x0000000707c00000| Complete 
|  36|0x0000000707e00000, 0x0000000708000000, 0x0000000708000000|100%|HS|  |TAMS 0x0000000707e00000| PB 0x0000000707e00000| Complete 
|  37|0x0000000708000000, 0x0000000708200000, 0x0000000708200000|100%|HC|  |TAMS 0x0000000708000000| PB 0x0000000708000000| Complete 
|  38|0x0000000708200000, 0x0000000708200000, 0x0000000708400000|  0%| F|  |TAMS 0x0000000708200000| PB 0x0000000708200000| Untracked 
|  39|0x0000000708400000, 0x0000000708600000, 0x0000000708600000|100%| O|  |TAMS 0x0000000708400000| PB 0x0000000708400000| Untracked 
|  40|0x0000000708600000, 0x0000000708800000, 0x0000000708800000|100%| O|  |TAMS 0x0000000708600000| PB 0x0000000708600000| Untracked 
|  41|0x0000000708800000, 0x0000000708a00000, 0x0000000708a00000|100%| O|  |TAMS 0x0000000708800000| PB 0x0000000708800000| Untracked 
|  42|0x0000000708a00000, 0x0000000708c00000, 0x0000000708c00000|100%| O|  |TAMS 0x0000000708a00000| PB 0x0000000708a00000| Untracked 
|  43|0x0000000708c00000, 0x0000000708e00000, 0x0000000708e00000|100%| O|  |TAMS 0x0000000708c00000| PB 0x0000000708c00000| Untracked 
|  44|0x0000000708e00000, 0x0000000709000000, 0x0000000709000000|100%| O|  |TAMS 0x0000000708e00000| PB 0x0000000708e00000| Untracked 
|  45|0x0000000709000000, 0x0000000709200000, 0x0000000709200000|100%| O|  |TAMS 0x0000000709000000| PB 0x0000000709000000| Untracked 
|  46|0x0000000709200000, 0x0000000709400000, 0x0000000709400000|100%|HS|  |TAMS 0x0000000709200000| PB 0x0000000709200000| Complete 
|  47|0x0000000709400000, 0x0000000709600000, 0x0000000709600000|100%|HC|  |TAMS 0x0000000709400000| PB 0x0000000709400000| Complete 
|  48|0x0000000709600000, 0x0000000709800000, 0x0000000709800000|100%|HS|  |TAMS 0x0000000709600000| PB 0x0000000709600000| Complete 
|  49|0x0000000709800000, 0x0000000709a00000, 0x0000000709a00000|100%|HC|  |TAMS 0x0000000709800000| PB 0x0000000709800000| Complete 
|  50|0x0000000709a00000, 0x0000000709c00000, 0x0000000709c00000|100%| O|  |TAMS 0x0000000709a00000| PB 0x0000000709a00000| Untracked 
|  51|0x0000000709c00000, 0x0000000709e00000, 0x0000000709e00000|100%|HS|  |TAMS 0x0000000709c00000| PB 0x0000000709c00000| Complete 
|  52|0x0000000709e00000, 0x000000070a000000, 0x000000070a000000|100%|HC|  |TAMS 0x0000000709e00000| PB 0x0000000709e00000| Complete 
|  53|0x000000070a000000, 0x000000070a200000, 0x000000070a200000|100%| O|  |TAMS 0x000000070a000000| PB 0x000000070a000000| Untracked 
|  54|0x000000070a200000, 0x000000070a2e3c40, 0x000000070a400000| 44%| O|  |TAMS 0x000000070a200000| PB 0x000000070a200000| Untracked 
|  55|0x000000070a400000, 0x000000070a600000, 0x000000070a600000|100%| O|  |TAMS 0x000000070a400000| PB 0x000000070a400000| Untracked 
|  56|0x000000070a600000, 0x000000070a800000, 0x000000070a800000|100%| O|  |TAMS 0x000000070a600000| PB 0x000000070a600000| Untracked 
|  57|0x000000070a800000, 0x000000070a800000, 0x000000070aa00000|  0%| F|  |TAMS 0x000000070a800000| PB 0x000000070a800000| Untracked 
|  58|0x000000070aa00000, 0x000000070aa00000, 0x000000070ac00000|  0%| F|  |TAMS 0x000000070aa00000| PB 0x000000070aa00000| Untracked 
|  59|0x000000070ac00000, 0x000000070ac00000, 0x000000070ae00000|  0%| F|  |TAMS 0x000000070ac00000| PB 0x000000070ac00000| Untracked 
|  60|0x000000070ae00000, 0x000000070af7b460, 0x000000070b000000| 74%| S|CS|TAMS 0x000000070ae00000| PB 0x000000070ae00000| Complete 
|  61|0x000000070b000000, 0x000000070b200000, 0x000000070b200000|100%| S|CS|TAMS 0x000000070b000000| PB 0x000000070b000000| Complete 
|  62|0x000000070b200000, 0x000000070b400000, 0x000000070b400000|100%| S|CS|TAMS 0x000000070b200000| PB 0x000000070b200000| Complete 
|  63|0x000000070b400000, 0x000000070b600000, 0x000000070b600000|100%| S|CS|TAMS 0x000000070b400000| PB 0x000000070b400000| Complete 
|  64|0x000000070b600000, 0x000000070b800000, 0x000000070b800000|100%| S|CS|TAMS 0x000000070b600000| PB 0x000000070b600000| Complete 
|  65|0x000000070b800000, 0x000000070ba00000, 0x000000070ba00000|100%| S|CS|TAMS 0x000000070b800000| PB 0x000000070b800000| Complete 
|  66|0x000000070ba00000, 0x000000070bc00000, 0x000000070bc00000|100%| S|CS|TAMS 0x000000070ba00000| PB 0x000000070ba00000| Complete 
|  67|0x000000070bc00000, 0x000000070be00000, 0x000000070be00000|100%| S|CS|TAMS 0x000000070bc00000| PB 0x000000070bc00000| Complete 
|  68|0x000000070be00000, 0x000000070c000000, 0x000000070c000000|100%| S|CS|TAMS 0x000000070be00000| PB 0x000000070be00000| Complete 
|  69|0x000000070c000000, 0x000000070c200000, 0x000000070c200000|100%| S|CS|TAMS 0x000000070c000000| PB 0x000000070c000000| Complete 
|  70|0x000000070c200000, 0x000000070c400000, 0x000000070c400000|100%| S|CS|TAMS 0x000000070c200000| PB 0x000000070c200000| Complete 
|  71|0x000000070c400000, 0x000000070c400000, 0x000000070c600000|  0%| F|  |TAMS 0x000000070c400000| PB 0x000000070c400000| Untracked 
|  72|0x000000070c600000, 0x000000070c600000, 0x000000070c800000|  0%| F|  |TAMS 0x000000070c600000| PB 0x000000070c600000| Untracked 
|  73|0x000000070c800000, 0x000000070c800000, 0x000000070ca00000|  0%| F|  |TAMS 0x000000070c800000| PB 0x000000070c800000| Untracked 
|  74|0x000000070ca00000, 0x000000070ca00000, 0x000000070cc00000|  0%| F|  |TAMS 0x000000070ca00000| PB 0x000000070ca00000| Untracked 
|  75|0x000000070cc00000, 0x000000070cc00000, 0x000000070ce00000|  0%| F|  |TAMS 0x000000070cc00000| PB 0x000000070cc00000| Untracked 
|  76|0x000000070ce00000, 0x000000070ce00000, 0x000000070d000000|  0%| F|  |TAMS 0x000000070ce00000| PB 0x000000070ce00000| Untracked 
|  77|0x000000070d000000, 0x000000070d000000, 0x000000070d200000|  0%| F|  |TAMS 0x000000070d000000| PB 0x000000070d000000| Untracked 
|  78|0x000000070d200000, 0x000000070d200000, 0x000000070d400000|  0%| F|  |TAMS 0x000000070d200000| PB 0x000000070d200000| Untracked 
|  79|0x000000070d400000, 0x000000070d400000, 0x000000070d600000|  0%| F|  |TAMS 0x000000070d400000| PB 0x000000070d400000| Untracked 
|  80|0x000000070d600000, 0x000000070d800000, 0x000000070d800000|100%| S|CS|TAMS 0x000000070d600000| PB 0x000000070d600000| Complete 
|  81|0x000000070d800000, 0x000000070da00000, 0x000000070da00000|100%| S|CS|TAMS 0x000000070d800000| PB 0x000000070d800000| Complete 
|  82|0x000000070da00000, 0x000000070da00000, 0x000000070dc00000|  0%| F|  |TAMS 0x000000070da00000| PB 0x000000070da00000| Untracked 
|  83|0x000000070dc00000, 0x000000070dc00000, 0x000000070de00000|  0%| F|  |TAMS 0x000000070dc00000| PB 0x000000070dc00000| Untracked 
|  84|0x000000070de00000, 0x000000070de00000, 0x000000070e000000|  0%| F|  |TAMS 0x000000070de00000| PB 0x000000070de00000| Untracked 
|  85|0x000000070e000000, 0x000000070e000000, 0x000000070e200000|  0%| F|  |TAMS 0x000000070e000000| PB 0x000000070e000000| Untracked 
|  86|0x000000070e200000, 0x000000070e200000, 0x000000070e400000|  0%| F|  |TAMS 0x000000070e200000| PB 0x000000070e200000| Untracked 
|  87|0x000000070e400000, 0x000000070e400000, 0x000000070e600000|  0%| F|  |TAMS 0x000000070e400000| PB 0x000000070e400000| Untracked 
|  88|0x000000070e600000, 0x000000070e600000, 0x000000070e800000|  0%| F|  |TAMS 0x000000070e600000| PB 0x000000070e600000| Untracked 
|  89|0x000000070e800000, 0x000000070e800000, 0x000000070ea00000|  0%| F|  |TAMS 0x000000070e800000| PB 0x000000070e800000| Untracked 
|  90|0x000000070ea00000, 0x000000070ea00000, 0x000000070ec00000|  0%| F|  |TAMS 0x000000070ea00000| PB 0x000000070ea00000| Untracked 
|  91|0x000000070ec00000, 0x000000070ec00000, 0x000000070ee00000|  0%| F|  |TAMS 0x000000070ec00000| PB 0x000000070ec00000| Untracked 
|  92|0x000000070ee00000, 0x000000070ee00000, 0x000000070f000000|  0%| F|  |TAMS 0x000000070ee00000| PB 0x000000070ee00000| Untracked 
|  93|0x000000070f000000, 0x000000070f000000, 0x000000070f200000|  0%| F|  |TAMS 0x000000070f000000| PB 0x000000070f000000| Untracked 
|  94|0x000000070f200000, 0x000000070f200000, 0x000000070f400000|  0%| F|  |TAMS 0x000000070f200000| PB 0x000000070f200000| Untracked 
|  95|0x000000070f400000, 0x000000070f400000, 0x000000070f600000|  0%| F|  |TAMS 0x000000070f400000| PB 0x000000070f400000| Untracked 
|  96|0x000000070f600000, 0x000000070f600000, 0x000000070f800000|  0%| F|  |TAMS 0x000000070f600000| PB 0x000000070f600000| Untracked 
|  97|0x000000070f800000, 0x000000070f800000, 0x000000070fa00000|  0%| F|  |TAMS 0x000000070f800000| PB 0x000000070f800000| Untracked 
|  98|0x000000070fa00000, 0x000000070fa00000, 0x000000070fc00000|  0%| F|  |TAMS 0x000000070fa00000| PB 0x000000070fa00000| Untracked 
|  99|0x000000070fc00000, 0x000000070fc00000, 0x000000070fe00000|  0%| F|  |TAMS 0x000000070fc00000| PB 0x000000070fc00000| Untracked 
| 100|0x000000070fe00000, 0x000000070fe00000, 0x0000000710000000|  0%| F|  |TAMS 0x000000070fe00000| PB 0x000000070fe00000| Untracked 
| 101|0x0000000710000000, 0x0000000710000000, 0x0000000710200000|  0%| F|  |TAMS 0x0000000710000000| PB 0x0000000710000000| Untracked 
| 102|0x0000000710200000, 0x0000000710200000, 0x0000000710400000|  0%| F|  |TAMS 0x0000000710200000| PB 0x0000000710200000| Untracked 
| 103|0x0000000710400000, 0x0000000710400000, 0x0000000710600000|  0%| F|  |TAMS 0x0000000710400000| PB 0x0000000710400000| Untracked 
| 104|0x0000000710600000, 0x0000000710600000, 0x0000000710800000|  0%| F|  |TAMS 0x0000000710600000| PB 0x0000000710600000| Untracked 
| 105|0x0000000710800000, 0x0000000710800000, 0x0000000710a00000|  0%| F|  |TAMS 0x0000000710800000| PB 0x0000000710800000| Untracked 
| 106|0x0000000710a00000, 0x0000000710a00000, 0x0000000710c00000|  0%| F|  |TAMS 0x0000000710a00000| PB 0x0000000710a00000| Untracked 
| 107|0x0000000710c00000, 0x0000000710c00000, 0x0000000710e00000|  0%| F|  |TAMS 0x0000000710c00000| PB 0x0000000710c00000| Untracked 
| 108|0x0000000710e00000, 0x0000000710e00000, 0x0000000711000000|  0%| F|  |TAMS 0x0000000710e00000| PB 0x0000000710e00000| Untracked 
| 109|0x0000000711000000, 0x0000000711000000, 0x0000000711200000|  0%| F|  |TAMS 0x0000000711000000| PB 0x0000000711000000| Untracked 
| 110|0x0000000711200000, 0x0000000711200000, 0x0000000711400000|  0%| F|  |TAMS 0x0000000711200000| PB 0x0000000711200000| Untracked 
| 111|0x0000000711400000, 0x0000000711400000, 0x0000000711600000|  0%| F|  |TAMS 0x0000000711400000| PB 0x0000000711400000| Untracked 
| 112|0x0000000711600000, 0x0000000711600000, 0x0000000711800000|  0%| F|  |TAMS 0x0000000711600000| PB 0x0000000711600000| Untracked 
| 113|0x0000000711800000, 0x0000000711800000, 0x0000000711a00000|  0%| F|  |TAMS 0x0000000711800000| PB 0x0000000711800000| Untracked 
| 114|0x0000000711a00000, 0x0000000711a00000, 0x0000000711c00000|  0%| F|  |TAMS 0x0000000711a00000| PB 0x0000000711a00000| Untracked 
| 115|0x0000000711c00000, 0x0000000711c00000, 0x0000000711e00000|  0%| F|  |TAMS 0x0000000711c00000| PB 0x0000000711c00000| Untracked 
| 116|0x0000000711e00000, 0x0000000711e00000, 0x0000000712000000|  0%| F|  |TAMS 0x0000000711e00000| PB 0x0000000711e00000| Untracked 
| 117|0x0000000712000000, 0x0000000712000000, 0x0000000712200000|  0%| F|  |TAMS 0x0000000712000000| PB 0x0000000712000000| Untracked 
| 118|0x0000000712200000, 0x0000000712200000, 0x0000000712400000|  0%| F|  |TAMS 0x0000000712200000| PB 0x0000000712200000| Untracked 
| 119|0x0000000712400000, 0x0000000712400000, 0x0000000712600000|  0%| F|  |TAMS 0x0000000712400000| PB 0x0000000712400000| Untracked 
| 120|0x0000000712600000, 0x0000000712600000, 0x0000000712800000|  0%| F|  |TAMS 0x0000000712600000| PB 0x0000000712600000| Untracked 
| 121|0x0000000712800000, 0x0000000712800000, 0x0000000712a00000|  0%| F|  |TAMS 0x0000000712800000| PB 0x0000000712800000| Untracked 
| 122|0x0000000712a00000, 0x0000000712a00000, 0x0000000712c00000|  0%| F|  |TAMS 0x0000000712a00000| PB 0x0000000712a00000| Untracked 
| 123|0x0000000712c00000, 0x0000000712c00000, 0x0000000712e00000|  0%| F|  |TAMS 0x0000000712c00000| PB 0x0000000712c00000| Untracked 
| 124|0x0000000712e00000, 0x0000000712e00000, 0x0000000713000000|  0%| F|  |TAMS 0x0000000712e00000| PB 0x0000000712e00000| Untracked 
| 125|0x0000000713000000, 0x0000000713000000, 0x0000000713200000|  0%| F|  |TAMS 0x0000000713000000| PB 0x0000000713000000| Untracked 
| 126|0x0000000713200000, 0x0000000713200000, 0x0000000713400000|  0%| F|  |TAMS 0x0000000713200000| PB 0x0000000713200000| Untracked 
| 127|0x0000000713400000, 0x0000000713400000, 0x0000000713600000|  0%| F|  |TAMS 0x0000000713400000| PB 0x0000000713400000| Untracked 
| 128|0x0000000713600000, 0x0000000713600000, 0x0000000713800000|  0%| F|  |TAMS 0x0000000713600000| PB 0x0000000713600000| Untracked 
| 129|0x0000000713800000, 0x0000000713800000, 0x0000000713a00000|  0%| F|  |TAMS 0x0000000713800000| PB 0x0000000713800000| Untracked 
| 130|0x0000000713a00000, 0x0000000713a00000, 0x0000000713c00000|  0%| F|  |TAMS 0x0000000713a00000| PB 0x0000000713a00000| Untracked 
| 131|0x0000000713c00000, 0x0000000713c00000, 0x0000000713e00000|  0%| F|  |TAMS 0x0000000713c00000| PB 0x0000000713c00000| Untracked 
| 132|0x0000000713e00000, 0x0000000713e00000, 0x0000000714000000|  0%| F|  |TAMS 0x0000000713e00000| PB 0x0000000713e00000| Untracked 
| 133|0x0000000714000000, 0x0000000714000000, 0x0000000714200000|  0%| F|  |TAMS 0x0000000714000000| PB 0x0000000714000000| Untracked 
| 134|0x0000000714200000, 0x0000000714200000, 0x0000000714400000|  0%| F|  |TAMS 0x0000000714200000| PB 0x0000000714200000| Untracked 
| 135|0x0000000714400000, 0x0000000714400000, 0x0000000714600000|  0%| F|  |TAMS 0x0000000714400000| PB 0x0000000714400000| Untracked 
| 136|0x0000000714600000, 0x0000000714600000, 0x0000000714800000|  0%| F|  |TAMS 0x0000000714600000| PB 0x0000000714600000| Untracked 
| 137|0x0000000714800000, 0x0000000714800000, 0x0000000714a00000|  0%| F|  |TAMS 0x0000000714800000| PB 0x0000000714800000| Untracked 
| 138|0x0000000714a00000, 0x0000000714a00000, 0x0000000714c00000|  0%| F|  |TAMS 0x0000000714a00000| PB 0x0000000714a00000| Untracked 
| 139|0x0000000714c00000, 0x0000000714c00000, 0x0000000714e00000|  0%| F|  |TAMS 0x0000000714c00000| PB 0x0000000714c00000| Untracked 
| 140|0x0000000714e00000, 0x0000000714e00000, 0x0000000715000000|  0%| F|  |TAMS 0x0000000714e00000| PB 0x0000000714e00000| Untracked 
| 141|0x0000000715000000, 0x0000000715000000, 0x0000000715200000|  0%| F|  |TAMS 0x0000000715000000| PB 0x0000000715000000| Untracked 
| 142|0x0000000715200000, 0x0000000715200000, 0x0000000715400000|  0%| F|  |TAMS 0x0000000715200000| PB 0x0000000715200000| Untracked 
| 143|0x0000000715400000, 0x0000000715400000, 0x0000000715600000|  0%| F|  |TAMS 0x0000000715400000| PB 0x0000000715400000| Untracked 
| 144|0x0000000715600000, 0x0000000715600000, 0x0000000715800000|  0%| F|  |TAMS 0x0000000715600000| PB 0x0000000715600000| Untracked 
| 145|0x0000000715800000, 0x0000000715800000, 0x0000000715a00000|  0%| F|  |TAMS 0x0000000715800000| PB 0x0000000715800000| Untracked 
| 146|0x0000000715a00000, 0x0000000715a00000, 0x0000000715c00000|  0%| F|  |TAMS 0x0000000715a00000| PB 0x0000000715a00000| Untracked 
| 147|0x0000000715c00000, 0x0000000715c00000, 0x0000000715e00000|  0%| F|  |TAMS 0x0000000715c00000| PB 0x0000000715c00000| Untracked 
| 148|0x0000000715e00000, 0x0000000715e00000, 0x0000000716000000|  0%| F|  |TAMS 0x0000000715e00000| PB 0x0000000715e00000| Untracked 
| 149|0x0000000716000000, 0x0000000716000000, 0x0000000716200000|  0%| F|  |TAMS 0x0000000716000000| PB 0x0000000716000000| Untracked 
| 150|0x0000000716200000, 0x0000000716200000, 0x0000000716400000|  0%| F|  |TAMS 0x0000000716200000| PB 0x0000000716200000| Untracked 
| 151|0x0000000716400000, 0x0000000716400000, 0x0000000716600000|  0%| F|  |TAMS 0x0000000716400000| PB 0x0000000716400000| Untracked 
| 152|0x0000000716600000, 0x0000000716600000, 0x0000000716800000|  0%| F|  |TAMS 0x0000000716600000| PB 0x0000000716600000| Untracked 
| 153|0x0000000716800000, 0x0000000716800000, 0x0000000716a00000|  0%| F|  |TAMS 0x0000000716800000| PB 0x0000000716800000| Untracked 
| 154|0x0000000716a00000, 0x0000000716a00000, 0x0000000716c00000|  0%| F|  |TAMS 0x0000000716a00000| PB 0x0000000716a00000| Untracked 
| 155|0x0000000716c00000, 0x0000000716c00000, 0x0000000716e00000|  0%| F|  |TAMS 0x0000000716c00000| PB 0x0000000716c00000| Untracked 
| 156|0x0000000716e00000, 0x0000000716e00000, 0x0000000717000000|  0%| F|  |TAMS 0x0000000716e00000| PB 0x0000000716e00000| Untracked 
| 157|0x0000000717000000, 0x0000000717000000, 0x0000000717200000|  0%| F|  |TAMS 0x0000000717000000| PB 0x0000000717000000| Untracked 
| 158|0x0000000717200000, 0x0000000717200000, 0x0000000717400000|  0%| F|  |TAMS 0x0000000717200000| PB 0x0000000717200000| Untracked 
| 159|0x0000000717400000, 0x0000000717400000, 0x0000000717600000|  0%| F|  |TAMS 0x0000000717400000| PB 0x0000000717400000| Untracked 
| 160|0x0000000717600000, 0x0000000717600000, 0x0000000717800000|  0%| F|  |TAMS 0x0000000717600000| PB 0x0000000717600000| Untracked 
| 161|0x0000000717800000, 0x0000000717800000, 0x0000000717a00000|  0%| F|  |TAMS 0x0000000717800000| PB 0x0000000717800000| Untracked 
| 162|0x0000000717a00000, 0x0000000717a00000, 0x0000000717c00000|  0%| F|  |TAMS 0x0000000717a00000| PB 0x0000000717a00000| Untracked 
| 163|0x0000000717c00000, 0x0000000717c00000, 0x0000000717e00000|  0%| F|  |TAMS 0x0000000717c00000| PB 0x0000000717c00000| Untracked 
| 164|0x0000000717e00000, 0x0000000717e00000, 0x0000000718000000|  0%| F|  |TAMS 0x0000000717e00000| PB 0x0000000717e00000| Untracked 
| 165|0x0000000718000000, 0x0000000718000000, 0x0000000718200000|  0%| F|  |TAMS 0x0000000718000000| PB 0x0000000718000000| Untracked 
| 166|0x0000000718200000, 0x0000000718200000, 0x0000000718400000|  0%| F|  |TAMS 0x0000000718200000| PB 0x0000000718200000| Untracked 
| 167|0x0000000718400000, 0x0000000718400000, 0x0000000718600000|  0%| F|  |TAMS 0x0000000718400000| PB 0x0000000718400000| Untracked 
| 168|0x0000000718600000, 0x0000000718600000, 0x0000000718800000|  0%| F|  |TAMS 0x0000000718600000| PB 0x0000000718600000| Untracked 
| 169|0x0000000718800000, 0x0000000718800000, 0x0000000718a00000|  0%| F|  |TAMS 0x0000000718800000| PB 0x0000000718800000| Untracked 
| 170|0x0000000718a00000, 0x0000000718a00000, 0x0000000718c00000|  0%| F|  |TAMS 0x0000000718a00000| PB 0x0000000718a00000| Untracked 
| 171|0x0000000718c00000, 0x0000000718c00000, 0x0000000718e00000|  0%| F|  |TAMS 0x0000000718c00000| PB 0x0000000718c00000| Untracked 
| 172|0x0000000718e00000, 0x0000000718e00000, 0x0000000719000000|  0%| F|  |TAMS 0x0000000718e00000| PB 0x0000000718e00000| Untracked 
| 173|0x0000000719000000, 0x0000000719000000, 0x0000000719200000|  0%| F|  |TAMS 0x0000000719000000| PB 0x0000000719000000| Untracked 
| 174|0x0000000719200000, 0x0000000719200000, 0x0000000719400000|  0%| F|  |TAMS 0x0000000719200000| PB 0x0000000719200000| Untracked 
| 175|0x0000000719400000, 0x0000000719400000, 0x0000000719600000|  0%| F|  |TAMS 0x0000000719400000| PB 0x0000000719400000| Untracked 
| 176|0x0000000719600000, 0x0000000719600000, 0x0000000719800000|  0%| F|  |TAMS 0x0000000719600000| PB 0x0000000719600000| Untracked 
| 177|0x0000000719800000, 0x0000000719800000, 0x0000000719a00000|  0%| F|  |TAMS 0x0000000719800000| PB 0x0000000719800000| Untracked 
|2018|0x00000007ffa00000, 0x00000007ffa00000, 0x00000007ffc00000|  0%| F|  |TAMS 0x00000007ffa00000| PB 0x00000007ffa00000| Untracked 
|2019|0x00000007ffc00000, 0x00000007ffe00000, 0x00000007ffe00000|100%| O|  |TAMS 0x00000007ffc00000| PB 0x00000007ffc00000| Untracked 
|2020|0x00000007ffe00000, 0x0000000800000000, 0x0000000800000000|100%| O|  |TAMS 0x00000007ffe00000| PB 0x00000007ffe00000| Untracked 

Card table byte_map: [0x000001bddc3c0000,0x000001bddcbb0000] _byte_map_base: 0x000001bdd8ba5000

Marking Bits: (CMBitMap*) 0x000001bdc1acbbe0
 Bits: [0x000001bddcbb0000, 0x000001bde0ad8000)

Polling page: 0x000001bdc1b20000

Metaspace:

Usage:
  Non-class:     78.40 MB used.
      Class:      9.91 MB used.
       Both:     88.31 MB used.

Virtual space:
  Non-class space:      128.00 MB reserved,      78.94 MB ( 62%) committed,  2 nodes.
      Class space:        1.00 GB reserved,      10.38 MB (  1%) committed,  1 nodes.
             Both:        1.12 GB reserved,      89.31 MB (  8%) committed. 

Chunk freelists:
   Non-Class:  1.00 MB
       Class:  5.53 MB
        Both:  6.53 MB

MaxMetaspaceSize: unlimited
CompressedClassSpaceSize: 1.00 GB
Initial GC threshold: 21.00 MB
Current GC threshold: 146.50 MB
CDS: off
 - commit_granule_bytes: 65536.
 - commit_granule_words: 8192.
 - virtual_space_node_default_size: 8388608.
 - enlarge_chunks_in_place: 1.
 - use_allocation_guard: 0.


Internal statistics:

num_allocs_failed_limit: 9.
num_arena_births: 938.
num_arena_deaths: 0.
num_vsnodes_births: 3.
num_vsnodes_deaths: 0.
num_space_committed: 1429.
num_space_uncommitted: 0.
num_chunks_returned_to_freelist: 9.
num_chunks_taken_from_freelist: 3321.
num_chunk_merges: 0.
num_chunk_splits: 2299.
num_chunks_enlarged: 1616.
num_inconsistent_stats: 0.

CodeHeap 'non-profiled nmethods': size=120000Kb used=7525Kb max_used=7525Kb free=112474Kb
 bounds [0x000001bdd3c30000, 0x000001bdd4390000, 0x000001bddb160000]
CodeHeap 'profiled nmethods': size=120000Kb used=15667Kb max_used=15667Kb free=104332Kb
 bounds [0x000001bdcc160000, 0x000001bdcd0b0000, 0x000001bdd3690000]
CodeHeap 'non-nmethods': size=5760Kb used=2252Kb max_used=2324Kb free=3507Kb
 bounds [0x000001bdd3690000, 0x000001bdd3900000, 0x000001bdd3c30000]
CodeCache: size=245760Kb, used=25444Kb, max_used=25516Kb, free=220313Kb
 total_blobs=9248, nmethods=8294, adapters=853, full_count=0
Compilation: enabled, stopped_count=0, restarted_count=0

Compilation events (20 events):
Event: 28.489 Thread 0x000001bde36f54b0 nmethod 10110 0x000001bdd4388410 code [0x000001bdd43885a0, 0x000001bdd4388670]
Event: 28.499 Thread 0x000001bde36f9ac0 10111       3       com.st.microxplorer.plugins.thirdparty.model.ModelPack::buildApiMatchings (38 bytes)
Event: 28.500 Thread 0x000001bde36f9ac0 nmethod 10111 0x000001bdcd0aa690 code [0x000001bdcd0aa8a0, 0x000001bdcd0aaf00]
Event: 28.504 Thread 0x000001bde36f9ac0 10112       3       com.st.microxplorer.plugins.thirdparty.model.ThirdPartyModel::keepValidSolutions (79 bytes)
Event: 28.505 Thread 0x000001bde36f9ac0 nmethod 10112 0x000001bdcd0ab110 code [0x000001bdcd0ab380, 0x000001bdcd0abf18]
Event: 28.684 Thread 0x000001bde36f9ac0 10113       1       com.st.microxplorer.plugins.thirdparty.model.ModelComponent::getDeniers (5 bytes)
Event: 28.684 Thread 0x000001bde36f9ac0 nmethod 10113 0x000001bdd4388710 code [0x000001bdd43888a0, 0x000001bdd4388970]
Event: 28.684 Thread 0x000001bde36f9ac0 10114       1       com.st.microxplorer.plugins.thirdparty.model.ModelComponent::getAppDeniers (5 bytes)
Event: 28.684 Thread 0x000001bde36f9ac0 nmethod 10114 0x000001bdd4388a10 code [0x000001bdd4388ba0, 0x000001bdd4388c70]
Event: 28.684 Thread 0x000001bde36f54b0 10115       4       java.util.HashSet::clear (8 bytes)
Event: 28.685 Thread 0x000001bde36f9ac0 10116       3       com.st.microxplorer.plugins.thirdparty.model.ModelComponent::addDenier (12 bytes)
Event: 28.685 Thread 0x000001bde36f9ac0 nmethod 10116 0x000001bdcd0ac290 code [0x000001bdcd0ac440, 0x000001bdcd0ac620]
Event: 28.685 Thread 0x000001bde36f9ac0 10118       3       com.st.microxplorer.plugins.thirdparty.db.solver.condition.EvaluatedConditionComponentItem::getAllMatchings (32 bytes)
Event: 28.685 Thread 0x000001bde36f9ac0 nmethod 10118 0x000001bdcd0ac710 code [0x000001bdcd0ac900, 0x000001bdcd0acf78]
Event: 28.685 Thread 0x000001bde36f9ac0 10117       1       com.st.microxplorer.plugins.thirdparty.model.ModelComponent::getPack (5 bytes)
Event: 28.685 Thread 0x000001bde36f9ac0 nmethod 10117 0x000001bdd4388d10 code [0x000001bdd4388ea0, 0x000001bdd4388f70]
Event: 28.685 Thread 0x000001bde36f9ac0 10119       3       com.st.microxplorer.plugins.thirdparty.db.solver.condition.RealEvaluatedCondition::getDeniedComponents (72 bytes)
Event: 28.686 Thread 0x000001bde36f9ac0 nmethod 10119 0x000001bdcd0ad190 code [0x000001bdcd0ad400, 0x000001bdcd0adff0]
Event: 28.688 Thread 0x000001bde36f54b0 nmethod 10115 0x000001bdd4389010 code [0x000001bdd43891a0, 0x000001bdd4389490]
Event: 28.688 Thread 0x000001bde36f54b0 10120       4       java.util.AbstractCollection::addAll (42 bytes)

GC Heap History (20 events):
Event: 22.973 GC heap after
{Heap after GC invocations=49 (full 0):
 garbage-first heap   total 292864K, used 126766K [0x0000000703600000, 0x0000000800000000)
  region size 2048K, 6 young (12288K), 6 survivors (12288K)
 Metaspace       used 89008K, committed 90048K, reserved 1179648K
  class space    used 10050K, committed 10496K, reserved 1048576K
}
Event: 23.211 GC heap before
{Heap before GC invocations=49 (full 0):
 garbage-first heap   total 292864K, used 261934K [0x0000000703600000, 0x0000000800000000)
  region size 2048K, 72 young (147456K), 6 survivors (12288K)
 Metaspace       used 89036K, committed 90048K, reserved 1179648K
  class space    used 10050K, committed 10496K, reserved 1048576K
}
Event: 23.216 GC heap after
{Heap after GC invocations=50 (full 0):
 garbage-first heap   total 292864K, used 123831K [0x0000000703600000, 0x0000000800000000)
  region size 2048K, 4 young (8192K), 4 survivors (8192K)
 Metaspace       used 89036K, committed 90048K, reserved 1179648K
  class space    used 10050K, committed 10496K, reserved 1048576K
}
Event: 23.431 GC heap before
{Heap before GC invocations=50 (full 0):
 garbage-first heap   total 292864K, used 267191K [0x0000000703600000, 0x0000000800000000)
  region size 2048K, 74 young (151552K), 4 survivors (8192K)
 Metaspace       used 89068K, committed 90112K, reserved 1179648K
  class space    used 10050K, committed 10496K, reserved 1048576K
}
Event: 23.434 GC heap after
{Heap after GC invocations=51 (full 0):
 garbage-first heap   total 292864K, used 125247K [0x0000000703600000, 0x0000000800000000)
  region size 2048K, 5 young (10240K), 5 survivors (10240K)
 Metaspace       used 89068K, committed 90112K, reserved 1179648K
  class space    used 10050K, committed 10496K, reserved 1048576K
}
Event: 23.609 GC heap before
{Heap before GC invocations=52 (full 0):
 garbage-first heap   total 292864K, used 264511K [0x0000000703600000, 0x0000000800000000)
  region size 2048K, 73 young (149504K), 5 survivors (10240K)
 Metaspace       used 89073K, committed 90112K, reserved 1179648K
  class space    used 10050K, committed 10496K, reserved 1048576K
}
Event: 23.612 GC heap after
{Heap after GC invocations=53 (full 0):
 garbage-first heap   total 292864K, used 125645K [0x0000000703600000, 0x0000000800000000)
  region size 2048K, 5 young (10240K), 5 survivors (10240K)
 Metaspace       used 89073K, committed 90112K, reserved 1179648K
  class space    used 10050K, committed 10496K, reserved 1048576K
}
Event: 23.786 GC heap before
{Heap before GC invocations=53 (full 0):
 garbage-first heap   total 292864K, used 264909K [0x0000000703600000, 0x0000000800000000)
  region size 2048K, 73 young (149504K), 5 survivors (10240K)
 Metaspace       used 89089K, committed 90112K, reserved 1179648K
  class space    used 10050K, committed 10496K, reserved 1048576K
}
Event: 23.813 GC heap after
{Heap after GC invocations=54 (full 0):
 garbage-first heap   total 370688K, used 126174K [0x0000000703600000, 0x0000000800000000)
  region size 2048K, 6 young (12288K), 6 survivors (12288K)
 Metaspace       used 89089K, committed 90112K, reserved 1179648K
  class space    used 10050K, committed 10496K, reserved 1048576K
}
Event: 23.916 GC heap before
{Heap before GC invocations=54 (full 0):
 garbage-first heap   total 370688K, used 335070K [0x0000000703600000, 0x0000000800000000)
  region size 2048K, 108 young (221184K), 6 survivors (12288K)
 Metaspace       used 89090K, committed 90112K, reserved 1179648K
  class space    used 10050K, committed 10496K, reserved 1048576K
}
Event: 23.921 GC heap after
{Heap after GC invocations=55 (full 0):
 garbage-first heap   total 370688K, used 126270K [0x0000000703600000, 0x0000000800000000)
  region size 2048K, 6 young (12288K), 6 survivors (12288K)
 Metaspace       used 89090K, committed 90112K, reserved 1179648K
  class space    used 10050K, committed 10496K, reserved 1048576K
}
Event: 24.078 GC heap before
{Heap before GC invocations=56 (full 0):
 garbage-first heap   total 370688K, used 335166K [0x0000000703600000, 0x0000000800000000)
  region size 2048K, 108 young (221184K), 6 survivors (12288K)
 Metaspace       used 89090K, committed 90112K, reserved 1179648K
  class space    used 10050K, committed 10496K, reserved 1048576K
}
Event: 24.082 GC heap after
{Heap after GC invocations=57 (full 0):
 garbage-first heap   total 370688K, used 128095K [0x0000000703600000, 0x0000000800000000)
  region size 2048K, 7 young (14336K), 7 survivors (14336K)
 Metaspace       used 89090K, committed 90112K, reserved 1179648K
  class space    used 10050K, committed 10496K, reserved 1048576K
}
Event: 24.287 GC heap before
{Heap before GC invocations=57 (full 0):
 garbage-first heap   total 370688K, used 332895K [0x0000000703600000, 0x0000000800000000)
  region size 2048K, 107 young (219136K), 7 survivors (14336K)
 Metaspace       used 89103K, committed 90112K, reserved 1179648K
  class space    used 10050K, committed 10496K, reserved 1048576K
}
Event: 24.293 GC heap after
{Heap after GC invocations=58 (full 0):
 garbage-first heap   total 370688K, used 128264K [0x0000000703600000, 0x0000000800000000)
  region size 2048K, 7 young (14336K), 7 survivors (14336K)
 Metaspace       used 89103K, committed 90112K, reserved 1179648K
  class space    used 10050K, committed 10496K, reserved 1048576K
}
Event: 24.462 GC heap before
{Heap before GC invocations=58 (full 0):
 garbage-first heap   total 370688K, used 335112K [0x0000000703600000, 0x0000000800000000)
  region size 2048K, 108 young (221184K), 7 survivors (14336K)
 Metaspace       used 89119K, committed 90112K, reserved 1179648K
  class space    used 10050K, committed 10496K, reserved 1048576K
}
Event: 24.468 GC heap after
{Heap after GC invocations=59 (full 0):
 garbage-first heap   total 370688K, used 129243K [0x0000000703600000, 0x0000000800000000)
  region size 2048K, 8 young (16384K), 8 survivors (16384K)
 Metaspace       used 89119K, committed 90112K, reserved 1179648K
  class space    used 10050K, committed 10496K, reserved 1048576K
}
Event: 24.938 GC heap before
{Heap before GC invocations=60 (full 0):
 garbage-first heap   total 370688K, used 331995K [0x0000000703600000, 0x0000000800000000)
  region size 2048K, 107 young (219136K), 8 survivors (16384K)
 Metaspace       used 89693K, committed 90752K, reserved 1179648K
  class space    used 10089K, committed 10560K, reserved 1048576K
}
Event: 24.945 GC heap after
{Heap after GC invocations=61 (full 0):
 garbage-first heap   total 370688K, used 131659K [0x0000000703600000, 0x0000000800000000)
  region size 2048K, 9 young (18432K), 9 survivors (18432K)
 Metaspace       used 89693K, committed 90752K, reserved 1179648K
  class space    used 10089K, committed 10560K, reserved 1048576K
}
Event: 28.689 GC heap before
{Heap before GC invocations=61 (full 0):
 garbage-first heap   total 370688K, used 330315K [0x0000000703600000, 0x0000000800000000)
  region size 2048K, 106 young (217088K), 9 survivors (18432K)
 Metaspace       used 90425K, committed 91456K, reserved 1179648K
  class space    used 10148K, committed 10624K, reserved 1048576K
}

Dll operation events (19 events):
Event: 0.009 Loaded shared library D:\Program Files\STMicroelectronics\STM32Cube\STM32CubeMX\jre\bin\java.dll
Event: 0.063 Loaded shared library D:\Program Files\STMicroelectronics\STM32Cube\STM32CubeMX\jre\bin\jsvml.dll
Event: 0.126 Loaded shared library D:\Program Files\STMicroelectronics\STM32Cube\STM32CubeMX\jre\bin\net.dll
Event: 0.130 Loaded shared library D:\Program Files\STMicroelectronics\STM32Cube\STM32CubeMX\jre\bin\nio.dll
Event: 0.169 Loaded shared library D:\Program Files\STMicroelectronics\STM32Cube\STM32CubeMX\jre\bin\zip.dll
Event: 0.207 Loaded shared library D:\Program Files\STMicroelectronics\STM32Cube\STM32CubeMX\jre\bin\jimage.dll
Event: 0.387 Loaded shared library D:\Program Files\STMicroelectronics\STM32Cube\STM32CubeMX\jre\bin\management.dll
Event: 0.396 Loaded shared library D:\Program Files\STMicroelectronics\STM32Cube\STM32CubeMX\jre\bin\management_ext.dll
Event: 0.989 Loaded shared library D:\Program Files\STMicroelectronics\STM32Cube\STM32CubeMX\jre\bin\awt.dll
Event: 1.282 Loaded shared library D:\Program Files\STMicroelectronics\STM32Cube\STM32CubeMX\jre\bin\freetype.dll
Event: 1.284 Loaded shared library D:\Program Files\STMicroelectronics\STM32Cube\STM32CubeMX\jre\bin\fontmanager.dll
Event: 1.440 Loaded shared library D:\Program Files\STMicroelectronics\STM32Cube\STM32CubeMX\jre\bin\verify.dll
Event: 1.564 Loaded shared library D:\Program Files\STMicroelectronics\STM32Cube\STM32CubeMX\jre\bin\prefs.dll
Event: 1.693 Loaded shared library C:\Users\84007\AppData\Local\Temp\jna-53313979\jna7773486446510577265.dll
Event: 10.538 Loaded shared library D:\Program Files\STMicroelectronics\STM32Cube\STM32CubeMX\jre\bin\sunmscapi.dll
Event: 10.871 Loaded shared library D:\Program Files\STMicroelectronics\STM32Cube\STM32CubeMX\jre\bin\extnet.dll
Event: 12.961 Loaded shared library D:\Program Files\STMicroelectronics\STM32Cube\STM32CubeMX\jre\bin\javajpeg.dll
Event: 14.841 Loaded shared library C:\Users\84007\.stm32cubemx\.jxbrowser-8.11.0\Chromium\toolkit64.dll
Event: 16.646 Loaded shared library C:\Users\84007\.stm32cubemx\.jxbrowser-8.11.0\Chromium\ipc64.dll

Deoptimization events (20 events):
Event: 26.095 Thread 0x000001bde887c440 Uncommon trap: trap_request=0xffffffde fr.pc=0x000001bdd42fb028 relative=0x0000000000000bc8
Event: 26.095 Thread 0x000001bde887c440 Uncommon trap: reason=class_check action=maybe_recompile pc=0x000001bdd42fb028 method=com.st.microxplorer.plugins.thirdparty.db.solver.condition.EvaluatedConditionComponentItem.hasSolutions(Ljava/util/Set;)Z @ 22 c2
Event: 26.096 Thread 0x000001bde887c440 DEOPT PACKING pc=0x000001bdd42fb028 sp=0x00000061289fe930
Event: 26.096 Thread 0x000001bde887c440 DEOPT UNPACKING pc=0x000001bdd36e7da2 sp=0x00000061289fe8e8 mode 2
Event: 26.096 Thread 0x000001bde887c440 Uncommon trap: trap_request=0xffffffde fr.pc=0x000001bdd42fb028 relative=0x0000000000000bc8
Event: 26.096 Thread 0x000001bde887c440 Uncommon trap: reason=class_check action=maybe_recompile pc=0x000001bdd42fb028 method=com.st.microxplorer.plugins.thirdparty.db.solver.condition.EvaluatedConditionComponentItem.hasSolutions(Ljava/util/Set;)Z @ 22 c2
Event: 26.096 Thread 0x000001bde887c440 DEOPT PACKING pc=0x000001bdd42fb028 sp=0x00000061289fe930
Event: 26.096 Thread 0x000001bde887c440 DEOPT UNPACKING pc=0x000001bdd36e7da2 sp=0x00000061289fe8e8 mode 2
Event: 26.096 Thread 0x000001bde887c440 Uncommon trap: trap_request=0xffffffde fr.pc=0x000001bdd42fb028 relative=0x0000000000000bc8
Event: 26.096 Thread 0x000001bde887c440 Uncommon trap: reason=class_check action=maybe_recompile pc=0x000001bdd42fb028 method=com.st.microxplorer.plugins.thirdparty.db.solver.condition.EvaluatedConditionComponentItem.hasSolutions(Ljava/util/Set;)Z @ 22 c2
Event: 26.096 Thread 0x000001bde887c440 DEOPT PACKING pc=0x000001bdd42fb028 sp=0x00000061289fe930
Event: 26.096 Thread 0x000001bde887c440 DEOPT UNPACKING pc=0x000001bdd36e7da2 sp=0x00000061289fe8e8 mode 2
Event: 26.097 Thread 0x000001bde887c440 Uncommon trap: trap_request=0xffffff45 fr.pc=0x000001bdd42f8788 relative=0x0000000000000be8
Event: 26.097 Thread 0x000001bde887c440 Uncommon trap: reason=unstable_if action=reinterpret pc=0x000001bdd42f8788 method=com.st.microxplorer.plugins.thirdparty.db.solver.condition.EvaluatedConditionComponentItem.getDependencyStatusFromInternalsOrExternals()Lcom/st/microxplorer/plugins/thirdpar
Event: 26.097 Thread 0x000001bde887c440 DEOPT PACKING pc=0x000001bdd42f8788 sp=0x00000061289fea20
Event: 26.097 Thread 0x000001bde887c440 DEOPT UNPACKING pc=0x000001bdd36e7da2 sp=0x00000061289fe990 mode 2
Event: 26.097 Thread 0x000001bde887c440 Uncommon trap: trap_request=0xffffff45 fr.pc=0x000001bdd42f6edc relative=0x0000000000000afc
Event: 26.097 Thread 0x000001bde887c440 Uncommon trap: reason=unstable_if action=reinterpret pc=0x000001bdd42f6edc method=com.st.microxplorer.plugins.thirdparty.db.solver.condition.EvaluatedConditionComponentItem.getDependencyStatusFromInternalsOrExternals()Lcom/st/microxplorer/plugins/thirdpar
Event: 26.097 Thread 0x000001bde887c440 DEOPT PACKING pc=0x000001bdd42f6edc sp=0x00000061289fe9b0
Event: 26.098 Thread 0x000001bde887c440 DEOPT UNPACKING pc=0x000001bdd36e7da2 sp=0x00000061289fe990 mode 2

Classes loaded (20 events):
Event: 20.814 Loading class javax/swing/Autoscroller
Event: 20.814 Loading class javax/swing/Autoscroller done
Event: 20.817 Loading class java/awt/KeyboardFocusManager$3
Event: 20.817 Loading class java/awt/KeyboardFocusManager$3 done
Event: 20.820 Loading class sun/awt/im/CompositionAreaHandler
Event: 20.821 Loading class sun/awt/im/CompositionAreaHandler done
Event: 20.821 Loading class java/text/AttributedString
Event: 20.822 Loading class java/text/AttributedString done
Event: 20.822 Loading class java/text/AttributedString$AttributedStringIterator
Event: 20.822 Loading class java/text/AttributedCharacterIterator
Event: 20.822 Loading class java/text/AttributedCharacterIterator done
Event: 20.822 Loading class java/text/AttributedString$AttributedStringIterator done
Event: 20.824 Loading class java/awt/TextComponent
Event: 20.825 Loading class java/awt/TextComponent done
Event: 24.620 Loading class java/util/regex/Pattern$Bound
Event: 24.620 Loading class java/util/regex/Pattern$Bound done
Event: 24.620 Loading class java/util/regex/Pattern$Neg
Event: 24.621 Loading class java/util/regex/Pattern$Neg done
Event: 24.763 Loading class jdk/internal/math/FloatingDecimal$HexFloatPattern
Event: 24.763 Loading class jdk/internal/math/FloatingDecimal$HexFloatPattern done

Classes unloaded (0 events):
No events

Classes redefined (0 events):
No events

Internal exceptions (20 events):
Event: 25.650 Thread 0x000001bde887c440 Exception <a 'java/io/IOException'{0x00000007101c4c60}> (0x00000007101c4c60) 
thrown [s\src\hotspot\share\prims\jni.cpp, line 520]
Event: 25.650 Thread 0x000001bde887c440 Exception <a 'java/io/IOException'{0x00000007101c5220}> (0x00000007101c5220) 
thrown [s\src\hotspot\share\prims\jni.cpp, line 520]
Event: 25.650 Thread 0x000001bde887c440 Exception <a 'java/io/IOException'{0x00000007101c6808}> (0x00000007101c6808) 
thrown [s\src\hotspot\share\prims\jni.cpp, line 520]
Event: 25.650 Thread 0x000001bde887c440 Exception <a 'java/io/IOException'{0x00000007101c6dc8}> (0x00000007101c6dc8) 
thrown [s\src\hotspot\share\prims\jni.cpp, line 520]
Event: 25.650 Thread 0x000001bde887c440 Exception <a 'java/io/IOException'{0x00000007101c82f8}> (0x00000007101c82f8) 
thrown [s\src\hotspot\share\prims\jni.cpp, line 520]
Event: 25.650 Thread 0x000001bde887c440 Exception <a 'java/io/IOException'{0x00000007101c88b8}> (0x00000007101c88b8) 
thrown [s\src\hotspot\share\prims\jni.cpp, line 520]
Event: 25.650 Thread 0x000001bde887c440 Exception <a 'java/io/IOException'{0x00000007101c9de8}> (0x00000007101c9de8) 
thrown [s\src\hotspot\share\prims\jni.cpp, line 520]
Event: 25.650 Thread 0x000001bde887c440 Exception <a 'java/io/IOException'{0x00000007101ca3a8}> (0x00000007101ca3a8) 
thrown [s\src\hotspot\share\prims\jni.cpp, line 520]
Event: 25.651 Thread 0x000001bde887c440 Exception <a 'java/io/IOException'{0x00000007101cb8d8}> (0x00000007101cb8d8) 
thrown [s\src\hotspot\share\prims\jni.cpp, line 520]
Event: 25.651 Thread 0x000001bde887c440 Exception <a 'java/io/IOException'{0x00000007101cbe98}> (0x00000007101cbe98) 
thrown [s\src\hotspot\share\prims\jni.cpp, line 520]
Event: 25.651 Thread 0x000001bde887c440 Exception <a 'java/io/IOException'{0x00000007101cd3c8}> (0x00000007101cd3c8) 
thrown [s\src\hotspot\share\prims\jni.cpp, line 520]
Event: 25.651 Thread 0x000001bde887c440 Exception <a 'java/io/IOException'{0x00000007101cd988}> (0x00000007101cd988) 
thrown [s\src\hotspot\share\prims\jni.cpp, line 520]
Event: 25.651 Thread 0x000001bde887c440 Exception <a 'java/io/IOException'{0x00000007101ceeb8}> (0x00000007101ceeb8) 
thrown [s\src\hotspot\share\prims\jni.cpp, line 520]
Event: 25.651 Thread 0x000001bde887c440 Exception <a 'java/io/IOException'{0x00000007101cf478}> (0x00000007101cf478) 
thrown [s\src\hotspot\share\prims\jni.cpp, line 520]
Event: 25.651 Thread 0x000001bde887c440 Exception <a 'java/io/IOException'{0x00000007101d0860}> (0x00000007101d0860) 
thrown [s\src\hotspot\share\prims\jni.cpp, line 520]
Event: 25.651 Thread 0x000001bde887c440 Exception <a 'java/io/IOException'{0x00000007101d0e20}> (0x00000007101d0e20) 
thrown [s\src\hotspot\share\prims\jni.cpp, line 520]
Event: 26.095 Thread 0x000001bde887c440 Exception <a 'java/io/IOException'{0x000000070e9df590}> (0x000000070e9df590) 
thrown [s\src\hotspot\share\prims\jni.cpp, line 520]
Event: 26.095 Thread 0x000001bde887c440 Exception <a 'java/io/IOException'{0x000000070e9dfb50}> (0x000000070e9dfb50) 
thrown [s\src\hotspot\share\prims\jni.cpp, line 520]
Event: 28.683 Thread 0x000001bde887c440 Exception <a 'java/io/IOException'{0x000000070da84948}> (0x000000070da84948) 
thrown [s\src\hotspot\share\prims\jni.cpp, line 520]
Event: 28.683 Thread 0x000001bde887c440 Exception <a 'java/io/IOException'{0x000000070da84f08}> (0x000000070da84f08) 
thrown [s\src\hotspot\share\prims\jni.cpp, line 520]

ZGC Phase Switch (0 events):
No events

VM Operations (20 events):
Event: 24.468 Executing VM operation: G1CollectForAllocation (G1 Evacuation Pause) done
Event: 24.531 Executing VM operation: G1PauseRemark
Event: 24.537 Executing VM operation: G1PauseRemark done
Event: 24.557 Executing VM operation: G1PauseCleanup
Event: 24.558 Executing VM operation: G1PauseCleanup done
Event: 24.593 Executing VM operation: HandshakeAllThreads (Deoptimize)
Event: 24.594 Executing VM operation: HandshakeAllThreads (Deoptimize) done
Event: 24.601 Executing VM operation: HandshakeAllThreads (Deoptimize)
Event: 24.601 Executing VM operation: HandshakeAllThreads (Deoptimize) done
Event: 24.937 Executing VM operation: G1CollectForAllocation (G1 Evacuation Pause)
Event: 24.945 Executing VM operation: G1CollectForAllocation (G1 Evacuation Pause) done
Event: 25.828 Executing VM operation: ICBufferFull
Event: 25.828 Executing VM operation: ICBufferFull done
Event: 25.931 Executing VM operation: HandshakeAllThreads (Deoptimize)
Event: 25.931 Executing VM operation: HandshakeAllThreads (Deoptimize) done
Event: 26.932 Executing VM operation: Cleanup
Event: 26.932 Executing VM operation: Cleanup done
Event: 27.937 Executing VM operation: Cleanup
Event: 27.937 Executing VM operation: Cleanup done
Event: 28.689 Executing VM operation: G1CollectForAllocation (G1 Evacuation Pause)

Memory protections (0 events):
No events

Nmethod flushes (20 events):
Event: 24.537 Thread 0x000001bde35fd860 flushing  nmethod 0x000001bdcce9d290
Event: 24.537 Thread 0x000001bde35fd860 flushing  nmethod 0x000001bdccf48a90
Event: 24.537 Thread 0x000001bde35fd860 flushing  nmethod 0x000001bdcc5f3e90
Event: 24.537 Thread 0x000001bde35fd860 flushing  nmethod 0x000001bdcc4c2490
Event: 24.537 Thread 0x000001bde35fd860 flushing  nmethod 0x000001bdcce60e90
Event: 24.537 Thread 0x000001bde35fd860 flushing  nmethod 0x000001bdcce65a10
Event: 24.537 Thread 0x000001bde35fd860 flushing  nmethod 0x000001bdcce66090
Event: 24.537 Thread 0x000001bde35fd860 flushing  nmethod 0x000001bdccec0290
Event: 24.537 Thread 0x000001bde35fd860 flushing  nmethod 0x000001bdccecbe10
Event: 24.537 Thread 0x000001bde35fd860 flushing  nmethod 0x000001bdcce3e290
Event: 24.537 Thread 0x000001bde35fd860 flushing  nmethod 0x000001bdcce41110
Event: 24.537 Thread 0x000001bde35fd860 flushing  nmethod 0x000001bdcce41610
Event: 24.537 Thread 0x000001bde35fd860 flushing  nmethod 0x000001bdcce41b10
Event: 24.537 Thread 0x000001bde35fd860 flushing  nmethod 0x000001bdcce42910
Event: 24.537 Thread 0x000001bde35fd860 flushing  nmethod 0x000001bdcce43010
Event: 24.537 Thread 0x000001bde35fd860 flushing  nmethod 0x000001bdcce43c10
Event: 24.537 Thread 0x000001bde35fd860 flushing  nmethod 0x000001bdcce44110
Event: 24.537 Thread 0x000001bde35fd860 flushing  nmethod 0x000001bdccea1e10
Event: 24.537 Thread 0x000001bde35fd860 flushing  nmethod 0x000001bdcceba790
Event: 24.537 Thread 0x000001bde35fd860 flushing  nmethod 0x000001bdccebac90

Events (20 events):
Event: 24.526 Thread 0x000001bde887c440 Thread added: 0x000001bde8cc9d40
Event: 24.530 Thread 0x000001bde8cc9d40 Thread exited: 0x000001bde8cc9d40
Event: 24.530 Thread 0x000001bde887c440 Thread added: 0x000001bde8cc9d40
Event: 24.530 Thread 0x000001bde8cc9d40 Thread exited: 0x000001bde8cc9d40
Event: 24.530 Thread 0x000001bde887c440 Thread added: 0x000001bde8cc9d40
Event: 24.531 Thread 0x000001bde8cc9d40 Thread exited: 0x000001bde8cc9d40
Event: 24.531 Thread 0x000001bde887c440 Thread added: 0x000001bde8cc8300
Event: 24.531 Thread 0x000001bde8cc8300 Thread exited: 0x000001bde8cc8300
Event: 24.531 Thread 0x000001bde887c440 Thread added: 0x000001bde8cc9d40
Event: 24.540 Thread 0x000001bde8cc9d40 Thread exited: 0x000001bde8cc9d40
Event: 24.541 Thread 0x000001bde887c440 Thread added: 0x000001bde8cc8300
Event: 24.545 Thread 0x000001bde8cc8300 Thread exited: 0x000001bde8cc8300
Event: 24.552 Thread 0x000001bde887c440 Thread added: 0x000001bde8cc6f50
Event: 24.553 Thread 0x000001bde887c440 Thread added: 0x000001bde8cc9d40
Event: 24.553 Thread 0x000001bde8cc6f50 Thread exited: 0x000001bde8cc6f50
Event: 24.557 Thread 0x000001bde8cc9d40 Thread exited: 0x000001bde8cc9d40
Event: 24.637 Thread 0x000001bde36f9ac0 Thread added: 0x000001bde3986e30
Event: 26.564 Thread 0x000001bde3986e30 Thread exited: 0x000001bde3986e30
Event: 27.298 Thread 0x000001bde3987500 Thread exited: 0x000001bde3987500
Event: 27.921 Thread 0x000001bdebb5ead0 Thread exited: 0x000001bdebb5ead0


Dynamic libraries:
0x00007ff7ae8f0000 - 0x00007ff7ae8fe000 	D:\Program Files\STMicroelectronics\STM32Cube\STM32CubeMX\jre\bin\javaw.exe
0x00007ffc67440000 - 0x00007ffc676a7000 	C:\WINDOWS\SYSTEM32\ntdll.dll
0x00007ffc66790000 - 0x00007ffc66859000 	C:\WINDOWS\System32\KERNEL32.DLL
0x00007ffc63d20000 - 0x00007ffc64111000 	C:\WINDOWS\System32\KERNELBASE.dll
0x00007ffc60e40000 - 0x00007ffc60edf000 	C:\WINDOWS\SYSTEM32\apphelp.dll
0x00007ffc646c0000 - 0x00007ffc6480b000 	C:\WINDOWS\System32\ucrtbase.dll
0x00007ffc568d0000 - 0x00007ffc568ee000 	D:\Program Files\STMicroelectronics\STM32Cube\STM32CubeMX\jre\bin\VCRUNTIME140.dll
0x00007ffc559e0000 - 0x00007ffc559f8000 	D:\Program Files\STMicroelectronics\STM32Cube\STM32CubeMX\jre\bin\jli.dll
0x00007ffc66f50000 - 0x00007ffc67115000 	C:\WINDOWS\System32\USER32.dll
0x00007ffc65080000 - 0x00007ffc650a7000 	C:\WINDOWS\System32\win32u.dll
0x00007ffc45250000 - 0x00007ffc454e3000 	C:\WINDOWS\WinSxS\amd64_microsoft.windows.common-controls_6595b64144ccf1df_6.0.26100.8037_none_3e092faae333b53b\COMCTL32.dll
0x00007ffc65e10000 - 0x00007ffc65e3b000 	C:\WINDOWS\System32\GDI32.dll
0x00007ffc67120000 - 0x00007ffc671c9000 	C:\WINDOWS\System32\msvcrt.dll
0x00007ffc650b0000 - 0x00007ffc651db000 	C:\WINDOWS\System32\gdi32full.dll
0x00007ffc64400000 - 0x00007ffc644a3000 	C:\WINDOWS\System32\msvcp_win.dll
0x00007ffc66f10000 - 0x00007ffc66f41000 	C:\WINDOWS\System32\IMM32.DLL
0x00007ffc5b1f0000 - 0x00007ffc5b1fc000 	D:\Program Files\STMicroelectronics\STM32Cube\STM32CubeMX\jre\bin\vcruntime140_1.dll
0x00007ffc32480000 - 0x00007ffc3250d000 	D:\Program Files\STMicroelectronics\STM32Cube\STM32CubeMX\jre\bin\msvcp140.dll
0x00007ffbdbb60000 - 0x00007ffbdc8f7000 	D:\Program Files\STMicroelectronics\STM32Cube\STM32CubeMX\jre\bin\server\jvm.dll
0x00007ffc65d50000 - 0x00007ffc65e0b000 	C:\WINDOWS\System32\ADVAPI32.dll
0x00007ffc65970000 - 0x00007ffc65a17000 	C:\WINDOWS\System32\sechost.dll
0x00007ffc65260000 - 0x00007ffc65378000 	C:\WINDOWS\System32\RPCRT4.dll
0x00007ffc651e0000 - 0x00007ffc65254000 	C:\WINDOWS\System32\WS2_32.dll
0x00007ffc63b40000 - 0x00007ffc63b9e000 	C:\WINDOWS\SYSTEM32\POWRPROF.dll
0x00007ffc61bf0000 - 0x00007ffc61c25000 	C:\WINDOWS\SYSTEM32\WINMM.dll
0x00007ffc5b310000 - 0x00007ffc5b31b000 	C:\WINDOWS\SYSTEM32\VERSION.dll
0x00007ffc63b20000 - 0x00007ffc63b34000 	C:\WINDOWS\SYSTEM32\UMPDC.dll
0x00007ffc62a50000 - 0x00007ffc62a6b000 	C:\WINDOWS\SYSTEM32\kernel.appcore.dll
0x00007ffc5b1b0000 - 0x00007ffc5b1ba000 	D:\Program Files\STMicroelectronics\STM32Cube\STM32CubeMX\jre\bin\jimage.dll
0x00007ffc61910000 - 0x00007ffc61b52000 	C:\WINDOWS\SYSTEM32\DBGHELP.DLL
0x00007ffc655e0000 - 0x00007ffc65962000 	C:\WINDOWS\System32\combase.dll
0x00007ffc666b0000 - 0x00007ffc66787000 	C:\WINDOWS\System32\OLEAUT32.dll
0x00007ffc61bb0000 - 0x00007ffc61beb000 	C:\WINDOWS\SYSTEM32\dbgcore.DLL
0x00007ffc641e0000 - 0x00007ffc64285000 	C:\WINDOWS\System32\bcryptPrimitives.dll
0x00007ffc559a0000 - 0x00007ffc559bf000 	D:\Program Files\STMicroelectronics\STM32Cube\STM32CubeMX\jre\bin\java.dll
0x00007ffc65f40000 - 0x00007ffc6669f000 	C:\WINDOWS\System32\SHELL32.dll
0x00007ffc64290000 - 0x00007ffc643fa000 	C:\WINDOWS\System32\wintypes.dll
0x00007ffc64810000 - 0x00007ffc65074000 	C:\WINDOWS\System32\windows.storage.dll
0x00007ffc65470000 - 0x00007ffc65567000 	C:\WINDOWS\System32\SHCORE.dll
0x00007ffc671d0000 - 0x00007ffc67237000 	C:\WINDOWS\System32\shlwapi.dll
0x00007ffc63c00000 - 0x00007ffc63c29000 	C:\WINDOWS\SYSTEM32\profapi.dll
0x00007ffc322a0000 - 0x00007ffc32377000 	D:\Program Files\STMicroelectronics\STM32Cube\STM32CubeMX\jre\bin\jsvml.dll
0x00007ffc568c0000 - 0x00007ffc568d0000 	D:\Program Files\STMicroelectronics\STM32Cube\STM32CubeMX\jre\bin\net.dll
0x00007ffc5d180000 - 0x00007ffc5d2a7000 	C:\WINDOWS\SYSTEM32\WINHTTP.dll
0x00007ffc62fe0000 - 0x00007ffc6304b000 	C:\WINDOWS\system32\mswsock.dll
0x00007ffc55980000 - 0x00007ffc55996000 	D:\Program Files\STMicroelectronics\STM32Cube\STM32CubeMX\jre\bin\nio.dll
0x00007ffc48d70000 - 0x00007ffc48d88000 	D:\Program Files\STMicroelectronics\STM32Cube\STM32CubeMX\jre\bin\zip.dll
0x00007ffc56760000 - 0x00007ffc5676a000 	D:\Program Files\STMicroelectronics\STM32Cube\STM32CubeMX\jre\bin\management.dll
0x00007ffc4e960000 - 0x00007ffc4e96b000 	D:\Program Files\STMicroelectronics\STM32Cube\STM32CubeMX\jre\bin\management_ext.dll
0x00007ffc655d0000 - 0x00007ffc655d8000 	C:\WINDOWS\System32\PSAPI.DLL
0x00007ffc35db0000 - 0x00007ffc35dc8000 	C:\WINDOWS\system32\napinsp.dll
0x00007ffc62520000 - 0x00007ffc6264a000 	C:\WINDOWS\SYSTEM32\DNSAPI.dll
0x00007ffc62480000 - 0x00007ffc624b3000 	C:\WINDOWS\SYSTEM32\IPHLPAPI.DLL
0x00007ffc655c0000 - 0x00007ffc655ca000 	C:\WINDOWS\System32\NSI.dll
0x00007ffc35cc0000 - 0x00007ffc35cd2000 	C:\WINDOWS\System32\winrnr.dll
0x00007ffc35c90000 - 0x00007ffc35cb2000 	C:\WINDOWS\system32\nlansp_c.dll
0x00007ffc51920000 - 0x00007ffc51936000 	C:\WINDOWS\system32\wshbth.dll
0x00007ffc5b320000 - 0x00007ffc5b32b000 	C:\Windows\System32\rasadhlp.dll
0x00007ffc5dbf0000 - 0x00007ffc5dc76000 	C:\WINDOWS\System32\fwpuclnt.dll
0x00007ffc32110000 - 0x00007ffc3229e000 	D:\Program Files\STMicroelectronics\STM32Cube\STM32CubeMX\jre\bin\awt.dll
0x00007ffc632c0000 - 0x00007ffc632db000 	C:\WINDOWS\SYSTEM32\CRYPTSP.dll
0x00007ffc629b0000 - 0x00007ffc629e9000 	C:\WINDOWS\system32\rsaenh.dll
0x00007ffc63090000 - 0x00007ffc630c2000 	C:\WINDOWS\SYSTEM32\USERENV.dll
0x00007ffc63bd0000 - 0x00007ffc63bfa000 	C:\WINDOWS\SYSTEM32\bcrypt.dll
0x00007ffc632e0000 - 0x00007ffc632ec000 	C:\WINDOWS\SYSTEM32\CRYPTBASE.dll
0x00007ffc610b0000 - 0x00007ffc6115a000 	C:\WINDOWS\system32\uxtheme.dll
0x00007ffc66db0000 - 0x00007ffc66f0d000 	C:\WINDOWS\System32\MSCTF.dll
0x00007ffc67260000 - 0x00007ffc673f5000 	C:\WINDOWS\System32\ole32.dll
0x00007ffc61350000 - 0x00007ffc6137e000 	C:\WINDOWS\system32\DWMAPI.DLL
0x00007ffc4e830000 - 0x00007ffc4e93e000 	C:\WINDOWS\system32\opengl32.dll
0x00007ffc54600000 - 0x00007ffc5462d000 	C:\WINDOWS\SYSTEM32\GLU32.dll
0x00007ffc61190000 - 0x00007ffc611d3000 	C:\WINDOWS\SYSTEM32\dxcore.dll
0x00007ffc32080000 - 0x00007ffc32107000 	D:\Program Files\STMicroelectronics\STM32Cube\STM32CubeMX\jre\bin\freetype.dll
0x00007ffc30180000 - 0x00007ffc3026b000 	D:\Program Files\STMicroelectronics\STM32Cube\STM32CubeMX\jre\bin\fontmanager.dll
0x00007ffc5faa0000 - 0x00007ffc5faae000 	C:\WINDOWS\SYSTEM32\WINNSI.DLL
0x00007ffc43bb0000 - 0x00007ffc43bc0000 	D:\Program Files\STMicroelectronics\STM32Cube\STM32CubeMX\jre\bin\verify.dll
0x00007ffc3e5b0000 - 0x00007ffc3e5b9000 	D:\Program Files\STMicroelectronics\STM32Cube\STM32CubeMX\jre\bin\prefs.dll
0x00007ffc38cc0000 - 0x00007ffc38d01000 	C:\Users\84007\AppData\Local\Temp\jna-53313979\jna7773486446510577265.dll
0x00007ffc3e500000 - 0x00007ffc3e50e000 	D:\Program Files\STMicroelectronics\STM32Cube\STM32CubeMX\jre\bin\sunmscapi.dll
0x00007ffc64540000 - 0x00007ffc646b7000 	C:\WINDOWS\System32\CRYPT32.dll
0x00007ffc634e0000 - 0x00007ffc63510000 	C:\WINDOWS\SYSTEM32\ncrypt.dll
0x00007ffc63490000 - 0x00007ffc634cf000 	C:\WINDOWS\SYSTEM32\NTASN1.dll
0x00007ffc633f0000 - 0x00007ffc63403000 	C:\WINDOWS\SYSTEM32\MSASN1.dll
0x00007ffc638d0000 - 0x00007ffc638da000 	C:\WINDOWS\SYSTEM32\DPAPI.dll
0x00007ffc63050000 - 0x00007ffc63080000 	C:\WINDOWS\SYSTEM32\gpapi.dll
0x00007ffc3e4f0000 - 0x00007ffc3e4f9000 	D:\Program Files\STMicroelectronics\STM32Cube\STM32CubeMX\jre\bin\extnet.dll
0x00007ffc38c90000 - 0x00007ffc38cbe000 	D:\Program Files\STMicroelectronics\STM32Cube\STM32CubeMX\jre\bin\javajpeg.dll
0x00007ffc65a30000 - 0x00007ffc65ade000 	C:\WINDOWS\System32\clbcatq.dll
0x00007ffc5f060000 - 0x00007ffc5f28d000 	C:\WINDOWS\SYSTEM32\WindowsCodecs.dll
0x00007ffc38820000 - 0x00007ffc3887a000 	C:\WINDOWS\system32\dataexchange.dll
0x00007ffc54680000 - 0x00007ffc548c4000 	C:\WINDOWS\system32\twinapi.appcore.dll
0x00007ffc38330000 - 0x00007ffc38478000 	C:\WINDOWS\SYSTEM32\textinputframework.dll
0x00007ffc2acc0000 - 0x00007ffc2adb9000 	C:\Users\84007\.stm32cubemx\.jxbrowser-8.11.0\Chromium\toolkit64.dll
0x00007ffc28670000 - 0x00007ffc28760000 	C:\Users\84007\.stm32cubemx\.jxbrowser-8.11.0\Chromium\ipc64.dll

JVMTI agents: none

dbghelp: loaded successfully - version: 4.0.5 - missing functions: none
symbol engine: initialized successfully - sym options: 0x614 - pdb path: .;D:\Program Files\STMicroelectronics\STM32Cube\STM32CubeMX\jre\bin;C:\WINDOWS\SYSTEM32;C:\WINDOWS\WinSxS\amd64_microsoft.windows.common-controls_6595b64144ccf1df_6.0.26100.8037_none_3e092faae333b53b;D:\Program Files\STMicroelectronics\STM32Cube\STM32CubeMX\jre\bin\server;C:\Users\84007\AppData\Local\Temp\jna-53313979;C:\Users\84007\.stm32cubemx\.jxbrowser-8.11.0\Chromium

VM Arguments:
jvm_args: -Djavax.net.ssl.trustStoreType=WINDOWS-ROOT -Dsun.java2d.d3d=false --add-exports=java.desktop/sun.awt=ALL-UNNAMED --add-opens=java.desktop/java.awt=ALL-UNNAMED -Dfile.encoding=UTF8 
java_command: com.st.microxplorer.maingui.STM32CubeMX D:\keil5\bootloader\BootLoaderTest\Boot_App _Bin_FreeRtos\Boot1.ioc
java_class_path (initial): D:\Program Files\STMicroelectronics\STM32Cube\STM32CubeMX\STM32CubeMX.exe;anything
Launcher Type: SUN_STANDARD

[Global flags]
     intx CICompilerCount                          = 4                                         {product} {ergonomic}
     uint ConcGCThreads                            = 2                                         {product} {ergonomic}
     uint G1ConcRefinementThreads                  = 8                                         {product} {ergonomic}
   size_t G1HeapRegionSize                         = 2097152                                   {product} {ergonomic}
    uintx GCDrainStackTargetSize                   = 64                                        {product} {ergonomic}
   size_t InitialHeapSize                          = 266338304                                 {product} {ergonomic}
   size_t MarkStackSize                            = 4194304                                   {product} {ergonomic}
   size_t MaxHeapSize                              = 4238344192                                {product} {ergonomic}
   size_t MaxNewSize                               = 2541748224                                {product} {ergonomic}
   size_t MinHeapDeltaBytes                        = 2097152                                   {product} {ergonomic}
   size_t MinHeapSize                              = 8388608                                   {product} {ergonomic}
    uintx NonNMethodCodeHeapSize                   = 5839372                                {pd product} {ergonomic}
    uintx NonProfiledCodeHeapSize                  = 122909434                              {pd product} {ergonomic}
    uintx ProfiledCodeHeapSize                     = 122909434                              {pd product} {ergonomic}
    uintx ReservedCodeCacheSize                    = 251658240                              {pd product} {ergonomic}
     bool SegmentedCodeCache                       = true                                      {product} {ergonomic}
   size_t SoftMaxHeapSize                          = 4238344192                             {manageable} {ergonomic}
     bool UseCompressedOops                        = true                           {product lp64_product} {ergonomic}
     bool UseG1GC                                  = true                                      {product} {ergonomic}
     bool UseLargePagesIndividualAllocation        = false                                  {pd product} {ergonomic}

Logging:
Log output configuration:
 #0: stdout all=warning uptime,level,tags foldmultilines=false
 #1: stderr all=off uptime,level,tags foldmultilines=false

Environment Variables:
JAVA_HOME=D:\Javaweb\Java
PATH=D:\Program Files\STMicroelectronics\STM32Cube\STM32CubeMX\;C:\Users\84007\MySQL\MySQL Server 8.0\bin;D:\VMware\bin\;C:\Windows\system32;C:\Windows;C:\Windows\System32\Wbem;C:\Windows\System32\WindowsPowerShell\v1.0\;C:\Windows\System32\OpenSSH\;C:\Program Files (x86)\NVIDIA Corporation\PhysX\Common;C:\Program Files\NVIDIA Corporation\NVIDIA NvDLISR;C:\WINDOWS\system32;C:\WINDOWS;C:\WINDOWS\System32\Wbem;C:\WINDOWS\System32\WindowsPowerShell\v1.0\;C:\WINDOWS\System32\OpenSSH\;D:\Program Files (x86)\Microsoft SQL Server\100\Tools\Binn\;D:\Program Files\Microsoft SQL Server\100\Tools\Binn\;D:\Program Files\Microsoft SQL Server\100\DTS\Binn\;D:\Program Files (x86)\Microsoft SQL Server\100\Tools\Binn\VSShell\Common7\IDE\;D:\Program Files (x86)\Microsoft SQL Server\100\DTS\Binn\;C:\Program Files (x86)\Microsoft Visual Studio 9.0\Common7\IDE\PrivateAssemblies\;C:\Program Files\Microsoft SQL Server\150\Tools\Binn\;C:\Program Files\Microsoft SQL Server\Client SDK\ODBC\170\Tools\Binn\;C:\Program Files\dotnet\;D:\Javaweb\Java\bin;D:\Javaweb\Java\jre\bin;D:\Javaweb\apache-tomcat-8.5.65\bin;D:\Download\Git\cmd;D:\Download\Node\;D:\Download\Node\node.exe;D:\數呾儂\pycharm\python\Scripts\;D:\數呾儂\pycharm\python\;C:\Users\84007\AppData\Local\Microsoft\WindowsApps;C:\Program Files (x86)\Tencent\QQGameTempest\Hall.57915\;D:\IntelliJ IDEA 2021.3.3\bin;;C:\Users\84007\.dotnet\tools;D:\pycharm\PyCharm Community Edition 2023.2.1\bin;;D:\數呾儂\ズ⻌宒妗桄\Microsoft VS Code\bin;D:\Download\cursor\resources\app\bin;C:\Users\84007\AppData\Roaming\npm;C:\Users\84007\AppData\Local\GitHubDesktop\bin;D:\Program Files\STMicroelectronics\STM32Cube\STM32CubeMX\.\jre\\bin
USERNAME=84007
OS=Windows_NT
PROCESSOR_IDENTIFIER=Intel64 Family 6 Model 140 Stepping 2, GenuineIntel
TMP=C:\Users\84007\AppData\Local\Temp
TEMP=C:\Users\84007\AppData\Local\Temp




Periodic native trim disabled

---------------  S Y S T E M  ---------------

OS:
 Windows 11 , 64 bit Build 26100 (10.0.26100.7920)
OS uptime: 4 days 5:22 hours
Hyper-V role detected

CPU: total 8 (initial active 8) (4 cores per cpu, 2 threads per core) family 6 model 140 stepping 2 microcode 0x16, cx8, cmov, fxsr, ht, mmx, 3dnowpref, sse, sse2, sse3, ssse3, sse4.1, sse4.2, popcnt, lzcnt, tsc, tscinvbit, avx, avx2, aes, erms, clmul, bmi1, bmi2, adx, avx512f, avx512dq, avx512cd, avx512bw, avx512vl, sha, fma, vzeroupper, avx512_vpopcntdq, avx512_vpclmulqdq, avx512_vaes, avx512_vnni, clflush, clflushopt, clwb, avx512_vbmi2, avx512_vbmi, hv, rdtscp, rdpid, fsrm, gfni, avx512_bitalg, f16c, cet_ibt, cet_ss, avx512_ifma
Processor Information for the first 8 processors :
  Max Mhz: 2918, Current Mhz: 2918, Mhz Limit: 2918

Memory: 4k page, system-wide physical 16167M (1778M free)
TotalPageFile size 20212M (AvailPageFile size 175M)
current process WorkingSet (physical memory assigned to process): 606M, peak: 626M
current process commit charge ("private bytes"): 636M, peak: 860M

vm_info: OpenJDK 64-Bit Server VM (21.0.8+9-LTS) for windows-amd64 JRE (21.0.8+9-LTS), built on 2025-07-15T00:00:00Z by "admin" with MS VC++ 17.7 (VS2022)

END.
