#
# There is insufficient memory for the Java Runtime Environment to continue.
# Native memory allocation (malloc) failed to allocate 1277536 bytes. Error detail: Chunk::new
# Possible reasons:
#   The system is out of physical RAM or swap space
#   This process is running with CompressedOops enabled, and the Java Heap may be blocking the growth of the native heap
# Possible solutions:
#   Reduce memory load on the system
#   Increase physical memory or swap space
#   Check if swap backing store is full
#   Decrease Java heap size (-Xmx/-Xms)
#   Decrease number of Java threads
#   Decrease Java thread stack sizes (-Xss)
#   Set larger code cache with -XX:ReservedCodeCacheSize=
#   JVM is running with Zero Based Compressed Oops mode in which the Java heap is
#     placed in the first 32GB address space. The Java Heap base address is the
#     maximum limit for the native heap growth. Please use -XX:HeapBaseMinAddress
#     to set the Java Heap base and to place the Java Heap above 32GB virtual address.
# This output file may be truncated or incomplete.
#
#  Out of Memory Error (arena.cpp:168), pid=26680, tid=16640
#
# JRE version: OpenJDK Runtime Environment Temurin-21.0.8+9 (21.0.8+9) (build 21.0.8+9-LTS)
# Java VM: OpenJDK 64-Bit Server VM Temurin-21.0.8+9 (21.0.8+9-LTS, mixed mode, tiered, compressed oops, compressed class ptrs, g1 gc, windows-amd64)
# No core dump will be written. Minidumps are not enabled by default on client versions of Windows
#

---------------  S U M M A R Y ------------

Command Line: -Djavax.net.ssl.trustStoreType=WINDOWS-ROOT -Dsun.java2d.d3d=false --add-exports=java.desktop/sun.awt=ALL-UNNAMED --add-opens=java.desktop/java.awt=ALL-UNNAMED -Dfile.encoding=UTF8 com.st.microxplorer.maingui.STM32CubeMX D:\keil5\bootloader\BootLoaderTest\Boot_App _Bin_FreeRtos\Boot1.ioc

Host: 11th Gen Intel(R) Core(TM) i7-1195G7 @ 2.90GHz, 8 cores, 15G,  Windows 11 , 64 bit Build 26100 (10.0.26100.7920)
Time: Thu Mar 19 16:58:16 2026 elapsed time: 23.730902 seconds (0d 0h 0m 23s)

---------------  T H R E A D  ---------------

Current thread (0x000002a9017d7e20):  JavaThread "C2 CompilerThread1" daemon [_thread_in_native, id=16640, stack(0x000000fe18b00000,0x000000fe18c00000) (1024K)]


Current CompileTask:
C2:23730 10066       4       com.st.microxplorer.mcu.PinoutRecombination::getSignalsOrdering (658 bytes)

Stack: [0x000000fe18b00000,0x000000fe18c00000]
Native frames: (J=compiled Java code, j=interpreted, Vv=VM code, C=native code)
V  [jvm.dll+0x6d2449]
V  [jvm.dll+0x8ae341]
V  [jvm.dll+0x8b08be]
V  [jvm.dll+0x8b0fa3]
V  [jvm.dll+0x280c96]
V  [jvm.dll+0xc581d]
V  [jvm.dll+0xc5d53]
V  [jvm.dll+0x2f539d]
V  [jvm.dll+0x5fa00a]
V  [jvm.dll+0x252092]
V  [jvm.dll+0x24aa06]
V  [jvm.dll+0x2483a4]
V  [jvm.dll+0x1c89ee]
V  [jvm.dll+0x257d4d]
V  [jvm.dll+0x2562ea]
V  [jvm.dll+0x3f2d16]
V  [jvm.dll+0x857e6b]
V  [jvm.dll+0x6d0b0d]
C  [ucrtbase.dll+0x37b0]
C  [KERNEL32.DLL+0x2e8d7]
C  [ntdll.dll+0x8c48c]


---------------  P R O C E S S  ---------------

Threads class SMR info:
_java_thread_list=0x000002a902223c00, length=34, elements={
0x000002a977aedfd0, 0x000002a977a88ef0, 0x000002a977ad7f30, 0x000002a977ad8590,
0x000002a977ae2000, 0x000002a977ae2a50, 0x000002a977ae5590, 0x000002a977b0e340,
0x000002a977cb7160, 0x000002a977cbbbf0, 0x000002a97cc46900, 0x000002a97c4d34f0,
0x000002a97c4d3f60, 0x000002a97c900ab0, 0x000002a955756300, 0x000002a97c1d2100,
0x000002a97c1d06c0, 0x000002a97c1cf310, 0x000002a97f0104f0, 0x000002a97f00f140,
0x000002a97f00dd90, 0x000002a97f00e420, 0x000002a97f00eab0, 0x000002a97f00d700,
0x000002a97f011210, 0x000002a97f010b80, 0x000002a97f012c50, 0x000002a97f0118a0,
0x000002a97f00f7d0, 0x000002a97f0132e0, 0x000002a97f014000, 0x000002a97f014690,
0x000002a97f013970, 0x000002a9017d7e20
}

Java Threads: ( => current thread )
  0x000002a977aedfd0 JavaThread "Reference Handler"          daemon [_thread_blocked, id=8312, stack(0x000000fe17300000,0x000000fe17400000) (1024K)]
  0x000002a977a88ef0 JavaThread "Finalizer"                  daemon [_thread_blocked, id=19328, stack(0x000000fe17400000,0x000000fe17500000) (1024K)]
  0x000002a977ad7f30 JavaThread "Signal Dispatcher"          daemon [_thread_blocked, id=17684, stack(0x000000fe17500000,0x000000fe17600000) (1024K)]
  0x000002a977ad8590 JavaThread "Attach Listener"            daemon [_thread_blocked, id=26404, stack(0x000000fe17600000,0x000000fe17700000) (1024K)]
  0x000002a977ae2000 JavaThread "Service Thread"             daemon [_thread_blocked, id=28292, stack(0x000000fe17700000,0x000000fe17800000) (1024K)]
  0x000002a977ae2a50 JavaThread "Monitor Deflation Thread"   daemon [_thread_blocked, id=16876, stack(0x000000fe17800000,0x000000fe17900000) (1024K)]
  0x000002a977ae5590 JavaThread "C2 CompilerThread0"         daemon [_thread_in_native, id=26156, stack(0x000000fe17900000,0x000000fe17a00000) (1024K)]
  0x000002a977b0e340 JavaThread "C1 CompilerThread0"         daemon [_thread_blocked, id=7944, stack(0x000000fe17a00000,0x000000fe17b00000) (1024K)]
  0x000002a977cb7160 JavaThread "Common-Cleaner"             daemon [_thread_blocked, id=22472, stack(0x000000fe17b00000,0x000000fe17c00000) (1024K)]
  0x000002a977cbbbf0 JavaThread "Notification Thread"        daemon [_thread_blocked, id=25640, stack(0x000000fe17c00000,0x000000fe17d00000) (1024K)]
  0x000002a97cc46900 JavaThread "Java2D Disposer"            daemon [_thread_blocked, id=16448, stack(0x000000fe18700000,0x000000fe18800000) (1024K)]
  0x000002a97c4d34f0 JavaThread "AWT-Shutdown"                      [_thread_blocked, id=26412, stack(0x000000fe18800000,0x000000fe18900000) (1024K)]
  0x000002a97c4d3f60 JavaThread "AWT-Windows"                daemon [_thread_in_native, id=2308, stack(0x000000fe18900000,0x000000fe18a00000) (1024K)]
  0x000002a97c900ab0 JavaThread "AWT-EventQueue-0"                  [_thread_blocked, id=19036, stack(0x000000fe18a00000,0x000000fe18b00000) (1024K)]
  0x000002a955756300 JavaThread "DestroyJavaVM"                     [_thread_blocked, id=21440, stack(0x000000fe16b00000,0x000000fe16c00000) (1024K)]
  0x000002a97c1d2100 JavaThread "TimerQueue"                 daemon [_thread_blocked, id=10124, stack(0x000000fe19100000,0x000000fe19200000) (1024K)]
  0x000002a97c1d06c0 JavaThread "Keep-Alive-Timer"           daemon [_thread_blocked, id=26076, stack(0x000000fe17d00000,0x000000fe17e00000) (1024K)]
  0x000002a97c1cf310 JavaThread "IPC Server Thread"          daemon [_thread_in_native, id=18956, stack(0x000000fe19800000,0x000000fe19900000) (1024K)]
  0x000002a97f0104f0 JavaThread "Chromium Process Thread"           [_thread_in_native, id=2500, stack(0x000000fe19900000,0x000000fe19a00000) (1024K)]
  0x000002a97f00f140 JavaThread "Chromium Process Logger"    daemon [_thread_in_native, id=2648, stack(0x000000fe19a00000,0x000000fe19b00000) (1024K)]
  0x000002a97f00dd90 JavaThread "IPC Memory Reader Thread"          [_thread_in_native, id=27520, stack(0x000000fe19c00000,0x000000fe19d00000) (1024K)]
  0x000002a97f00e420 JavaThread "Browser Thread: e70c05f3-1dd3-42fb-a187-72ab3707f6af" daemon [_thread_blocked, id=19764, stack(0x000000fe19d00000,0x000000fe19e00000) (1024K)]
  0x000002a97f00eab0 JavaThread "Socket Connection Checker: e70c05f3-1dd3-42fb-a187-72ab3707f6af"        [_thread_in_native, id=11172, stack(0x000000fe17e00000,0x000000fe17f00000) (1024K)]
  0x000002a97f00d700 JavaThread "Network Thread: 0830958d-fb9b-4a74-b270-41a0fbd42633" daemon [_thread_blocked, id=28584, stack(0x000000fe1a000000,0x000000fe1a100000) (1024K)]
  0x000002a97f011210 JavaThread "Socket Connection Checker: 0830958d-fb9b-4a74-b270-41a0fbd42633"        [_thread_in_native, id=21048, stack(0x000000fe1a100000,0x000000fe1a200000) (1024K)]
  0x000002a97f010b80 JavaThread "IPC Memory Reader Thread"          [_thread_in_native, id=27580, stack(0x000000fe19f00000,0x000000fe1a000000) (1024K)]
  0x000002a97f012c50 JavaThread "GPU Thread: 56f98499-5dbd-48f9-97bd-ddc913c03a30" daemon [_thread_blocked, id=15656, stack(0x000000fe1a300000,0x000000fe1a400000) (1024K)]
  0x000002a97f0118a0 JavaThread "IPC Memory Reader Thread"          [_thread_in_native, id=8636, stack(0x000000fe1a200000,0x000000fe1a300000) (1024K)]
  0x000002a97f00f7d0 JavaThread "Socket Connection Checker: 56f98499-5dbd-48f9-97bd-ddc913c03a30"        [_thread_in_native, id=3260, stack(0x000000fe1a400000,0x000000fe1a500000) (1024K)]
  0x000002a97f0132e0 JavaThread "SwingWorker-pool-3-thread-1" daemon [_thread_in_native, id=11936, stack(0x000000fe1a500000,0x000000fe1a600000) (1024K)]
  0x000002a97f014000 JavaThread "Render Thread: e6a1351c-95b0-4d90-836a-e52dcf320956" daemon [_thread_blocked, id=7784, stack(0x000000fe1a900000,0x000000fe1aa00000) (1024K)]
  0x000002a97f014690 JavaThread "IPC Memory Reader Thread"          [_thread_in_native, id=5408, stack(0x000000fe19600000,0x000000fe19700000) (1024K)]
  0x000002a97f013970 JavaThread "Socket Connection Checker: e6a1351c-95b0-4d90-836a-e52dcf320956"        [_thread_in_native, id=22632, stack(0x000000fe1aa00000,0x000000fe1ab00000) (1024K)]
=>0x000002a9017d7e20 JavaThread "C2 CompilerThread1"         daemon [_thread_in_native, id=16640, stack(0x000000fe18b00000,0x000000fe18c00000) (1024K)]
Total: 34

Other Threads:
  0x000002a975150900 VMThread "VM Thread"                           [id=13496, stack(0x000000fe17200000,0x000000fe17300000) (1024K)]
  0x000002a97513c580 WatcherThread "VM Periodic Task Thread"        [id=24232, stack(0x000000fe17100000,0x000000fe17200000) (1024K)]
  0x000002a955d2bb60 WorkerThread "GC Thread#0"                     [id=22184, stack(0x000000fe16c00000,0x000000fe16d00000) (1024K)]
  0x000002a97c2fb810 WorkerThread "GC Thread#1"                     [id=8480, stack(0x000000fe17f00000,0x000000fe18000000) (1024K)]
  0x000002a97c2fbbb0 WorkerThread "GC Thread#2"                     [id=4588, stack(0x000000fe18000000,0x000000fe18100000) (1024K)]
  0x000002a97c649940 WorkerThread "GC Thread#3"                     [id=21532, stack(0x000000fe18100000,0x000000fe18200000) (1024K)]
  0x000002a97cb69390 WorkerThread "GC Thread#4"                     [id=22144, stack(0x000000fe18200000,0x000000fe18300000) (1024K)]
  0x000002a97cb69730 WorkerThread "GC Thread#5"                     [id=25176, stack(0x000000fe18300000,0x000000fe18400000) (1024K)]
  0x000002a97cf3cca0 WorkerThread "GC Thread#6"                     [id=18776, stack(0x000000fe18400000,0x000000fe18500000) (1024K)]
  0x000002a97cf3d040 WorkerThread "GC Thread#7"                     [id=20096, stack(0x000000fe18500000,0x000000fe18600000) (1024K)]
  0x000002a955d7d7b0 ConcurrentGCThread "G1 Main Marker"            [id=2828, stack(0x000000fe16d00000,0x000000fe16e00000) (1024K)]
  0x000002a955d7e2b0 WorkerThread "G1 Conc#0"                       [id=7696, stack(0x000000fe16e00000,0x000000fe16f00000) (1024K)]
  0x000002a97cea1260 WorkerThread "G1 Conc#1"                       [id=25984, stack(0x000000fe18600000,0x000000fe18700000) (1024K)]
  0x000002a97500f8a0 ConcurrentGCThread "G1 Refine#0"               [id=10776, stack(0x000000fe16f00000,0x000000fe17000000) (1024K)]
  0x000002a9750112c0 ConcurrentGCThread "G1 Service"                [id=1572, stack(0x000000fe17000000,0x000000fe17100000) (1024K)]
Total: 15

Threads with active compile tasks:
C2 CompilerThread0  23748 10073       4       com.st.microxplorer.mcu.PinoutRecombination::<init> (506 bytes)
C2 CompilerThread1  23748 10066       4       com.st.microxplorer.mcu.PinoutRecombination::getSignalsOrdering (658 bytes)
Total: 2

VM state: not at safepoint (normal execution)

VM Mutex/Monitor currently owned by a thread: None

Heap address: 0x0000000703600000, size: 4042 MB, Compressed Oops mode: Zero based, Oop shift amount: 3

CDS archive(s) not mapped
Compressed class space mapped at: 0x0000000800000000-0x0000000840000000, reserved size: 1073741824
Narrow klass base: 0x0000000800000000, Narrow klass shift: 0, Narrow klass range: 0x40000000

GC Precious Log:
 CardTable entry size: 512
 Card Set container configuration: InlinePtr #cards 4 size 8 Array Of Cards #cards 16 size 48 Howl #buckets 8 coarsen threshold 3686 Howl Bitmap #cards 512 size 80 coarsen threshold 460 Card regions per heap region 1 cards per card region 4096
 CPUs: 8 total, 8 available
 Memory: 16167M
 Large Page Support: Disabled
 NUMA Support: Disabled
 Compressed Oops: Enabled (Zero based)
 Heap Region Size: 2M
 Heap Min Capacity: 8M
 Heap Initial Capacity: 254M
 Heap Max Capacity: 4042M
 Pre-touch: Disabled
 Parallel Workers: 8
 Concurrent Workers: 2
 Concurrent Refinement Workers: 8
 Periodic GC: Disabled

Heap:
 garbage-first heap   total 399360K, used 196428K [0x0000000703600000, 0x0000000800000000)
  region size 2048K, 18 young (36864K), 1 survivors (2048K)
 Metaspace       used 89437K, committed 90496K, reserved 1179648K
  class space    used 9972K, committed 10496K, reserved 1048576K

Heap Regions: E=young(eden), S=young(survivor), O=old, HS=humongous(starts), HC=humongous(continues), CS=collection set, F=free, TAMS=top-at-mark-start, PB=parsable bottom
|   0|0x0000000703600000, 0x0000000703800000, 0x0000000703800000|100%|HS|  |TAMS 0x0000000703600000| PB 0x0000000703600000| Complete 
|   1|0x0000000703800000, 0x0000000703a00000, 0x0000000703a00000|100%|HC|  |TAMS 0x0000000703800000| PB 0x0000000703800000| Complete 
|   2|0x0000000703a00000, 0x0000000703c00000, 0x0000000703c00000|100%|HC|  |TAMS 0x0000000703a00000| PB 0x0000000703a00000| Complete 
|   3|0x0000000703c00000, 0x0000000703e00000, 0x0000000703e00000|100%| O|  |TAMS 0x0000000703c00000| PB 0x0000000703c00000| Untracked 
|   4|0x0000000703e00000, 0x0000000704000000, 0x0000000704000000|100%| O|  |TAMS 0x0000000703e00000| PB 0x0000000703e00000| Untracked 
|   5|0x0000000704000000, 0x0000000704200000, 0x0000000704200000|100%| O|  |TAMS 0x0000000704000000| PB 0x0000000704000000| Untracked 
|   6|0x0000000704200000, 0x0000000704400000, 0x0000000704400000|100%| O|  |TAMS 0x0000000704200000| PB 0x0000000704200000| Untracked 
|   7|0x0000000704400000, 0x0000000704600000, 0x0000000704600000|100%| O|  |TAMS 0x0000000704400000| PB 0x0000000704400000| Untracked 
|   8|0x0000000704600000, 0x0000000704800000, 0x0000000704800000|100%| O|  |TAMS 0x0000000704600000| PB 0x0000000704600000| Untracked 
|   9|0x0000000704800000, 0x0000000704a00000, 0x0000000704a00000|100%| O|  |TAMS 0x0000000704800000| PB 0x0000000704800000| Untracked 
|  10|0x0000000704a00000, 0x0000000704c00000, 0x0000000704c00000|100%| O|  |TAMS 0x0000000704a00000| PB 0x0000000704a00000| Untracked 
|  11|0x0000000704c00000, 0x0000000704e00000, 0x0000000704e00000|100%| O|Cm|TAMS 0x0000000704c00000| PB 0x0000000704c00000| Complete 
|  12|0x0000000704e00000, 0x0000000705000000, 0x0000000705000000|100%| O|  |TAMS 0x0000000704e00000| PB 0x0000000704e00000| Untracked 
|  13|0x0000000705000000, 0x0000000705200000, 0x0000000705200000|100%| O|  |TAMS 0x0000000705000000| PB 0x0000000705000000| Untracked 
|  14|0x0000000705200000, 0x0000000705400000, 0x0000000705400000|100%| O|  |TAMS 0x0000000705200000| PB 0x0000000705200000| Untracked 
|  15|0x0000000705400000, 0x0000000705600000, 0x0000000705600000|100%| O|  |TAMS 0x0000000705400000| PB 0x0000000705400000| Untracked 
|  16|0x0000000705600000, 0x0000000705800000, 0x0000000705800000|100%|HS|  |TAMS 0x0000000705600000| PB 0x0000000705600000| Complete 
|  17|0x0000000705800000, 0x0000000705a00000, 0x0000000705a00000|100%| O|  |TAMS 0x0000000705800000| PB 0x0000000705800000| Untracked 
|  18|0x0000000705a00000, 0x0000000705c00000, 0x0000000705c00000|100%| O|  |TAMS 0x0000000705a00000| PB 0x0000000705a00000| Untracked 
|  19|0x0000000705c00000, 0x0000000705e00000, 0x0000000705e00000|100%|HS|  |TAMS 0x0000000705c00000| PB 0x0000000705c00000| Complete 
|  20|0x0000000705e00000, 0x0000000706000000, 0x0000000706000000|100%|HS|  |TAMS 0x0000000705e00000| PB 0x0000000705e00000| Complete 
|  21|0x0000000706000000, 0x0000000706200000, 0x0000000706200000|100%|HC|  |TAMS 0x0000000706000000| PB 0x0000000706000000| Complete 
|  22|0x0000000706200000, 0x0000000706400000, 0x0000000706400000|100%|HS|  |TAMS 0x0000000706200000| PB 0x0000000706200000| Complete 
|  23|0x0000000706400000, 0x0000000706600000, 0x0000000706600000|100%|HC|  |TAMS 0x0000000706400000| PB 0x0000000706400000| Complete 
|  24|0x0000000706600000, 0x0000000706800000, 0x0000000706800000|100%| O|  |TAMS 0x0000000706600000| PB 0x0000000706600000| Untracked 
|  25|0x0000000706800000, 0x0000000706a00000, 0x0000000706a00000|100%|HS|  |TAMS 0x0000000706800000| PB 0x0000000706800000| Complete 
|  26|0x0000000706a00000, 0x0000000706c00000, 0x0000000706c00000|100%|HC|  |TAMS 0x0000000706a00000| PB 0x0000000706a00000| Complete 
|  27|0x0000000706c00000, 0x0000000706e00000, 0x0000000706e00000|100%|HS|  |TAMS 0x0000000706c00000| PB 0x0000000706c00000| Complete 
|  28|0x0000000706e00000, 0x0000000707000000, 0x0000000707000000|100%|HC|  |TAMS 0x0000000706e00000| PB 0x0000000706e00000| Complete 
|  29|0x0000000707000000, 0x0000000707200000, 0x0000000707200000|100%|HS|  |TAMS 0x0000000707000000| PB 0x0000000707000000| Complete 
|  30|0x0000000707200000, 0x0000000707400000, 0x0000000707400000|100%|HC|  |TAMS 0x0000000707200000| PB 0x0000000707200000| Complete 
|  31|0x0000000707400000, 0x0000000707600000, 0x0000000707600000|100%|HS|  |TAMS 0x0000000707400000| PB 0x0000000707400000| Complete 
|  32|0x0000000707600000, 0x0000000707800000, 0x0000000707800000|100%|HC|  |TAMS 0x0000000707600000| PB 0x0000000707600000| Complete 
|  33|0x0000000707800000, 0x0000000707a00000, 0x0000000707a00000|100%|HS|  |TAMS 0x0000000707800000| PB 0x0000000707800000| Complete 
|  34|0x0000000707a00000, 0x0000000707c00000, 0x0000000707c00000|100%|HC|  |TAMS 0x0000000707a00000| PB 0x0000000707a00000| Complete 
|  35|0x0000000707c00000, 0x0000000707e00000, 0x0000000707e00000|100%|HS|  |TAMS 0x0000000707c00000| PB 0x0000000707c00000| Complete 
|  36|0x0000000707e00000, 0x0000000708000000, 0x0000000708000000|100%|HC|  |TAMS 0x0000000707e00000| PB 0x0000000707e00000| Complete 
|  37|0x0000000708000000, 0x0000000708200000, 0x0000000708200000|100%|HS|  |TAMS 0x0000000708000000| PB 0x0000000708000000| Complete 
|  38|0x0000000708200000, 0x0000000708400000, 0x0000000708400000|100%|HC|  |TAMS 0x0000000708200000| PB 0x0000000708200000| Complete 
|  39|0x0000000708400000, 0x0000000708600000, 0x0000000708600000|100%| O|  |TAMS 0x0000000708400000| PB 0x0000000708400000| Untracked 
|  40|0x0000000708600000, 0x0000000708800000, 0x0000000708800000|100%|HS|  |TAMS 0x0000000708600000| PB 0x0000000708600000| Complete 
|  41|0x0000000708800000, 0x0000000708a00000, 0x0000000708a00000|100%|HC|  |TAMS 0x0000000708800000| PB 0x0000000708800000| Complete 
|  42|0x0000000708a00000, 0x0000000708c00000, 0x0000000708c00000|100%| O|  |TAMS 0x0000000708a00000| PB 0x0000000708a00000| Untracked 
|  43|0x0000000708c00000, 0x0000000708e00000, 0x0000000708e00000|100%| O|  |TAMS 0x0000000708c00000| PB 0x0000000708c00000| Untracked 
|  44|0x0000000708e00000, 0x0000000709000000, 0x0000000709000000|100%| O|Cm|TAMS 0x0000000708e00000| PB 0x0000000708e00000| Complete 
|  45|0x0000000709000000, 0x0000000709200000, 0x0000000709200000|100%| O|  |TAMS 0x0000000709000000| PB 0x0000000709000000| Untracked 
|  46|0x0000000709200000, 0x0000000709400000, 0x0000000709400000|100%|HS|  |TAMS 0x0000000709200000| PB 0x0000000709200000| Complete 
|  47|0x0000000709400000, 0x0000000709600000, 0x0000000709600000|100%|HC|  |TAMS 0x0000000709400000| PB 0x0000000709400000| Complete 
|  48|0x0000000709600000, 0x0000000709800000, 0x0000000709800000|100%| O|  |TAMS 0x0000000709600000| PB 0x0000000709600000| Untracked 
|  49|0x0000000709800000, 0x0000000709a00000, 0x0000000709a00000|100%| O|  |TAMS 0x0000000709800000| PB 0x0000000709800000| Untracked 
|  50|0x0000000709a00000, 0x0000000709c00000, 0x0000000709c00000|100%| O|  |TAMS 0x0000000709a00000| PB 0x0000000709a00000| Untracked 
|  51|0x0000000709c00000, 0x0000000709e00000, 0x0000000709e00000|100%| O|  |TAMS 0x0000000709c00000| PB 0x0000000709c00000| Untracked 
|  52|0x0000000709e00000, 0x000000070a000000, 0x000000070a000000|100%| O|  |TAMS 0x0000000709e00000| PB 0x0000000709e00000| Untracked 
|  53|0x000000070a000000, 0x000000070a200000, 0x000000070a200000|100%| O|  |TAMS 0x000000070a000000| PB 0x000000070a000000| Untracked 
|  54|0x000000070a200000, 0x000000070a400000, 0x000000070a400000|100%| O|  |TAMS 0x000000070a200000| PB 0x000000070a200000| Untracked 
|  55|0x000000070a400000, 0x000000070a600000, 0x000000070a600000|100%| O|  |TAMS 0x000000070a400000| PB 0x000000070a400000| Untracked 
|  56|0x000000070a600000, 0x000000070a800000, 0x000000070a800000|100%| O|  |TAMS 0x000000070a600000| PB 0x000000070a600000| Untracked 
|  57|0x000000070a800000, 0x000000070aa00000, 0x000000070aa00000|100%| O|  |TAMS 0x000000070a800000| PB 0x000000070a800000| Untracked 
|  58|0x000000070aa00000, 0x000000070ac00000, 0x000000070ac00000|100%| O|  |TAMS 0x000000070aa00000| PB 0x000000070aa00000| Untracked 
|  59|0x000000070ac00000, 0x000000070ac00000, 0x000000070ae00000|  0%| F|  |TAMS 0x000000070ac00000| PB 0x000000070ac00000| Untracked 
|  60|0x000000070ae00000, 0x000000070ae00000, 0x000000070b000000|  0%| F|  |TAMS 0x000000070ae00000| PB 0x000000070ae00000| Untracked 
|  61|0x000000070b000000, 0x000000070b000000, 0x000000070b200000|  0%| F|  |TAMS 0x000000070b000000| PB 0x000000070b000000| Untracked 
|  62|0x000000070b200000, 0x000000070b200000, 0x000000070b400000|  0%| F|  |TAMS 0x000000070b200000| PB 0x000000070b200000| Untracked 
|  63|0x000000070b400000, 0x000000070b400000, 0x000000070b600000|  0%| F|  |TAMS 0x000000070b400000| PB 0x000000070b400000| Untracked 
|  64|0x000000070b600000, 0x000000070b600000, 0x000000070b800000|  0%| F|  |TAMS 0x000000070b600000| PB 0x000000070b600000| Untracked 
|  65|0x000000070b800000, 0x000000070b800000, 0x000000070ba00000|  0%| F|  |TAMS 0x000000070b800000| PB 0x000000070b800000| Untracked 
|  66|0x000000070ba00000, 0x000000070ba00000, 0x000000070bc00000|  0%| F|  |TAMS 0x000000070ba00000| PB 0x000000070ba00000| Untracked 
|  67|0x000000070bc00000, 0x000000070bc00000, 0x000000070be00000|  0%| F|  |TAMS 0x000000070bc00000| PB 0x000000070bc00000| Untracked 
|  68|0x000000070be00000, 0x000000070be00000, 0x000000070c000000|  0%| F|  |TAMS 0x000000070be00000| PB 0x000000070be00000| Untracked 
|  69|0x000000070c000000, 0x000000070c000000, 0x000000070c200000|  0%| F|  |TAMS 0x000000070c000000| PB 0x000000070c000000| Untracked 
|  70|0x000000070c200000, 0x000000070c200000, 0x000000070c400000|  0%| F|  |TAMS 0x000000070c200000| PB 0x000000070c200000| Untracked 
|  71|0x000000070c400000, 0x000000070c400000, 0x000000070c600000|  0%| F|  |TAMS 0x000000070c400000| PB 0x000000070c400000| Untracked 
|  72|0x000000070c600000, 0x000000070c800000, 0x000000070c800000|100%| O|  |TAMS 0x000000070c600000| PB 0x000000070c600000| Untracked 
|  73|0x000000070c800000, 0x000000070ca00000, 0x000000070ca00000|100%| O|  |TAMS 0x000000070c800000| PB 0x000000070c800000| Untracked 
|  74|0x000000070ca00000, 0x000000070cc00000, 0x000000070cc00000|100%| O|  |TAMS 0x000000070ca00000| PB 0x000000070ca00000| Untracked 
|  75|0x000000070cc00000, 0x000000070ce00000, 0x000000070ce00000|100%| O|  |TAMS 0x000000070cc00000| PB 0x000000070cc00000| Untracked 
|  76|0x000000070ce00000, 0x000000070ce00000, 0x000000070d000000|  0%| F|  |TAMS 0x000000070ce00000| PB 0x000000070ce00000| Untracked 
|  77|0x000000070d000000, 0x000000070d200000, 0x000000070d200000|100%| O|  |TAMS 0x000000070d000000| PB 0x000000070d000000| Untracked 
|  78|0x000000070d200000, 0x000000070d400000, 0x000000070d400000|100%| O|  |TAMS 0x000000070d200000| PB 0x000000070d200000| Untracked 
|  79|0x000000070d400000, 0x000000070d600000, 0x000000070d600000|100%| O|  |TAMS 0x000000070d400000| PB 0x000000070d400000| Untracked 
|  80|0x000000070d600000, 0x000000070d600000, 0x000000070d800000|  0%| F|  |TAMS 0x000000070d600000| PB 0x000000070d600000| Untracked 
|  81|0x000000070d800000, 0x000000070da00000, 0x000000070da00000|100%| O|  |TAMS 0x000000070d800000| PB 0x000000070d800000| Untracked 
|  82|0x000000070da00000, 0x000000070dc00000, 0x000000070dc00000|100%| O|  |TAMS 0x000000070da00000| PB 0x000000070da00000| Untracked 
|  83|0x000000070dc00000, 0x000000070de00000, 0x000000070de00000|100%| O|  |TAMS 0x000000070dc00000| PB 0x000000070dc00000| Untracked 
|  84|0x000000070de00000, 0x000000070e000000, 0x000000070e000000|100%| O|  |TAMS 0x000000070de00000| PB 0x000000070de00000| Untracked 
|  85|0x000000070e000000, 0x000000070e200000, 0x000000070e200000|100%| O|  |TAMS 0x000000070e000000| PB 0x000000070e000000| Untracked 
|  86|0x000000070e200000, 0x000000070e400000, 0x000000070e400000|100%| O|  |TAMS 0x000000070e200000| PB 0x000000070e200000| Untracked 
|  87|0x000000070e400000, 0x000000070e507960, 0x000000070e600000| 51%| O|  |TAMS 0x000000070e400000| PB 0x000000070e400000| Untracked 
|  88|0x000000070e600000, 0x000000070e6cb818, 0x000000070e800000| 39%| S|CS|TAMS 0x000000070e600000| PB 0x000000070e600000| Complete 
|  89|0x000000070e800000, 0x000000070e800000, 0x000000070ea00000|  0%| F|  |TAMS 0x000000070e800000| PB 0x000000070e800000| Untracked 
|  90|0x000000070ea00000, 0x000000070ea00000, 0x000000070ec00000|  0%| F|  |TAMS 0x000000070ea00000| PB 0x000000070ea00000| Untracked 
|  91|0x000000070ec00000, 0x000000070ec00000, 0x000000070ee00000|  0%| F|  |TAMS 0x000000070ec00000| PB 0x000000070ec00000| Untracked 
|  92|0x000000070ee00000, 0x000000070ee00000, 0x000000070f000000|  0%| F|  |TAMS 0x000000070ee00000| PB 0x000000070ee00000| Untracked 
|  93|0x000000070f000000, 0x000000070f000000, 0x000000070f200000|  0%| F|  |TAMS 0x000000070f000000| PB 0x000000070f000000| Untracked 
|  94|0x000000070f200000, 0x000000070f200000, 0x000000070f400000|  0%| F|  |TAMS 0x000000070f200000| PB 0x000000070f200000| Untracked 
|  95|0x000000070f400000, 0x000000070f400000, 0x000000070f600000|  0%| F|  |TAMS 0x000000070f400000| PB 0x000000070f400000| Untracked 
|  96|0x000000070f600000, 0x000000070f600000, 0x000000070f800000|  0%| F|  |TAMS 0x000000070f600000| PB 0x000000070f600000| Untracked 
|  97|0x000000070f800000, 0x000000070f800000, 0x000000070fa00000|  0%| F|  |TAMS 0x000000070f800000| PB 0x000000070f800000| Untracked 
|  98|0x000000070fa00000, 0x000000070fa00000, 0x000000070fc00000|  0%| F|  |TAMS 0x000000070fa00000| PB 0x000000070fa00000| Untracked 
|  99|0x000000070fc00000, 0x000000070fc00000, 0x000000070fe00000|  0%| F|  |TAMS 0x000000070fc00000| PB 0x000000070fc00000| Untracked 
| 100|0x000000070fe00000, 0x000000070fe00000, 0x0000000710000000|  0%| F|  |TAMS 0x000000070fe00000| PB 0x000000070fe00000| Untracked 
| 101|0x0000000710000000, 0x0000000710000000, 0x0000000710200000|  0%| F|  |TAMS 0x0000000710000000| PB 0x0000000710000000| Untracked 
| 102|0x0000000710200000, 0x0000000710200000, 0x0000000710400000|  0%| F|  |TAMS 0x0000000710200000| PB 0x0000000710200000| Untracked 
| 103|0x0000000710400000, 0x0000000710400000, 0x0000000710600000|  0%| F|  |TAMS 0x0000000710400000| PB 0x0000000710400000| Untracked 
| 104|0x0000000710600000, 0x0000000710600000, 0x0000000710800000|  0%| F|  |TAMS 0x0000000710600000| PB 0x0000000710600000| Untracked 
| 105|0x0000000710800000, 0x0000000710800000, 0x0000000710a00000|  0%| F|  |TAMS 0x0000000710800000| PB 0x0000000710800000| Untracked 
| 106|0x0000000710a00000, 0x0000000710a00000, 0x0000000710c00000|  0%| F|  |TAMS 0x0000000710a00000| PB 0x0000000710a00000| Untracked 
| 107|0x0000000710c00000, 0x0000000710c00000, 0x0000000710e00000|  0%| F|  |TAMS 0x0000000710c00000| PB 0x0000000710c00000| Untracked 
| 108|0x0000000710e00000, 0x0000000710e00000, 0x0000000711000000|  0%| F|  |TAMS 0x0000000710e00000| PB 0x0000000710e00000| Untracked 
| 109|0x0000000711000000, 0x0000000711000000, 0x0000000711200000|  0%| F|  |TAMS 0x0000000711000000| PB 0x0000000711000000| Untracked 
| 110|0x0000000711200000, 0x0000000711200000, 0x0000000711400000|  0%| F|  |TAMS 0x0000000711200000| PB 0x0000000711200000| Untracked 
| 111|0x0000000711400000, 0x0000000711400000, 0x0000000711600000|  0%| F|  |TAMS 0x0000000711400000| PB 0x0000000711400000| Untracked 
| 112|0x0000000711600000, 0x0000000711600000, 0x0000000711800000|  0%| F|  |TAMS 0x0000000711600000| PB 0x0000000711600000| Untracked 
| 113|0x0000000711800000, 0x0000000711800000, 0x0000000711a00000|  0%| F|  |TAMS 0x0000000711800000| PB 0x0000000711800000| Untracked 
| 114|0x0000000711a00000, 0x0000000711a00000, 0x0000000711c00000|  0%| F|  |TAMS 0x0000000711a00000| PB 0x0000000711a00000| Untracked 
| 115|0x0000000711c00000, 0x0000000711c00000, 0x0000000711e00000|  0%| F|  |TAMS 0x0000000711c00000| PB 0x0000000711c00000| Untracked 
| 116|0x0000000711e00000, 0x0000000711e00000, 0x0000000712000000|  0%| F|  |TAMS 0x0000000711e00000| PB 0x0000000711e00000| Untracked 
| 117|0x0000000712000000, 0x0000000712000000, 0x0000000712200000|  0%| F|  |TAMS 0x0000000712000000| PB 0x0000000712000000| Untracked 
| 118|0x0000000712200000, 0x0000000712200000, 0x0000000712400000|  0%| F|  |TAMS 0x0000000712200000| PB 0x0000000712200000| Untracked 
| 119|0x0000000712400000, 0x0000000712400000, 0x0000000712600000|  0%| F|  |TAMS 0x0000000712400000| PB 0x0000000712400000| Untracked 
| 120|0x0000000712600000, 0x0000000712600000, 0x0000000712800000|  0%| F|  |TAMS 0x0000000712600000| PB 0x0000000712600000| Untracked 
| 121|0x0000000712800000, 0x0000000712800000, 0x0000000712a00000|  0%| F|  |TAMS 0x0000000712800000| PB 0x0000000712800000| Untracked 
| 122|0x0000000712a00000, 0x0000000712a00000, 0x0000000712c00000|  0%| F|  |TAMS 0x0000000712a00000| PB 0x0000000712a00000| Untracked 
| 123|0x0000000712c00000, 0x0000000712c00000, 0x0000000712e00000|  0%| F|  |TAMS 0x0000000712c00000| PB 0x0000000712c00000| Untracked 
| 124|0x0000000712e00000, 0x0000000712e00000, 0x0000000713000000|  0%| F|  |TAMS 0x0000000712e00000| PB 0x0000000712e00000| Untracked 
| 125|0x0000000713000000, 0x0000000713000000, 0x0000000713200000|  0%| F|  |TAMS 0x0000000713000000| PB 0x0000000713000000| Untracked 
| 126|0x0000000713200000, 0x0000000713200000, 0x0000000713400000|  0%| F|  |TAMS 0x0000000713200000| PB 0x0000000713200000| Untracked 
| 127|0x0000000713400000, 0x0000000713400000, 0x0000000713600000|  0%| F|  |TAMS 0x0000000713400000| PB 0x0000000713400000| Untracked 
| 128|0x0000000713600000, 0x0000000713600000, 0x0000000713800000|  0%| F|  |TAMS 0x0000000713600000| PB 0x0000000713600000| Untracked 
| 129|0x0000000713800000, 0x0000000713800000, 0x0000000713a00000|  0%| F|  |TAMS 0x0000000713800000| PB 0x0000000713800000| Untracked 
| 130|0x0000000713a00000, 0x0000000713a00000, 0x0000000713c00000|  0%| F|  |TAMS 0x0000000713a00000| PB 0x0000000713a00000| Untracked 
| 131|0x0000000713c00000, 0x0000000713c00000, 0x0000000713e00000|  0%| F|  |TAMS 0x0000000713c00000| PB 0x0000000713c00000| Untracked 
| 132|0x0000000713e00000, 0x0000000713e00000, 0x0000000714000000|  0%| F|  |TAMS 0x0000000713e00000| PB 0x0000000713e00000| Untracked 
| 133|0x0000000714000000, 0x0000000714000000, 0x0000000714200000|  0%| F|  |TAMS 0x0000000714000000| PB 0x0000000714000000| Untracked 
| 134|0x0000000714200000, 0x0000000714200000, 0x0000000714400000|  0%| F|  |TAMS 0x0000000714200000| PB 0x0000000714200000| Untracked 
| 135|0x0000000714400000, 0x0000000714400000, 0x0000000714600000|  0%| F|  |TAMS 0x0000000714400000| PB 0x0000000714400000| Untracked 
| 136|0x0000000714600000, 0x0000000714600000, 0x0000000714800000|  0%| F|  |TAMS 0x0000000714600000| PB 0x0000000714600000| Untracked 
| 137|0x0000000714800000, 0x0000000714800000, 0x0000000714a00000|  0%| F|  |TAMS 0x0000000714800000| PB 0x0000000714800000| Untracked 
| 138|0x0000000714a00000, 0x0000000714a00000, 0x0000000714c00000|  0%| F|  |TAMS 0x0000000714a00000| PB 0x0000000714a00000| Untracked 
| 139|0x0000000714c00000, 0x0000000714c00000, 0x0000000714e00000|  0%| F|  |TAMS 0x0000000714c00000| PB 0x0000000714c00000| Untracked 
| 140|0x0000000714e00000, 0x0000000714e00000, 0x0000000715000000|  0%| F|  |TAMS 0x0000000714e00000| PB 0x0000000714e00000| Untracked 
| 141|0x0000000715000000, 0x0000000715000000, 0x0000000715200000|  0%| F|  |TAMS 0x0000000715000000| PB 0x0000000715000000| Untracked 
| 142|0x0000000715200000, 0x0000000715200000, 0x0000000715400000|  0%| F|  |TAMS 0x0000000715200000| PB 0x0000000715200000| Untracked 
| 143|0x0000000715400000, 0x0000000715400000, 0x0000000715600000|  0%| F|  |TAMS 0x0000000715400000| PB 0x0000000715400000| Untracked 
| 144|0x0000000715600000, 0x0000000715600000, 0x0000000715800000|  0%| F|  |TAMS 0x0000000715600000| PB 0x0000000715600000| Untracked 
| 145|0x0000000715800000, 0x0000000715800000, 0x0000000715a00000|  0%| F|  |TAMS 0x0000000715800000| PB 0x0000000715800000| Untracked 
| 146|0x0000000715a00000, 0x0000000715a00000, 0x0000000715c00000|  0%| F|  |TAMS 0x0000000715a00000| PB 0x0000000715a00000| Untracked 
| 147|0x0000000715c00000, 0x0000000715c00000, 0x0000000715e00000|  0%| F|  |TAMS 0x0000000715c00000| PB 0x0000000715c00000| Untracked 
| 148|0x0000000715e00000, 0x0000000715e00000, 0x0000000716000000|  0%| F|  |TAMS 0x0000000715e00000| PB 0x0000000715e00000| Untracked 
| 149|0x0000000716000000, 0x0000000716000000, 0x0000000716200000|  0%| F|  |TAMS 0x0000000716000000| PB 0x0000000716000000| Untracked 
| 150|0x0000000716200000, 0x0000000716200000, 0x0000000716400000|  0%| F|  |TAMS 0x0000000716200000| PB 0x0000000716200000| Untracked 
| 151|0x0000000716400000, 0x0000000716400000, 0x0000000716600000|  0%| F|  |TAMS 0x0000000716400000| PB 0x0000000716400000| Untracked 
| 152|0x0000000716600000, 0x0000000716600000, 0x0000000716800000|  0%| F|  |TAMS 0x0000000716600000| PB 0x0000000716600000| Untracked 
| 153|0x0000000716800000, 0x0000000716800000, 0x0000000716a00000|  0%| F|  |TAMS 0x0000000716800000| PB 0x0000000716800000| Untracked 
| 154|0x0000000716a00000, 0x0000000716a00000, 0x0000000716c00000|  0%| F|  |TAMS 0x0000000716a00000| PB 0x0000000716a00000| Untracked 
| 155|0x0000000716c00000, 0x0000000716c00000, 0x0000000716e00000|  0%| F|  |TAMS 0x0000000716c00000| PB 0x0000000716c00000| Untracked 
| 156|0x0000000716e00000, 0x0000000716e00000, 0x0000000717000000|  0%| F|  |TAMS 0x0000000716e00000| PB 0x0000000716e00000| Untracked 
| 157|0x0000000717000000, 0x0000000717000000, 0x0000000717200000|  0%| F|  |TAMS 0x0000000717000000| PB 0x0000000717000000| Untracked 
| 158|0x0000000717200000, 0x0000000717200000, 0x0000000717400000|  0%| F|  |TAMS 0x0000000717200000| PB 0x0000000717200000| Untracked 
| 159|0x0000000717400000, 0x0000000717400000, 0x0000000717600000|  0%| F|  |TAMS 0x0000000717400000| PB 0x0000000717400000| Untracked 
| 160|0x0000000717600000, 0x0000000717600000, 0x0000000717800000|  0%| F|  |TAMS 0x0000000717600000| PB 0x0000000717600000| Untracked 
| 161|0x0000000717800000, 0x0000000717800000, 0x0000000717a00000|  0%| F|  |TAMS 0x0000000717800000| PB 0x0000000717800000| Untracked 
| 162|0x0000000717a00000, 0x0000000717a00000, 0x0000000717c00000|  0%| F|  |TAMS 0x0000000717a00000| PB 0x0000000717a00000| Untracked 
| 163|0x0000000717c00000, 0x0000000717c00000, 0x0000000717e00000|  0%| F|  |TAMS 0x0000000717c00000| PB 0x0000000717c00000| Untracked 
| 164|0x0000000717e00000, 0x0000000717e00000, 0x0000000718000000|  0%| F|  |TAMS 0x0000000717e00000| PB 0x0000000717e00000| Untracked 
| 165|0x0000000718000000, 0x0000000718000000, 0x0000000718200000|  0%| F|  |TAMS 0x0000000718000000| PB 0x0000000718000000| Untracked 
| 166|0x0000000718200000, 0x0000000718200000, 0x0000000718400000|  0%| F|  |TAMS 0x0000000718200000| PB 0x0000000718200000| Untracked 
| 167|0x0000000718400000, 0x0000000718400000, 0x0000000718600000|  0%| F|  |TAMS 0x0000000718400000| PB 0x0000000718400000| Untracked 
| 168|0x0000000718600000, 0x0000000718600000, 0x0000000718800000|  0%| F|  |TAMS 0x0000000718600000| PB 0x0000000718600000| Untracked 
| 169|0x0000000718800000, 0x0000000718800000, 0x0000000718a00000|  0%| F|  |TAMS 0x0000000718800000| PB 0x0000000718800000| Untracked 
| 170|0x0000000718a00000, 0x0000000718a00000, 0x0000000718c00000|  0%| F|  |TAMS 0x0000000718a00000| PB 0x0000000718a00000| Untracked 
| 171|0x0000000718c00000, 0x0000000718cf5828, 0x0000000718e00000| 47%| E|  |TAMS 0x0000000718c00000| PB 0x0000000718c00000| Complete 
| 172|0x0000000718e00000, 0x0000000719000000, 0x0000000719000000|100%| E|CS|TAMS 0x0000000718e00000| PB 0x0000000718e00000| Complete 
| 173|0x0000000719000000, 0x0000000719200000, 0x0000000719200000|100%| E|CS|TAMS 0x0000000719000000| PB 0x0000000719000000| Complete 
| 174|0x0000000719200000, 0x0000000719400000, 0x0000000719400000|100%| E|CS|TAMS 0x0000000719200000| PB 0x0000000719200000| Complete 
| 175|0x0000000719400000, 0x0000000719600000, 0x0000000719600000|100%| E|CS|TAMS 0x0000000719400000| PB 0x0000000719400000| Complete 
| 176|0x0000000719600000, 0x0000000719800000, 0x0000000719800000|100%| E|CS|TAMS 0x0000000719600000| PB 0x0000000719600000| Complete 
| 177|0x0000000719800000, 0x0000000719a00000, 0x0000000719a00000|100%| E|CS|TAMS 0x0000000719800000| PB 0x0000000719800000| Complete 
| 178|0x0000000719a00000, 0x0000000719c00000, 0x0000000719c00000|100%| E|CS|TAMS 0x0000000719a00000| PB 0x0000000719a00000| Complete 
| 179|0x0000000719c00000, 0x0000000719e00000, 0x0000000719e00000|100%| E|CS|TAMS 0x0000000719c00000| PB 0x0000000719c00000| Complete 
| 180|0x0000000719e00000, 0x000000071a000000, 0x000000071a000000|100%| E|CS|TAMS 0x0000000719e00000| PB 0x0000000719e00000| Complete 
| 181|0x000000071a000000, 0x000000071a200000, 0x000000071a200000|100%| E|CS|TAMS 0x000000071a000000| PB 0x000000071a000000| Complete 
| 182|0x000000071a200000, 0x000000071a400000, 0x000000071a400000|100%| E|CS|TAMS 0x000000071a200000| PB 0x000000071a200000| Complete 
| 183|0x000000071a400000, 0x000000071a600000, 0x000000071a600000|100%| E|CS|TAMS 0x000000071a400000| PB 0x000000071a400000| Complete 
| 184|0x000000071a600000, 0x000000071a800000, 0x000000071a800000|100%| E|CS|TAMS 0x000000071a600000| PB 0x000000071a600000| Complete 
| 185|0x000000071a800000, 0x000000071aa00000, 0x000000071aa00000|100%| E|CS|TAMS 0x000000071a800000| PB 0x000000071a800000| Complete 
| 186|0x000000071aa00000, 0x000000071ac00000, 0x000000071ac00000|100%| E|CS|TAMS 0x000000071aa00000| PB 0x000000071aa00000| Complete 
| 187|0x000000071ac00000, 0x000000071ae00000, 0x000000071ae00000|100%| E|CS|TAMS 0x000000071ac00000| PB 0x000000071ac00000| Complete 
|2014|0x00000007ff200000, 0x00000007ff400000, 0x00000007ff400000|100%| O|  |TAMS 0x00000007ff200000| PB 0x00000007ff200000| Untracked 
|2015|0x00000007ff400000, 0x00000007ff600000, 0x00000007ff600000|100%| O|  |TAMS 0x00000007ff400000| PB 0x00000007ff400000| Untracked 
|2016|0x00000007ff600000, 0x00000007ff800000, 0x00000007ff800000|100%| O|  |TAMS 0x00000007ff600000| PB 0x00000007ff600000| Untracked 
|2017|0x00000007ff800000, 0x00000007ffa00000, 0x00000007ffa00000|100%| O|  |TAMS 0x00000007ff800000| PB 0x00000007ff800000| Untracked 
|2018|0x00000007ffa00000, 0x00000007ffc00000, 0x00000007ffc00000|100%| O|  |TAMS 0x00000007ffa00000| PB 0x00000007ffa00000| Untracked 
|2019|0x00000007ffc00000, 0x00000007ffe00000, 0x00000007ffe00000|100%| O|  |TAMS 0x00000007ffc00000| PB 0x00000007ffc00000| Untracked 
|2020|0x00000007ffe00000, 0x0000000800000000, 0x0000000800000000|100%| O|  |TAMS 0x00000007ffe00000| PB 0x00000007ffe00000| Untracked 

Card table byte_map: [0x000002a9707c0000,0x000002a970fb0000] _byte_map_base: 0x000002a96cfa5000

Marking Bits: (CMBitMap*) 0x000002a955d2c260
 Bits: [0x000002a970fb0000, 0x000002a974ed8000)

Polling page: 0x000002a9559c0000

Metaspace:

Usage:
  Non-class:     77.60 MB used.
      Class:      9.74 MB used.
       Both:     87.34 MB used.

Virtual space:
  Non-class space:      128.00 MB reserved,      78.12 MB ( 61%) committed,  2 nodes.
      Class space:        1.00 GB reserved,      10.25 MB (  1%) committed,  1 nodes.
             Both:        1.12 GB reserved,      88.38 MB (  8%) committed. 

Chunk freelists:
   Non-Class:  1.02 MB
       Class:  5.66 MB
        Both:  6.67 MB

MaxMetaspaceSize: unlimited
CompressedClassSpaceSize: 1.00 GB
Initial GC threshold: 21.00 MB
Current GC threshold: 146.19 MB
CDS: off
 - commit_granule_bytes: 65536.
 - commit_granule_words: 8192.
 - virtual_space_node_default_size: 8388608.
 - enlarge_chunks_in_place: 1.
 - use_allocation_guard: 0.


Internal statistics:

num_allocs_failed_limit: 9.
num_arena_births: 912.
num_arena_deaths: 0.
num_vsnodes_births: 3.
num_vsnodes_deaths: 0.
num_space_committed: 1414.
num_space_uncommitted: 0.
num_chunks_returned_to_freelist: 9.
num_chunks_taken_from_freelist: 3239.
num_chunk_merges: 0.
num_chunk_splits: 2265.
num_chunks_enlarged: 1602.
num_inconsistent_stats: 0.

CodeHeap 'non-profiled nmethods': size=120000Kb used=7134Kb max_used=7284Kb free=112866Kb
 bounds [0x000002a968030000, 0x000002a968750000, 0x000002a96f560000]
CodeHeap 'profiled nmethods': size=120000Kb used=15662Kb max_used=16158Kb free=104337Kb
 bounds [0x000002a960560000, 0x000002a961530000, 0x000002a967a90000]
CodeHeap 'non-nmethods': size=5760Kb used=2239Kb max_used=2304Kb free=3520Kb
 bounds [0x000002a967a90000, 0x000002a967d00000, 0x000002a968030000]
CodeCache: size=245760Kb, used=25035Kb, max_used=25746Kb, free=220723Kb
 total_blobs=9170, nmethods=8226, adapters=847, full_count=0
Compilation: enabled, stopped_count=0, restarted_count=0

Compilation events (20 events):
Event: 22.663 Thread 0x000002a977ae5590 10073       4       com.st.microxplorer.mcu.PinoutRecombination::<init> (506 bytes)
Event: 22.678 Thread 0x000002a977b0e340 10078       3       sun.java2d.pipe.Region::isInsideQuickCheck (57 bytes)
Event: 22.678 Thread 0x000002a977b0e340 nmethod 10078 0x000002a960a97f90 code [0x000002a960a98140, 0x000002a960a98380]
Event: 22.678 Thread 0x000002a977b0e340 10079       3       sun.awt.image.PixelConverter$Xrgb::rgbToPixel (2 bytes)
Event: 22.678 Thread 0x000002a977b0e340 nmethod 10079 0x000002a961040390 code [0x000002a961040520, 0x000002a961040630]
Event: 22.687 Thread 0x000002a977b0e340 10080       1       java.nio.DirectByteBufferR::isDirect (2 bytes)
Event: 22.687 Thread 0x000002a977b0e340 nmethod 10080 0x000002a9681e2d90 code [0x000002a9681e2f20, 0x000002a9681e2fe8]
Event: 22.718 Thread 0x000002a977b0e340 10083       3       java.util.regex.Pattern::read (33 bytes)
Event: 22.718 Thread 0x000002a977b0e340 nmethod 10083 0x000002a960954b90 code [0x000002a960954d40, 0x000002a960954fa0]
Event: 22.725 Thread 0x000002a977b0e340 10084       3       sun.nio.fs.WindowsDirectoryStream$WindowsDirectoryIterator::isSelfOrParent (24 bytes)
Event: 22.725 Thread 0x000002a977b0e340 nmethod 10084 0x000002a960946710 code [0x000002a9609468e0, 0x000002a960946ae8]
Event: 22.725 Thread 0x000002a977b0e340 10085   !   3       sun.nio.fs.WindowsNativeDispatcher::FindNextFile (30 bytes)
Event: 22.725 Thread 0x000002a977b0e340 nmethod 10085 0x000002a960d2a390 code [0x000002a960d2a560, 0x000002a960d2a758]
Event: 22.725 Thread 0x000002a977b0e340 10086  s    3       sun.nio.fs.WindowsDirectoryStream$WindowsDirectoryIterator::hasNext (35 bytes)
Event: 22.725 Thread 0x000002a977b0e340 nmethod 10086 0x000002a960c18c10 code [0x000002a960c18dc0, 0x000002a960c190f8]
Event: 22.726 Thread 0x000002a977b0e340 10087       3       sun.nio.fs.WindowsFileAttributes::fromFindData (127 bytes)
Event: 22.726 Thread 0x000002a977b0e340 nmethod 10087 0x000002a96089e510 code [0x000002a96089e720, 0x000002a96089ed40]
Event: 22.729 Thread 0x000002a977b0e340 10088   !   3       sun.nio.fs.WindowsPath::createFromNormalizedPath (65 bytes)
Event: 22.729 Thread 0x000002a977b0e340 nmethod 10088 0x000002a9606d1110 code [0x000002a9606d1340, 0x000002a9606d1b98]
Event: 22.729 Thread 0x000002a977b0e340 10094   !   3       sun.nio.fs.WindowsDirectoryStream$WindowsDirectoryIterator::readNextEntry (192 bytes)

GC Heap History (20 events):
Event: 16.342 GC heap before
{Heap before GC invocations=45 (full 0):
 garbage-first heap   total 323584K, used 290961K [0x0000000703600000, 0x0000000800000000)
  region size 2048K, 87 young (178176K), 5 survivors (10240K)
 Metaspace       used 87003K, committed 88128K, reserved 1179648K
  class space    used 9768K, committed 10304K, reserved 1048576K
}
Event: 16.348 GC heap after
{Heap after GC invocations=46 (full 0):
 garbage-first heap   total 323584K, used 125653K [0x0000000703600000, 0x0000000800000000)
  region size 2048K, 6 young (12288K), 6 survivors (12288K)
 Metaspace       used 87003K, committed 88128K, reserved 1179648K
  class space    used 9768K, committed 10304K, reserved 1048576K
}
Event: 16.631 GC heap before
{Heap before GC invocations=46 (full 0):
 garbage-first heap   total 323584K, used 291541K [0x0000000703600000, 0x0000000800000000)
  region size 2048K, 87 young (178176K), 6 survivors (12288K)
 Metaspace       used 87112K, committed 88192K, reserved 1179648K
  class space    used 9781K, committed 10304K, reserved 1048576K
}
Event: 16.637 GC heap after
{Heap after GC invocations=47 (full 0):
 garbage-first heap   total 323584K, used 124967K [0x0000000703600000, 0x0000000800000000)
  region size 2048K, 7 young (14336K), 7 survivors (14336K)
 Metaspace       used 87112K, committed 88192K, reserved 1179648K
  class space    used 9781K, committed 10304K, reserved 1048576K
}
Event: 16.944 GC heap before
{Heap before GC invocations=47 (full 0):
 garbage-first heap   total 323584K, used 288807K [0x0000000703600000, 0x0000000800000000)
  region size 2048K, 87 young (178176K), 7 survivors (14336K)
 Metaspace       used 87255K, committed 88320K, reserved 1179648K
  class space    used 9801K, committed 10304K, reserved 1048576K
}
Event: 16.950 GC heap after
{Heap after GC invocations=48 (full 0):
 garbage-first heap   total 323584K, used 126379K [0x0000000703600000, 0x0000000800000000)
  region size 2048K, 5 young (10240K), 5 survivors (10240K)
 Metaspace       used 87255K, committed 88320K, reserved 1179648K
  class space    used 9801K, committed 10304K, reserved 1048576K
}
Event: 17.274 GC heap before
{Heap before GC invocations=49 (full 0):
 garbage-first heap   total 323584K, used 294315K [0x0000000703600000, 0x0000000800000000)
  region size 2048K, 87 young (178176K), 5 survivors (10240K)
 Metaspace       used 87270K, committed 88320K, reserved 1179648K
  class space    used 9801K, committed 10304K, reserved 1048576K
}
Event: 17.279 GC heap after
{Heap after GC invocations=50 (full 0):
 garbage-first heap   total 323584K, used 128861K [0x0000000703600000, 0x0000000800000000)
  region size 2048K, 6 young (12288K), 6 survivors (12288K)
 Metaspace       used 87270K, committed 88320K, reserved 1179648K
  class space    used 9801K, committed 10304K, reserved 1048576K
}
Event: 17.570 GC heap before
{Heap before GC invocations=50 (full 0):
 garbage-first heap   total 323584K, used 292701K [0x0000000703600000, 0x0000000800000000)
  region size 2048K, 86 young (176128K), 6 survivors (12288K)
 Metaspace       used 87296K, committed 88384K, reserved 1179648K
  class space    used 9803K, committed 10304K, reserved 1048576K
}
Event: 17.578 GC heap after
{Heap after GC invocations=51 (full 0):
 garbage-first heap   total 323584K, used 128180K [0x0000000703600000, 0x0000000800000000)
  region size 2048K, 7 young (14336K), 7 survivors (14336K)
 Metaspace       used 87296K, committed 88384K, reserved 1179648K
  class space    used 9803K, committed 10304K, reserved 1048576K
}
Event: 18.024 GC heap before
{Heap before GC invocations=51 (full 0):
 garbage-first heap   total 323584K, used 289972K [0x0000000703600000, 0x0000000800000000)
  region size 2048K, 86 young (176128K), 7 survivors (14336K)
 Metaspace       used 87739K, committed 88832K, reserved 1179648K
  class space    used 9840K, committed 10368K, reserved 1048576K
}
Event: 18.031 GC heap after
{Heap after GC invocations=52 (full 0):
 garbage-first heap   total 389120K, used 129331K [0x0000000703600000, 0x0000000800000000)
  region size 2048K, 6 young (12288K), 6 survivors (12288K)
 Metaspace       used 87739K, committed 88832K, reserved 1179648K
  class space    used 9840K, committed 10368K, reserved 1048576K
}
Event: 18.728 GC heap before
{Heap before GC invocations=53 (full 0):
 garbage-first heap   total 389120K, used 350515K [0x0000000703600000, 0x0000000800000000)
  region size 2048K, 114 young (233472K), 6 survivors (12288K)
 Metaspace       used 88101K, committed 89216K, reserved 1179648K
  class space    used 9852K, committed 10368K, reserved 1048576K
}
Event: 18.734 GC heap after
{Heap after GC invocations=54 (full 0):
 garbage-first heap   total 389120K, used 133120K [0x0000000703600000, 0x0000000800000000)
  region size 2048K, 7 young (14336K), 7 survivors (14336K)
 Metaspace       used 88101K, committed 89216K, reserved 1179648K
  class space    used 9852K, committed 10368K, reserved 1048576K
}
Event: 22.348 GC heap before
{Heap before GC invocations=54 (full 0):
 garbage-first heap   total 389120K, used 352256K [0x0000000703600000, 0x0000000800000000)
  region size 2048K, 114 young (233472K), 7 survivors (14336K)
 Metaspace       used 88676K, committed 89792K, reserved 1179648K
  class space    used 9903K, committed 10432K, reserved 1048576K
}
Event: 22.430 GC heap after
{Heap after GC invocations=55 (full 0):
 garbage-first heap   total 399360K, used 160315K [0x0000000703600000, 0x0000000800000000)
  region size 2048K, 15 young (30720K), 15 survivors (30720K)
 Metaspace       used 88676K, committed 89792K, reserved 1179648K
  class space    used 9903K, committed 10432K, reserved 1048576K
}
Event: 22.516 GC heap before
{Heap before GC invocations=55 (full 0):
 garbage-first heap   total 399360K, used 344635K [0x0000000703600000, 0x0000000800000000)
  region size 2048K, 105 young (215040K), 15 survivors (30720K)
 Metaspace       used 88688K, committed 89792K, reserved 1179648K
  class space    used 9903K, committed 10432K, reserved 1048576K
}
Event: 22.530 GC heap after
{Heap after GC invocations=56 (full 0):
 garbage-first heap   total 399360K, used 166846K [0x0000000703600000, 0x0000000800000000)
  region size 2048K, 2 young (4096K), 2 survivors (4096K)
 Metaspace       used 88688K, committed 89792K, reserved 1179648K
  class space    used 9903K, committed 10432K, reserved 1048576K
}
Event: 22.650 GC heap before
{Heap before GC invocations=56 (full 0):
 garbage-first heap   total 399360K, used 365502K [0x0000000703600000, 0x0000000800000000)
  region size 2048K, 99 young (202752K), 2 survivors (4096K)
 Metaspace       used 88712K, committed 89792K, reserved 1179648K
  class space    used 9903K, committed 10432K, reserved 1048576K
}
Event: 22.651 GC heap after
{Heap after GC invocations=57 (full 0):
 garbage-first heap   total 399360K, used 163660K [0x0000000703600000, 0x0000000800000000)
  region size 2048K, 1 young (2048K), 1 survivors (2048K)
 Metaspace       used 88712K, committed 89792K, reserved 1179648K
  class space    used 9903K, committed 10432K, reserved 1048576K
}

Dll operation events (19 events):
Event: 0.009 Loaded shared library D:\Program Files\STMicroelectronics\STM32Cube\STM32CubeMX\jre\bin\java.dll
Event: 0.052 Loaded shared library D:\Program Files\STMicroelectronics\STM32Cube\STM32CubeMX\jre\bin\jsvml.dll
Event: 0.092 Loaded shared library D:\Program Files\STMicroelectronics\STM32Cube\STM32CubeMX\jre\bin\net.dll
Event: 0.094 Loaded shared library D:\Program Files\STMicroelectronics\STM32Cube\STM32CubeMX\jre\bin\nio.dll
Event: 0.120 Loaded shared library D:\Program Files\STMicroelectronics\STM32Cube\STM32CubeMX\jre\bin\zip.dll
Event: 0.147 Loaded shared library D:\Program Files\STMicroelectronics\STM32Cube\STM32CubeMX\jre\bin\jimage.dll
Event: 0.276 Loaded shared library D:\Program Files\STMicroelectronics\STM32Cube\STM32CubeMX\jre\bin\management.dll
Event: 0.283 Loaded shared library D:\Program Files\STMicroelectronics\STM32Cube\STM32CubeMX\jre\bin\management_ext.dll
Event: 0.741 Loaded shared library D:\Program Files\STMicroelectronics\STM32Cube\STM32CubeMX\jre\bin\awt.dll
Event: 0.971 Loaded shared library D:\Program Files\STMicroelectronics\STM32Cube\STM32CubeMX\jre\bin\freetype.dll
Event: 0.972 Loaded shared library D:\Program Files\STMicroelectronics\STM32Cube\STM32CubeMX\jre\bin\fontmanager.dll
Event: 1.093 Loaded shared library D:\Program Files\STMicroelectronics\STM32Cube\STM32CubeMX\jre\bin\verify.dll
Event: 1.203 Loaded shared library D:\Program Files\STMicroelectronics\STM32Cube\STM32CubeMX\jre\bin\prefs.dll
Event: 1.365 Loaded shared library C:\Users\84007\AppData\Local\Temp\jna-53313979\jna2882268950280334260.dll
Event: 9.303 Loaded shared library D:\Program Files\STMicroelectronics\STM32Cube\STM32CubeMX\jre\bin\sunmscapi.dll
Event: 9.584 Loaded shared library D:\Program Files\STMicroelectronics\STM32Cube\STM32CubeMX\jre\bin\extnet.dll
Event: 10.656 Loaded shared library D:\Program Files\STMicroelectronics\STM32Cube\STM32CubeMX\jre\bin\javajpeg.dll
Event: 13.353 Loaded shared library C:\Users\84007\.stm32cubemx\.jxbrowser-8.11.0\Chromium\toolkit64.dll
Event: 13.806 Loaded shared library C:\Users\84007\.stm32cubemx\.jxbrowser-8.11.0\Chromium\ipc64.dll

Deoptimization events (20 events):
Event: 22.717 Thread 0x000002a97f0132e0 Uncommon trap: trap_request=0xffffff3d fr.pc=0x000002a968381f0c relative=0x000000000000006c
Event: 22.717 Thread 0x000002a97f0132e0 Uncommon trap: reason=unstable_fused_if action=reinterpret pc=0x000002a968381f0c method=java.lang.CharacterDataLatin1.isDigit(I)Z @ 3 c2
Event: 22.717 Thread 0x000002a97f0132e0 DEOPT PACKING pc=0x000002a968381f0c sp=0x000000fe1a5fdf90
Event: 22.717 Thread 0x000002a97f0132e0 DEOPT UNPACKING pc=0x000002a967ae7da2 sp=0x000000fe1a5fdf18 mode 2
Event: 22.717 Thread 0x000002a97f0132e0 Uncommon trap: trap_request=0xffffffc6 fr.pc=0x000002a9685a4a60 relative=0x0000000000000960
Event: 22.717 Thread 0x000002a97f0132e0 Uncommon trap: reason=bimorphic_or_optimized_type_check action=maybe_recompile pc=0x000002a9685a4a60 method=java.util.regex.Pattern$Curly.match2(Ljava/util/regex/Matcher;IILjava/lang/CharSequence;)Z @ 55 c2
Event: 22.717 Thread 0x000002a97f0132e0 DEOPT PACKING pc=0x000002a9685a4a60 sp=0x000000fe1a5fdf90
Event: 22.717 Thread 0x000002a97f0132e0 DEOPT UNPACKING pc=0x000002a967ae7da2 sp=0x000000fe1a5fdf40 mode 2
Event: 22.717 Thread 0x000002a97f0132e0 Uncommon trap: trap_request=0xffffffc6 fr.pc=0x000002a9685a4a60 relative=0x0000000000000960
Event: 22.717 Thread 0x000002a97f0132e0 Uncommon trap: reason=bimorphic_or_optimized_type_check action=maybe_recompile pc=0x000002a9685a4a60 method=java.util.regex.Pattern$Curly.match2(Ljava/util/regex/Matcher;IILjava/lang/CharSequence;)Z @ 55 c2
Event: 22.717 Thread 0x000002a97f0132e0 DEOPT PACKING pc=0x000002a9685a4a60 sp=0x000000fe1a5fdf90
Event: 22.717 Thread 0x000002a97f0132e0 DEOPT UNPACKING pc=0x000002a967ae7da2 sp=0x000000fe1a5fdf40 mode 2
Event: 22.717 Thread 0x000002a97f0132e0 Uncommon trap: trap_request=0xffffffc6 fr.pc=0x000002a9685a4a60 relative=0x0000000000000960
Event: 22.717 Thread 0x000002a97f0132e0 Uncommon trap: reason=bimorphic_or_optimized_type_check action=maybe_recompile pc=0x000002a9685a4a60 method=java.util.regex.Pattern$Curly.match2(Ljava/util/regex/Matcher;IILjava/lang/CharSequence;)Z @ 55 c2
Event: 22.717 Thread 0x000002a97f0132e0 DEOPT PACKING pc=0x000002a9685a4a60 sp=0x000000fe1a5fdf90
Event: 22.717 Thread 0x000002a97f0132e0 DEOPT UNPACKING pc=0x000002a967ae7da2 sp=0x000000fe1a5fdf40 mode 2
Event: 22.718 Thread 0x000002a97f0132e0 Uncommon trap: trap_request=0xffffff45 fr.pc=0x000002a9680b4054 relative=0x0000000000000234
Event: 22.718 Thread 0x000002a97f0132e0 Uncommon trap: reason=unstable_if action=reinterpret pc=0x000002a9680b4054 method=java.util.regex.Pattern.RemoveQEQuoting()V @ 41 c2
Event: 22.718 Thread 0x000002a97f0132e0 DEOPT PACKING pc=0x000002a9680b4054 sp=0x000000fe1a5fe080
Event: 22.718 Thread 0x000002a97f0132e0 DEOPT UNPACKING pc=0x000002a967ae7da2 sp=0x000000fe1a5fdfe0 mode 2

Classes loaded (20 events):
Event: 14.830 Loading class java/text/AttributedString$AttributedStringIterator
Event: 14.830 Loading class java/text/AttributedCharacterIterator
Event: 14.830 Loading class java/text/AttributedCharacterIterator done
Event: 14.830 Loading class java/text/AttributedString$AttributedStringIterator done
Event: 14.844 Loading class java/awt/TextComponent
Event: 14.845 Loading class java/awt/TextComponent done
Event: 15.567 Loading class sun/security/ssl/Alert
Event: 15.567 Loading class sun/security/ssl/Alert done
Event: 15.567 Loading class sun/security/ssl/Alert$AlertConsumer
Event: 15.568 Loading class sun/security/ssl/Alert$AlertConsumer done
Event: 15.568 Loading class sun/security/ssl/Alert$Level
Event: 15.568 Loading class sun/security/ssl/Alert$Level done
Event: 17.818 Loading class java/util/regex/Pattern$Bound
Event: 17.818 Loading class java/util/regex/Pattern$Bound done
Event: 17.818 Loading class java/util/regex/Pattern$Neg
Event: 17.818 Loading class java/util/regex/Pattern$Neg done
Event: 17.986 Loading class jdk/internal/math/FloatingDecimal$HexFloatPattern
Event: 17.986 Loading class jdk/internal/math/FloatingDecimal$HexFloatPattern done
Event: 22.723 Loading class java/nio/file/Files$2
Event: 22.723 Loading class java/nio/file/Files$2 done

Classes unloaded (0 events):
No events

Classes redefined (0 events):
No events

Internal exceptions (20 events):
Event: 18.982 Thread 0x000002a97f0132e0 Exception <a 'java/io/IOException'{0x0000000719c637b0}> (0x0000000719c637b0) 
thrown [s\src\hotspot\share\prims\jni.cpp, line 520]
Event: 18.982 Thread 0x000002a97f0132e0 Exception <a 'java/io/IOException'{0x0000000719c64ce0}> (0x0000000719c64ce0) 
thrown [s\src\hotspot\share\prims\jni.cpp, line 520]
Event: 18.982 Thread 0x000002a97f0132e0 Exception <a 'java/io/IOException'{0x0000000719c652a0}> (0x0000000719c652a0) 
thrown [s\src\hotspot\share\prims\jni.cpp, line 520]
Event: 18.983 Thread 0x000002a97f0132e0 Exception <a 'java/io/IOException'{0x0000000719c667d0}> (0x0000000719c667d0) 
thrown [s\src\hotspot\share\prims\jni.cpp, line 520]
Event: 18.983 Thread 0x000002a97f0132e0 Exception <a 'java/io/IOException'{0x0000000719c66d90}> (0x0000000719c66d90) 
thrown [s\src\hotspot\share\prims\jni.cpp, line 520]
Event: 18.983 Thread 0x000002a97f0132e0 Exception <a 'java/io/IOException'{0x0000000719c68178}> (0x0000000719c68178) 
thrown [s\src\hotspot\share\prims\jni.cpp, line 520]
Event: 18.983 Thread 0x000002a97f0132e0 Exception <a 'java/io/IOException'{0x0000000719c68738}> (0x0000000719c68738) 
thrown [s\src\hotspot\share\prims\jni.cpp, line 520]
Event: 19.451 Thread 0x000002a97f0132e0 Exception <a 'java/io/IOException'{0x00000007185faa18}> (0x00000007185faa18) 
thrown [s\src\hotspot\share\prims\jni.cpp, line 520]
Event: 19.451 Thread 0x000002a97f0132e0 Exception <a 'java/io/IOException'{0x00000007185fafd8}> (0x00000007185fafd8) 
thrown [s\src\hotspot\share\prims\jni.cpp, line 520]
Event: 22.177 Thread 0x000002a97f0132e0 Exception <a 'java/io/IOException'{0x00000007176df658}> (0x00000007176df658) 
thrown [s\src\hotspot\share\prims\jni.cpp, line 520]
Event: 22.177 Thread 0x000002a97f0132e0 Exception <a 'java/io/IOException'{0x00000007176dfc18}> (0x00000007176dfc18) 
thrown [s\src\hotspot\share\prims\jni.cpp, line 520]
Event: 22.233 Thread 0x000002a97f0132e0 Exception <a 'java/io/IOException'{0x0000000715b03ec0}> (0x0000000715b03ec0) 
thrown [s\src\hotspot\share\prims\jni.cpp, line 520]
Event: 22.233 Thread 0x000002a97f0132e0 Exception <a 'java/io/IOException'{0x0000000715b04480}> (0x0000000715b04480) 
thrown [s\src\hotspot\share\prims\jni.cpp, line 520]
Event: 22.237 Thread 0x000002a97f0132e0 Exception <a 'java/io/IOException'{0x0000000715bbfad8}> (0x0000000715bbfad8) 
thrown [s\src\hotspot\share\prims\jni.cpp, line 520]
Event: 22.237 Thread 0x000002a97f0132e0 Exception <a 'java/io/IOException'{0x0000000715bc0098}> (0x0000000715bc0098) 
thrown [s\src\hotspot\share\prims\jni.cpp, line 520]
Event: 22.239 Thread 0x000002a97f0132e0 Exception <a 'java/io/IOException'{0x000000071582fbe8}> (0x000000071582fbe8) 
thrown [s\src\hotspot\share\prims\jni.cpp, line 520]
Event: 22.239 Thread 0x000002a97f0132e0 Exception <a 'java/io/IOException'{0x00000007158301a8}> (0x00000007158301a8) 
thrown [s\src\hotspot\share\prims\jni.cpp, line 520]
Event: 22.245 Thread 0x000002a97f0132e0 Exception <a 'java/io/IOException'{0x00000007159a81c0}> (0x00000007159a81c0) 
thrown [s\src\hotspot\share\prims\jni.cpp, line 520]
Event: 22.245 Thread 0x000002a97f0132e0 Exception <a 'java/io/IOException'{0x00000007159a8780}> (0x00000007159a8780) 
thrown [s\src\hotspot\share\prims\jni.cpp, line 520]
Event: 22.726 Thread 0x000002a97f0132e0 Exception <a 'sun/nio/fs/WindowsException'{0x0000000718ca49b0}> (0x0000000718ca49b0) 
thrown [s\src\hotspot\share\prims\jni.cpp, line 520]

ZGC Phase Switch (0 events):
No events

VM Operations (20 events):
Event: 18.734 Executing VM operation: G1CollectForAllocation (G1 Evacuation Pause) done
Event: 19.301 Executing VM operation: HandshakeAllThreads (Deoptimize)
Event: 19.301 Executing VM operation: HandshakeAllThreads (Deoptimize) done
Event: 20.042 Executing VM operation: ICBufferFull
Event: 20.042 Executing VM operation: ICBufferFull done
Event: 21.049 Executing VM operation: Cleanup
Event: 21.049 Executing VM operation: Cleanup done
Event: 22.061 Executing VM operation: Cleanup
Event: 22.061 Executing VM operation: Cleanup done
Event: 22.348 Executing VM operation: G1CollectForAllocation (G1 Evacuation Pause)
Event: 22.430 Executing VM operation: G1CollectForAllocation (G1 Evacuation Pause) done
Event: 22.516 Executing VM operation: G1CollectForAllocation (G1 Evacuation Pause)
Event: 22.530 Executing VM operation: G1CollectForAllocation (G1 Evacuation Pause) done
Event: 22.614 Executing VM operation: G1PauseRemark
Event: 22.618 Executing VM operation: G1PauseRemark done
Event: 22.650 Executing VM operation: G1CollectForAllocation (G1 Evacuation Pause)
Event: 22.651 Executing VM operation: G1CollectForAllocation (G1 Evacuation Pause) done
Event: 22.671 Executing VM operation: G1PauseCleanup
Event: 22.671 Executing VM operation: G1PauseCleanup done
Event: 23.672 Executing VM operation: Cleanup

Memory protections (0 events):
No events

Nmethod flushes (20 events):
Event: 22.618 Thread 0x000002a975150900 flushing  nmethod 0x000002a9612b6d90
Event: 22.618 Thread 0x000002a975150900 flushing  nmethod 0x000002a9612b7710
Event: 22.618 Thread 0x000002a975150900 flushing  nmethod 0x000002a9612b7c10
Event: 22.618 Thread 0x000002a975150900 flushing  nmethod 0x000002a9612bdb10
Event: 22.618 Thread 0x000002a975150900 flushing  nmethod 0x000002a9612ed690
Event: 22.618 Thread 0x000002a975150900 flushing  nmethod 0x000002a9612f0190
Event: 22.618 Thread 0x000002a975150900 flushing  nmethod 0x000002a968354190
Event: 22.618 Thread 0x000002a975150900 flushing  nmethod 0x000002a9606d1110
Event: 22.618 Thread 0x000002a975150900 flushing  nmethod 0x000002a960967510
Event: 22.618 Thread 0x000002a975150900 flushing  nmethod 0x000002a960968a90
Event: 22.618 Thread 0x000002a975150900 flushing  nmethod 0x000002a9609e3710
Event: 22.618 Thread 0x000002a975150900 flushing  nmethod 0x000002a96121ca10
Event: 22.618 Thread 0x000002a975150900 flushing  nmethod 0x000002a9612a0390
Event: 22.618 Thread 0x000002a975150900 flushing  nmethod 0x000002a968616d10
Event: 22.618 Thread 0x000002a975150900 flushing  nmethod 0x000002a960748590
Event: 22.618 Thread 0x000002a975150900 flushing  nmethod 0x000002a9607a1e10
Event: 22.618 Thread 0x000002a975150900 flushing  nmethod 0x000002a960954b90
Event: 22.618 Thread 0x000002a975150900 flushing  nmethod 0x000002a9611dbb10
Event: 22.618 Thread 0x000002a975150900 flushing  nmethod 0x000002a9611dc710
Event: 22.618 Thread 0x000002a975150900 flushing  nmethod 0x000002a9612bf410

Events (20 events):
Event: 22.675 Thread 0x000002a97f0132e0 Thread added: 0x000002a97c1d0d50
Event: 22.675 Thread 0x000002a97c1d0d50 Thread exited: 0x000002a97c1d0d50
Event: 22.675 Thread 0x000002a97f0132e0 Thread added: 0x000002a97c1d0d50
Event: 22.675 Thread 0x000002a97c1d0d50 Thread exited: 0x000002a97c1d0d50
Event: 22.675 Thread 0x000002a97f0132e0 Thread added: 0x000002a97c1d1a70
Event: 22.675 Thread 0x000002a97f0132e0 Thread added: 0x000002a97c1d2790
Event: 22.675 Thread 0x000002a97c1d1a70 Thread exited: 0x000002a97c1d1a70
Event: 22.676 Thread 0x000002a97c1d2790 Thread exited: 0x000002a97c1d2790
Event: 22.676 Thread 0x000002a97f0132e0 Thread added: 0x000002a97c1d13e0
Event: 22.676 Thread 0x000002a97c1d13e0 Thread exited: 0x000002a97c1d13e0
Event: 22.676 Thread 0x000002a97f0132e0 Thread added: 0x000002a97c1d2790
Event: 22.676 Thread 0x000002a97c1d2790 Thread exited: 0x000002a97c1d2790
Event: 22.677 Thread 0x000002a97f0132e0 Thread added: 0x000002a97c1d13e0
Event: 22.677 Thread 0x000002a97c1d13e0 Thread exited: 0x000002a97c1d13e0
Event: 22.677 Thread 0x000002a97f0132e0 Thread added: 0x000002a97c1d13e0
Event: 22.677 Thread 0x000002a97c1d13e0 Thread exited: 0x000002a97c1d13e0
Event: 22.677 Thread 0x000002a97f0132e0 Thread added: 0x000002a97c1d0d50
Event: 22.677 Thread 0x000002a97c1d0d50 Thread exited: 0x000002a97c1d0d50
Event: 22.677 Thread 0x000002a97f0132e0 Thread added: 0x000002a97c1d0d50
Event: 22.678 Thread 0x000002a97c1d0d50 Thread exited: 0x000002a97c1d0d50


Dynamic libraries:
0x00007ff7ae8f0000 - 0x00007ff7ae8fe000 	D:\Program Files\STMicroelectronics\STM32Cube\STM32CubeMX\jre\bin\javaw.exe
0x00007ffc67440000 - 0x00007ffc676a7000 	C:\WINDOWS\SYSTEM32\ntdll.dll
0x00007ffc66790000 - 0x00007ffc66859000 	C:\WINDOWS\System32\KERNEL32.DLL
0x00007ffc63d20000 - 0x00007ffc64111000 	C:\WINDOWS\System32\KERNELBASE.dll
0x00007ffc60e40000 - 0x00007ffc60edf000 	C:\WINDOWS\SYSTEM32\apphelp.dll
0x00007ffc646c0000 - 0x00007ffc6480b000 	C:\WINDOWS\System32\ucrtbase.dll
0x00007ffc559e0000 - 0x00007ffc559f8000 	D:\Program Files\STMicroelectronics\STM32Cube\STM32CubeMX\jre\bin\jli.dll
0x00007ffc324f0000 - 0x00007ffc3250e000 	D:\Program Files\STMicroelectronics\STM32Cube\STM32CubeMX\jre\bin\VCRUNTIME140.dll
0x00007ffc66f50000 - 0x00007ffc67115000 	C:\WINDOWS\System32\USER32.dll
0x00007ffc65080000 - 0x00007ffc650a7000 	C:\WINDOWS\System32\win32u.dll
0x00007ffc45250000 - 0x00007ffc454e3000 	C:\WINDOWS\WinSxS\amd64_microsoft.windows.common-controls_6595b64144ccf1df_6.0.26100.8037_none_3e092faae333b53b\COMCTL32.dll
0x00007ffc65e10000 - 0x00007ffc65e3b000 	C:\WINDOWS\System32\GDI32.dll
0x00007ffc67120000 - 0x00007ffc671c9000 	C:\WINDOWS\System32\msvcrt.dll
0x00007ffc650b0000 - 0x00007ffc651db000 	C:\WINDOWS\System32\gdi32full.dll
0x00007ffc64400000 - 0x00007ffc644a3000 	C:\WINDOWS\System32\msvcp_win.dll
0x00007ffc66f10000 - 0x00007ffc66f41000 	C:\WINDOWS\System32\IMM32.DLL
0x00007ffc5b1f0000 - 0x00007ffc5b1fc000 	D:\Program Files\STMicroelectronics\STM32Cube\STM32CubeMX\jre\bin\vcruntime140_1.dll
0x00007ffc32460000 - 0x00007ffc324ed000 	D:\Program Files\STMicroelectronics\STM32Cube\STM32CubeMX\jre\bin\msvcp140.dll
0x00007ffbab230000 - 0x00007ffbabfc7000 	D:\Program Files\STMicroelectronics\STM32Cube\STM32CubeMX\jre\bin\server\jvm.dll
0x00007ffc65d50000 - 0x00007ffc65e0b000 	C:\WINDOWS\System32\ADVAPI32.dll
0x00007ffc65970000 - 0x00007ffc65a17000 	C:\WINDOWS\System32\sechost.dll
0x00007ffc65260000 - 0x00007ffc65378000 	C:\WINDOWS\System32\RPCRT4.dll
0x00007ffc651e0000 - 0x00007ffc65254000 	C:\WINDOWS\System32\WS2_32.dll
0x00007ffc63b40000 - 0x00007ffc63b9e000 	C:\WINDOWS\SYSTEM32\POWRPROF.dll
0x00007ffc61bf0000 - 0x00007ffc61c25000 	C:\WINDOWS\SYSTEM32\WINMM.dll
0x00007ffc5b310000 - 0x00007ffc5b31b000 	C:\WINDOWS\SYSTEM32\VERSION.dll
0x00007ffc63b20000 - 0x00007ffc63b34000 	C:\WINDOWS\SYSTEM32\UMPDC.dll
0x00007ffc62a50000 - 0x00007ffc62a6b000 	C:\WINDOWS\SYSTEM32\kernel.appcore.dll
0x00007ffc32450000 - 0x00007ffc3245a000 	D:\Program Files\STMicroelectronics\STM32Cube\STM32CubeMX\jre\bin\jimage.dll
0x00007ffc61910000 - 0x00007ffc61b52000 	C:\WINDOWS\SYSTEM32\DBGHELP.DLL
0x00007ffc655e0000 - 0x00007ffc65962000 	C:\WINDOWS\System32\combase.dll
0x00007ffc666b0000 - 0x00007ffc66787000 	C:\WINDOWS\System32\OLEAUT32.dll
0x00007ffc61bb0000 - 0x00007ffc61beb000 	C:\WINDOWS\SYSTEM32\dbgcore.DLL
0x00007ffc641e0000 - 0x00007ffc64285000 	C:\WINDOWS\System32\bcryptPrimitives.dll
0x00007ffc32430000 - 0x00007ffc3244f000 	D:\Program Files\STMicroelectronics\STM32Cube\STM32CubeMX\jre\bin\java.dll
0x00007ffc65f40000 - 0x00007ffc6669f000 	C:\WINDOWS\System32\SHELL32.dll
0x00007ffc64290000 - 0x00007ffc643fa000 	C:\WINDOWS\System32\wintypes.dll
0x00007ffc64810000 - 0x00007ffc65074000 	C:\WINDOWS\System32\windows.storage.dll
0x00007ffc65470000 - 0x00007ffc65567000 	C:\WINDOWS\System32\SHCORE.dll
0x00007ffc671d0000 - 0x00007ffc67237000 	C:\WINDOWS\System32\shlwapi.dll
0x00007ffc63c00000 - 0x00007ffc63c29000 	C:\WINDOWS\SYSTEM32\profapi.dll
0x00007ffbb3f50000 - 0x00007ffbb4027000 	D:\Program Files\STMicroelectronics\STM32Cube\STM32CubeMX\jre\bin\jsvml.dll
0x00007ffc32420000 - 0x00007ffc32430000 	D:\Program Files\STMicroelectronics\STM32Cube\STM32CubeMX\jre\bin\net.dll
0x00007ffc5d180000 - 0x00007ffc5d2a7000 	C:\WINDOWS\SYSTEM32\WINHTTP.dll
0x00007ffc62fe0000 - 0x00007ffc6304b000 	C:\WINDOWS\system32\mswsock.dll
0x00007ffc32400000 - 0x00007ffc32416000 	D:\Program Files\STMicroelectronics\STM32Cube\STM32CubeMX\jre\bin\nio.dll
0x00007ffc323e0000 - 0x00007ffc323f8000 	D:\Program Files\STMicroelectronics\STM32Cube\STM32CubeMX\jre\bin\zip.dll
0x00007ffc2f0c0000 - 0x00007ffc2f0ca000 	D:\Program Files\STMicroelectronics\STM32Cube\STM32CubeMX\jre\bin\management.dll
0x00007ffc2ec60000 - 0x00007ffc2ec6b000 	D:\Program Files\STMicroelectronics\STM32Cube\STM32CubeMX\jre\bin\management_ext.dll
0x00007ffc655d0000 - 0x00007ffc655d8000 	C:\WINDOWS\System32\PSAPI.DLL
0x00007ffc35db0000 - 0x00007ffc35dc8000 	C:\WINDOWS\system32\napinsp.dll
0x00007ffc62520000 - 0x00007ffc6264a000 	C:\WINDOWS\SYSTEM32\DNSAPI.dll
0x00007ffc62480000 - 0x00007ffc624b3000 	C:\WINDOWS\SYSTEM32\IPHLPAPI.DLL
0x00007ffc655c0000 - 0x00007ffc655ca000 	C:\WINDOWS\System32\NSI.dll
0x00007ffc35cc0000 - 0x00007ffc35cd2000 	C:\WINDOWS\System32\winrnr.dll
0x00007ffc35c90000 - 0x00007ffc35cb2000 	C:\WINDOWS\system32\nlansp_c.dll
0x00007ffc51920000 - 0x00007ffc51936000 	C:\WINDOWS\system32\wshbth.dll
0x00007ffc5b320000 - 0x00007ffc5b32b000 	C:\Windows\System32\rasadhlp.dll
0x00007ffc5dbf0000 - 0x00007ffc5dc76000 	C:\WINDOWS\System32\fwpuclnt.dll
0x00007ffbb3dc0000 - 0x00007ffbb3f4e000 	D:\Program Files\STMicroelectronics\STM32Cube\STM32CubeMX\jre\bin\awt.dll
0x00007ffc632c0000 - 0x00007ffc632db000 	C:\WINDOWS\SYSTEM32\CRYPTSP.dll
0x00007ffc629b0000 - 0x00007ffc629e9000 	C:\WINDOWS\system32\rsaenh.dll
0x00007ffc63090000 - 0x00007ffc630c2000 	C:\WINDOWS\SYSTEM32\USERENV.dll
0x00007ffc63bd0000 - 0x00007ffc63bfa000 	C:\WINDOWS\SYSTEM32\bcrypt.dll
0x00007ffc632e0000 - 0x00007ffc632ec000 	C:\WINDOWS\SYSTEM32\CRYPTBASE.dll
0x00007ffc610b0000 - 0x00007ffc6115a000 	C:\WINDOWS\system32\uxtheme.dll
0x00007ffc66db0000 - 0x00007ffc66f0d000 	C:\WINDOWS\System32\MSCTF.dll
0x00007ffc67260000 - 0x00007ffc673f5000 	C:\WINDOWS\System32\ole32.dll
0x00007ffc61350000 - 0x00007ffc6137e000 	C:\WINDOWS\system32\DWMAPI.DLL
0x00007ffc4e830000 - 0x00007ffc4e93e000 	C:\WINDOWS\system32\opengl32.dll
0x00007ffc54600000 - 0x00007ffc5462d000 	C:\WINDOWS\SYSTEM32\GLU32.dll
0x00007ffc61190000 - 0x00007ffc611d3000 	C:\WINDOWS\SYSTEM32\dxcore.dll
0x00007ffbfa070000 - 0x00007ffbfa0f7000 	D:\Program Files\STMicroelectronics\STM32Cube\STM32CubeMX\jre\bin\freetype.dll
0x00007ffbb3cd0000 - 0x00007ffbb3dbb000 	D:\Program Files\STMicroelectronics\STM32Cube\STM32CubeMX\jre\bin\fontmanager.dll
0x00007ffc5faa0000 - 0x00007ffc5faae000 	C:\WINDOWS\SYSTEM32\WINNSI.DLL
0x00007ffc2de80000 - 0x00007ffc2de90000 	D:\Program Files\STMicroelectronics\STM32Cube\STM32CubeMX\jre\bin\verify.dll
0x00007ffc2d880000 - 0x00007ffc2d889000 	D:\Program Files\STMicroelectronics\STM32Cube\STM32CubeMX\jre\bin\prefs.dll
0x00007ffbffdd0000 - 0x00007ffbffe11000 	C:\Users\84007\AppData\Local\Temp\jna-53313979\jna2882268950280334260.dll
0x00007ffc2cd20000 - 0x00007ffc2cd2e000 	D:\Program Files\STMicroelectronics\STM32Cube\STM32CubeMX\jre\bin\sunmscapi.dll
0x00007ffc64540000 - 0x00007ffc646b7000 	C:\WINDOWS\System32\CRYPT32.dll
0x00007ffc634e0000 - 0x00007ffc63510000 	C:\WINDOWS\SYSTEM32\ncrypt.dll
0x00007ffc63490000 - 0x00007ffc634cf000 	C:\WINDOWS\SYSTEM32\NTASN1.dll
0x00007ffc633f0000 - 0x00007ffc63403000 	C:\WINDOWS\SYSTEM32\MSASN1.dll
0x00007ffc638d0000 - 0x00007ffc638da000 	C:\WINDOWS\SYSTEM32\DPAPI.dll
0x00007ffc63050000 - 0x00007ffc63080000 	C:\WINDOWS\SYSTEM32\gpapi.dll
0x00007ffc2cbb0000 - 0x00007ffc2cbb9000 	D:\Program Files\STMicroelectronics\STM32Cube\STM32CubeMX\jre\bin\extnet.dll
0x00007ffc16940000 - 0x00007ffc1696e000 	D:\Program Files\STMicroelectronics\STM32Cube\STM32CubeMX\jre\bin\javajpeg.dll
0x00007ffc65a30000 - 0x00007ffc65ade000 	C:\WINDOWS\System32\clbcatq.dll
0x00007ffc5f060000 - 0x00007ffc5f28d000 	C:\WINDOWS\SYSTEM32\WindowsCodecs.dll
0x00007ffc38820000 - 0x00007ffc3887a000 	C:\WINDOWS\system32\dataexchange.dll
0x00007ffc54680000 - 0x00007ffc548c4000 	C:\WINDOWS\system32\twinapi.appcore.dll
0x00007ffc38330000 - 0x00007ffc38478000 	C:\WINDOWS\SYSTEM32\textinputframework.dll
0x00007ffbb3bd0000 - 0x00007ffbb3cc9000 	C:\Users\84007\.stm32cubemx\.jxbrowser-8.11.0\Chromium\toolkit64.dll
0x00007ffbb26f0000 - 0x00007ffbb27e0000 	C:\Users\84007\.stm32cubemx\.jxbrowser-8.11.0\Chromium\ipc64.dll
0x00007ffc60a30000 - 0x00007ffc60b57000 	C:\WINDOWS\SYSTEM32\CoreMessaging.dll
0x00007ffc5d3b0000 - 0x00007ffc5d692000 	C:\WINDOWS\SYSTEM32\CoreUIComponents.dll

JVMTI agents: none

dbghelp: loaded successfully - version: 4.0.5 - missing functions: none
symbol engine: initialized successfully - sym options: 0x614 - pdb path: .;D:\Program Files\STMicroelectronics\STM32Cube\STM32CubeMX\jre\bin;C:\WINDOWS\SYSTEM32;C:\WINDOWS\WinSxS\amd64_microsoft.windows.common-controls_6595b64144ccf1df_6.0.26100.8037_none_3e092faae333b53b;D:\Program Files\STMicroelectronics\STM32Cube\STM32CubeMX\jre\bin\server;C:\Users\84007\AppData\Local\Temp\jna-53313979;C:\Users\84007\.stm32cubemx\.jxbrowser-8.11.0\Chromium

VM Arguments:
jvm_args: -Djavax.net.ssl.trustStoreType=WINDOWS-ROOT -Dsun.java2d.d3d=false --add-exports=java.desktop/sun.awt=ALL-UNNAMED --add-opens=java.desktop/java.awt=ALL-UNNAMED -Dfile.encoding=UTF8 
java_command: com.st.microxplorer.maingui.STM32CubeMX D:\keil5\bootloader\BootLoaderTest\Boot_App _Bin_FreeRtos\Boot1.ioc
java_class_path (initial): D:\Program Files\STMicroelectronics\STM32Cube\STM32CubeMX\STM32CubeMX.exe;anything
Launcher Type: SUN_STANDARD

[Global flags]
     intx CICompilerCount                          = 4                                         {product} {ergonomic}
     uint ConcGCThreads                            = 2                                         {product} {ergonomic}
     uint G1ConcRefinementThreads                  = 8                                         {product} {ergonomic}
   size_t G1HeapRegionSize                         = 2097152                                   {product} {ergonomic}
    uintx GCDrainStackTargetSize                   = 64                                        {product} {ergonomic}
   size_t InitialHeapSize                          = 266338304                                 {product} {ergonomic}
   size_t MarkStackSize                            = 4194304                                   {product} {ergonomic}
   size_t MaxHeapSize                              = 4238344192                                {product} {ergonomic}
   size_t MaxNewSize                               = 2541748224                                {product} {ergonomic}
   size_t MinHeapDeltaBytes                        = 2097152                                   {product} {ergonomic}
   size_t MinHeapSize                              = 8388608                                   {product} {ergonomic}
    uintx NonNMethodCodeHeapSize                   = 5839372                                {pd product} {ergonomic}
    uintx NonProfiledCodeHeapSize                  = 122909434                              {pd product} {ergonomic}
    uintx ProfiledCodeHeapSize                     = 122909434                              {pd product} {ergonomic}
    uintx ReservedCodeCacheSize                    = 251658240                              {pd product} {ergonomic}
     bool SegmentedCodeCache                       = true                                      {product} {ergonomic}
   size_t SoftMaxHeapSize                          = 4238344192                             {manageable} {ergonomic}
     bool UseCompressedOops                        = true                           {product lp64_product} {ergonomic}
     bool UseG1GC                                  = true                                      {product} {ergonomic}
     bool UseLargePagesIndividualAllocation        = false                                  {pd product} {ergonomic}

Logging:
Log output configuration:
 #0: stdout all=warning uptime,level,tags foldmultilines=false
 #1: stderr all=off uptime,level,tags foldmultilines=false

Environment Variables:
JAVA_HOME=D:\Javaweb\Java
PATH=D:\Program Files\STMicroelectronics\STM32Cube\STM32CubeMX\;C:\Users\84007\MySQL\MySQL Server 8.0\bin;D:\VMware\bin\;C:\Windows\system32;C:\Windows;C:\Windows\System32\Wbem;C:\Windows\System32\WindowsPowerShell\v1.0\;C:\Windows\System32\OpenSSH\;C:\Program Files (x86)\NVIDIA Corporation\PhysX\Common;C:\Program Files\NVIDIA Corporation\NVIDIA NvDLISR;C:\WINDOWS\system32;C:\WINDOWS;C:\WINDOWS\System32\Wbem;C:\WINDOWS\System32\WindowsPowerShell\v1.0\;C:\WINDOWS\System32\OpenSSH\;D:\Program Files (x86)\Microsoft SQL Server\100\Tools\Binn\;D:\Program Files\Microsoft SQL Server\100\Tools\Binn\;D:\Program Files\Microsoft SQL Server\100\DTS\Binn\;D:\Program Files (x86)\Microsoft SQL Server\100\Tools\Binn\VSShell\Common7\IDE\;D:\Program Files (x86)\Microsoft SQL Server\100\DTS\Binn\;C:\Program Files (x86)\Microsoft Visual Studio 9.0\Common7\IDE\PrivateAssemblies\;C:\Program Files\Microsoft SQL Server\150\Tools\Binn\;C:\Program Files\Microsoft SQL Server\Client SDK\ODBC\170\Tools\Binn\;C:\Program Files\dotnet\;D:\Javaweb\Java\bin;D:\Javaweb\Java\jre\bin;D:\Javaweb\apache-tomcat-8.5.65\bin;D:\Download\Git\cmd;D:\Download\Node\;D:\Download\Node\node.exe;D:\數呾儂\pycharm\python\Scripts\;D:\數呾儂\pycharm\python\;C:\Users\84007\AppData\Local\Microsoft\WindowsApps;C:\Program Files (x86)\Tencent\QQGameTempest\Hall.57915\;D:\IntelliJ IDEA 2021.3.3\bin;;C:\Users\84007\.dotnet\tools;D:\pycharm\PyCharm Community Edition 2023.2.1\bin;;D:\數呾儂\ズ⻌宒妗桄\Microsoft VS Code\bin;D:\Download\cursor\resources\app\bin;C:\Users\84007\AppData\Roaming\npm;C:\Users\84007\AppData\Local\GitHubDesktop\bin;D:\Program Files\STMicroelectronics\STM32Cube\STM32CubeMX\.\jre\\bin
USERNAME=84007
OS=Windows_NT
PROCESSOR_IDENTIFIER=Intel64 Family 6 Model 140 Stepping 2, GenuineIntel
TMP=C:\Users\84007\AppData\Local\Temp
TEMP=C:\Users\84007\AppData\Local\Temp




Periodic native trim disabled

---------------  S Y S T E M  ---------------

OS:
 Windows 11 , 64 bit Build 26100 (10.0.26100.7920)
OS uptime: 4 days 5:26 hours
Hyper-V role detected

CPU: total 8 (initial active 8) (4 cores per cpu, 2 threads per core) family 6 model 140 stepping 2 microcode 0x16, cx8, cmov, fxsr, ht, mmx, 3dnowpref, sse, sse2, sse3, ssse3, sse4.1, sse4.2, popcnt, lzcnt, tsc, tscinvbit, avx, avx2, aes, erms, clmul, bmi1, bmi2, adx, avx512f, avx512dq, avx512cd, avx512bw, avx512vl, sha, fma, vzeroupper, avx512_vpopcntdq, avx512_vpclmulqdq, avx512_vaes, avx512_vnni, clflush, clflushopt, clwb, avx512_vbmi2, avx512_vbmi, hv, rdtscp, rdpid, fsrm, gfni, avx512_bitalg, f16c, cet_ibt, cet_ss, avx512_ifma
Processor Information for the first 8 processors :
  Max Mhz: 2918, Current Mhz: 2918, Mhz Limit: 2918

Memory: 4k page, system-wide physical 16167M (1954M free)
TotalPageFile size 20263M (AvailPageFile size 16M)
current process WorkingSet (physical memory assigned to process): 636M, peak: 639M
current process commit charge ("private bytes"): 661M, peak: 664M

vm_info: OpenJDK 64-Bit Server VM (21.0.8+9-LTS) for windows-amd64 JRE (21.0.8+9-LTS), built on 2025-07-15T00:00:00Z by "admin" with MS VC++ 17.7 (VS2022)

END.
