#
# There is insufficient memory for the Java Runtime Environment to continue.
# Native memory allocation (mmap) failed to map 360710144 bytes. Error detail: G1 virtual space
# Possible reasons:
#   The system is out of physical RAM or swap space
#   This process is running with CompressedOops enabled, and the Java Heap may be blocking the growth of the native heap
# Possible solutions:
#   Reduce memory load on the system
#   Increase physical memory or swap space
#   Check if swap backing store is full
#   Decrease Java heap size (-Xmx/-Xms)
#   Decrease number of Java threads
#   Decrease Java thread stack sizes (-Xss)
#   Set larger code cache with -XX:ReservedCodeCacheSize=
#   JVM is running with Zero Based Compressed Oops mode in which the Java heap is
#     placed in the first 32GB address space. The Java Heap base address is the
#     maximum limit for the native heap growth. Please use -XX:HeapBaseMinAddress
#     to set the Java Heap base and to place the Java Heap above 32GB virtual address.
# This output file may be truncated or incomplete.
#
#  Out of Memory Error (os_windows.cpp:3713), pid=21608, tid=13988
#
# JRE version: OpenJDK Runtime Environment Temurin-21.0.8+9 (21.0.8+9) (build 21.0.8+9-LTS)
# Java VM: OpenJDK 64-Bit Server VM Temurin-21.0.8+9 (21.0.8+9-LTS, mixed mode, tiered, compressed oops, compressed class ptrs, g1 gc, windows-amd64)
# No core dump will be written. Minidumps are not enabled by default on client versions of Windows
#

---------------  S U M M A R Y ------------

Command Line: -Djavax.net.ssl.trustStoreType=WINDOWS-ROOT -Dsun.java2d.d3d=false --add-exports=java.desktop/sun.awt=ALL-UNNAMED --add-opens=java.desktop/java.awt=ALL-UNNAMED -Dfile.encoding=UTF8 com.st.microxplorer.maingui.STM32CubeMX D:\keil5\bootloader\BootLoaderTest\Boot_App _Bin_FreeRtos\Boot1.ioc

Host: 11th Gen Intel(R) Core(TM) i7-1195G7 @ 2.90GHz, 8 cores, 15G,  Windows 11 , 64 bit Build 26100 (10.0.26100.7920)
Time: Thu Mar 19 16:57:31 2026 elapsed time: 21.489357 seconds (0d 0h 0m 21s)

---------------  T H R E A D  ---------------

Current thread (0x000001a1aaa184d0):  VMThread "VM Thread"          [id=13988, stack(0x0000007fdd100000,0x0000007fdd200000) (1024K)]

Stack: [0x0000007fdd100000,0x0000007fdd200000]
Native frames: (J=compiled Java code, j=interpreted, Vv=VM code, C=native code)
V  [jvm.dll+0x6d2449]
V  [jvm.dll+0x8ae341]
V  [jvm.dll+0x8b08be]
V  [jvm.dll+0x8b0fa3]
V  [jvm.dll+0x280c96]
V  [jvm.dll+0x6cec15]
V  [jvm.dll+0x6c2c3a]
V  [jvm.dll+0x35867a]
V  [jvm.dll+0x360246]
V  [jvm.dll+0x3b1f9e]
V  [jvm.dll+0x3b2248]
V  [jvm.dll+0x32c8fc]
V  [jvm.dll+0x32c987]
V  [jvm.dll+0x3706fc]
V  [jvm.dll+0x36ef48]
V  [jvm.dll+0x32c0c1]
V  [jvm.dll+0x36e5ba]
V  [jvm.dll+0x8b6cbf]
V  [jvm.dll+0x8b8044]
V  [jvm.dll+0x8b8580]
V  [jvm.dll+0x8b8823]
V  [jvm.dll+0x857e6b]
V  [jvm.dll+0x6d0b0d]
C  [ucrtbase.dll+0x37b0]
C  [KERNEL32.DLL+0x2e8d7]
C  [ntdll.dll+0x8c48c]

VM_Operation (0x0000007fdeefe9b0): G1CollectForAllocation, mode: safepoint, requested by thread 0x000001a1b4aa79e0


---------------  P R O C E S S  ---------------

Threads class SMR info:
_java_thread_list=0x000001a1b49e5dd0, length=36, elements={
0x000001a1aab2c6d0, 0x000001a1aaae0fa0, 0x000001a1aab1e1e0, 0x000001a1aab1e930,
0x000001a1aab1cc70, 0x000001a1aab1d2d0, 0x000001a1aab5af20, 0x000001a1aab5ddf0,
0x000001a1aad01830, 0x000001a1aad04ad0, 0x000001a1af84b080, 0x000001a1af577b70,
0x000001a1af5ae750, 0x000001a1af90d9c0, 0x000001a18aafb880, 0x000001a1af7268d0,
0x000001a1af728310, 0x000001a1b3cb2650, 0x000001a1b3cb3a00, 0x000001a1b3cb0c10,
0x000001a1b3cb4720, 0x000001a1b3cb3370, 0x000001a1b3cb2ce0, 0x000001a1b3cb12a0,
0x000001a1b3cb4db0, 0x000001a1b3cb1930, 0x000001a1b3cb6e80, 0x000001a1b3cb5440,
0x000001a1b3cb5ad0, 0x000001a1b42c81a0, 0x000001a1b478c540, 0x000001a1af7289a0,
0x000001a1b3cb6160, 0x000001a1b4aa5280, 0x000001a1b4aa79e0, 0x000001a1b4aa4bf0
}

Java Threads: ( => current thread )
  0x000001a1aab2c6d0 JavaThread "Reference Handler"          daemon [_thread_blocked, id=14260, stack(0x0000007fdd200000,0x0000007fdd300000) (1024K)]
  0x000001a1aaae0fa0 JavaThread "Finalizer"                  daemon [_thread_blocked, id=19500, stack(0x0000007fdd300000,0x0000007fdd400000) (1024K)]
  0x000001a1aab1e1e0 JavaThread "Signal Dispatcher"          daemon [_thread_blocked, id=17688, stack(0x0000007fdd400000,0x0000007fdd500000) (1024K)]
  0x000001a1aab1e930 JavaThread "Attach Listener"            daemon [_thread_blocked, id=15564, stack(0x0000007fdd500000,0x0000007fdd600000) (1024K)]
  0x000001a1aab1cc70 JavaThread "Service Thread"             daemon [_thread_blocked, id=7972, stack(0x0000007fdd600000,0x0000007fdd700000) (1024K)]
  0x000001a1aab1d2d0 JavaThread "Monitor Deflation Thread"   daemon [_thread_blocked, id=14652, stack(0x0000007fdd700000,0x0000007fdd800000) (1024K)]
  0x000001a1aab5af20 JavaThread "C2 CompilerThread0"         daemon [_thread_blocked, id=18788, stack(0x0000007fdd800000,0x0000007fdd900000) (1024K)]
  0x000001a1aab5ddf0 JavaThread "C1 CompilerThread0"         daemon [_thread_blocked, id=20764, stack(0x0000007fdd900000,0x0000007fdda00000) (1024K)]
  0x000001a1aad01830 JavaThread "Common-Cleaner"             daemon [_thread_blocked, id=16812, stack(0x0000007fdda00000,0x0000007fddb00000) (1024K)]
  0x000001a1aad04ad0 JavaThread "Notification Thread"        daemon [_thread_blocked, id=26608, stack(0x0000007fddb00000,0x0000007fddc00000) (1024K)]
  0x000001a1af84b080 JavaThread "Java2D Disposer"            daemon [_thread_blocked, id=4060, stack(0x0000007fde600000,0x0000007fde700000) (1024K)]
  0x000001a1af577b70 JavaThread "AWT-Shutdown"                      [_thread_blocked, id=5408, stack(0x0000007fde700000,0x0000007fde800000) (1024K)]
  0x000001a1af5ae750 JavaThread "AWT-Windows"                daemon [_thread_blocked, id=17484, stack(0x0000007fde800000,0x0000007fde900000) (1024K)]
  0x000001a1af90d9c0 JavaThread "AWT-EventQueue-0"                  [_thread_blocked, id=22632, stack(0x0000007fde900000,0x0000007fdea00000) (1024K)]
  0x000001a18aafb880 JavaThread "DestroyJavaVM"                     [_thread_blocked, id=24288, stack(0x0000007fdca00000,0x0000007fdcb00000) (1024K)]
  0x000001a1af7268d0 JavaThread "TimerQueue"                 daemon [_thread_blocked, id=19660, stack(0x0000007fddd00000,0x0000007fdde00000) (1024K)]
  0x000001a1af728310 JavaThread "Keep-Alive-Timer"           daemon [_thread_blocked, id=1804, stack(0x0000007fddc00000,0x0000007fddd00000) (1024K)]
  0x000001a1b3cb2650 JavaThread "IPC Server Thread"          daemon [_thread_in_native, id=27456, stack(0x0000007fdf200000,0x0000007fdf300000) (1024K)]
  0x000001a1b3cb3a00 JavaThread "Chromium Process Thread"           [_thread_in_native, id=26340, stack(0x0000007fdf400000,0x0000007fdf500000) (1024K)]
  0x000001a1b3cb0c10 JavaThread "Chromium Process Logger"    daemon [_thread_blocked, id=10900, stack(0x0000007fdf600000,0x0000007fdf700000) (1024K)]
  0x000001a1b3cb4720 JavaThread "IPC Memory Reader Thread"          [_thread_in_native, id=29644, stack(0x0000007fdf800000,0x0000007fdf900000) (1024K)]
  0x000001a1b3cb3370 JavaThread "Browser Thread: b8b6a1e8-f83d-4590-b4b4-6de64975a71b" daemon [_thread_blocked, id=11660, stack(0x0000007fdf900000,0x0000007fdfa00000) (1024K)]
  0x000001a1b3cb2ce0 JavaThread "Socket Connection Checker: b8b6a1e8-f83d-4590-b4b4-6de64975a71b"        [_thread_in_native, id=16296, stack(0x0000007fdfa00000,0x0000007fdfb00000) (1024K)]
  0x000001a1b3cb12a0 JavaThread "Network Thread: e3bc6ac6-937f-48a0-9067-b646bc4acd20" daemon [_thread_blocked, id=26888, stack(0x0000007fdfd00000,0x0000007fdfe00000) (1024K)]
  0x000001a1b3cb4db0 JavaThread "Socket Connection Checker: e3bc6ac6-937f-48a0-9067-b646bc4acd20"        [_thread_in_native, id=23488, stack(0x0000007fdfe00000,0x0000007fdff00000) (1024K)]
  0x000001a1b3cb1930 JavaThread "IPC Memory Reader Thread"          [_thread_in_native, id=24084, stack(0x0000007fdfc00000,0x0000007fdfd00000) (1024K)]
  0x000001a1b3cb6e80 JavaThread "GPU Thread: dfbdf8fa-4233-4ace-ae29-c11cff328a83" daemon [_thread_blocked, id=23060, stack(0x0000007fe0100000,0x0000007fe0200000) (1024K)]
  0x000001a1b3cb5440 JavaThread "Socket Connection Checker: dfbdf8fa-4233-4ace-ae29-c11cff328a83"        [_thread_in_native, id=22304, stack(0x0000007fe0200000,0x0000007fe0300000) (1024K)]
  0x000001a1b3cb5ad0 JavaThread "IPC Memory Reader Thread"          [_thread_in_native, id=21756, stack(0x0000007fe0000000,0x0000007fe0100000) (1024K)]
  0x000001a1b42c81a0 JavaThread "C2 CompilerThread1"         daemon [_thread_blocked, id=20804, stack(0x0000007fded00000,0x0000007fdee00000) (1024K)]
  0x000001a1b478c540 JavaThread "C2 CompilerThread2"         daemon [_thread_blocked, id=3008, stack(0x0000007fdf500000,0x0000007fdf600000) (1024K)]
  0x000001a1af7289a0 JavaThread "Render Thread: 1ece06f1-96c9-489b-9177-b5eff199983b" daemon [_thread_blocked, id=14496, stack(0x0000007fe0900000,0x0000007fe0a00000) (1024K)]
  0x000001a1b3cb6160 JavaThread "Socket Connection Checker: 1ece06f1-96c9-489b-9177-b5eff199983b"        [_thread_in_native, id=12720, stack(0x0000007fe0a00000,0x0000007fe0b00000) (1024K)]
  0x000001a1b4aa5280 JavaThread "IPC Memory Reader Thread"          [_thread_in_native, id=28492, stack(0x0000007fe0800000,0x0000007fe0900000) (1024K)]
  0x000001a1b4aa79e0 JavaThread "SwingWorker-pool-3-thread-1" daemon [_thread_blocked, id=25204, stack(0x0000007fdee00000,0x0000007fdef00000) (1024K)]
  0x000001a1b4aa4bf0 JavaThread "Thread-2278"                daemon [_thread_blocked, id=6960, stack(0x0000007fdea00000,0x0000007fdeb00000) (1024K)]
Total: 36

Other Threads:
=>0x000001a1aaa184d0 VMThread "VM Thread"                           [id=13988, stack(0x0000007fdd100000,0x0000007fdd200000) (1024K)]
  0x000001a1aaa05200 WatcherThread "VM Periodic Task Thread"        [id=26996, stack(0x0000007fdd000000,0x0000007fdd100000) (1024K)]
  0x000001a18ab5dfb0 WorkerThread "GC Thread#0"                     [id=15332, stack(0x0000007fdcb00000,0x0000007fdcc00000) (1024K)]
  0x000001a1af9b3f50 WorkerThread "GC Thread#1"                     [id=13384, stack(0x0000007fdde00000,0x0000007fddf00000) (1024K)]
  0x000001a1af9b42f0 WorkerThread "GC Thread#2"                     [id=8020, stack(0x0000007fddf00000,0x0000007fde000000) (1024K)]
  0x000001a1af9b4a90 WorkerThread "GC Thread#3"                     [id=22416, stack(0x0000007fde000000,0x0000007fde100000) (1024K)]
  0x000001a1af9b4e30 WorkerThread "GC Thread#4"                     [id=27792, stack(0x0000007fde100000,0x0000007fde200000) (1024K)]
  0x000001a1af73ecc0 WorkerThread "GC Thread#5"                     [id=12004, stack(0x0000007fde200000,0x0000007fde300000) (1024K)]
  0x000001a1afe8a660 WorkerThread "GC Thread#6"                     [id=13424, stack(0x0000007fde300000,0x0000007fde400000) (1024K)]
  0x000001a1afab4820 WorkerThread "GC Thread#7"                     [id=25428, stack(0x0000007fde400000,0x0000007fde500000) (1024K)]
  0x000001a18ab70240 ConcurrentGCThread "G1 Main Marker"            [id=26900, stack(0x0000007fdcc00000,0x0000007fdcd00000) (1024K)]
  0x000001a18ab70d40 WorkerThread "G1 Conc#0"                       [id=8420, stack(0x0000007fdcd00000,0x0000007fdce00000) (1024K)]
  0x000001a1af7c6b50 WorkerThread "G1 Conc#1"                       [id=13628, stack(0x0000007fde500000,0x0000007fde600000) (1024K)]
  0x000001a1aa8d39f0 ConcurrentGCThread "G1 Refine#0"               [id=12396, stack(0x0000007fdce00000,0x0000007fdcf00000) (1024K)]
  0x000001a1aa8d8e50 ConcurrentGCThread "G1 Service"                [id=19668, stack(0x0000007fdcf00000,0x0000007fdd000000) (1024K)]
Total: 15

Threads with active compile tasks:
C2 CompilerThread0  21514 9304 %     4       com.st.microxplorer.util.LogicalParser::rewriteCondition @ 177 (516 bytes)
C2 CompilerThread1  21514 9357 %     4       com.st.microxplorer.mcu.IP::completeIPConfiguration @ 631 (1339 bytes)
C2 CompilerThread2  21514 9352       4       com.st.microxplorer.mcu.IP::getParameter (536 bytes)
Total: 3

VM state: at safepoint (normal execution)

VM Mutex/Monitor currently owned by a thread:  ([mutex/lock_event])
[0x00007ffbabee5458] Threads_lock - owner thread: 0x000001a1aaa184d0
[0x00007ffbabee5558] Heap_lock - owner thread: 0x000001a1b4aa79e0

Heap address: 0x0000000703600000, size: 4042 MB, Compressed Oops mode: Zero based, Oop shift amount: 3

CDS archive(s) not mapped
Compressed class space mapped at: 0x0000000800000000-0x0000000840000000, reserved size: 1073741824
Narrow klass base: 0x0000000800000000, Narrow klass shift: 0, Narrow klass range: 0x40000000

GC Precious Log:
 CardTable entry size: 512
 Card Set container configuration: InlinePtr #cards 4 size 8 Array Of Cards #cards 16 size 48 Howl #buckets 8 coarsen threshold 3686 Howl Bitmap #cards 512 size 80 coarsen threshold 460 Card regions per heap region 1 cards per card region 4096
 CPUs: 8 total, 8 available
 Memory: 16167M
 Large Page Support: Disabled
 NUMA Support: Disabled
 Compressed Oops: Enabled (Zero based)
 Heap Region Size: 2M
 Heap Min Capacity: 8M
 Heap Initial Capacity: 254M
 Heap Max Capacity: 4042M
 Pre-touch: Disabled
 Parallel Workers: 8
 Concurrent Workers: 2
 Concurrent Refinement Workers: 8
 Periodic GC: Disabled

Heap:
 garbage-first heap   total 501760K, used 128731K [0x0000000703600000, 0x0000000800000000)
  region size 2048K, 10 young (20480K), 10 survivors (20480K)
 Metaspace       used 87810K, committed 88896K, reserved 1179648K
  class space    used 9849K, committed 10304K, reserved 1048576K

Heap Regions: E=young(eden), S=young(survivor), O=old, HS=humongous(starts), HC=humongous(continues), CS=collection set, F=free, TAMS=top-at-mark-start, PB=parsable bottom
|   0|0x0000000703600000, 0x0000000703800000, 0x0000000703800000|100%|HS|  |TAMS 0x0000000703600000| PB 0x0000000703600000| Complete 
|   1|0x0000000703800000, 0x0000000703a00000, 0x0000000703a00000|100%|HC|  |TAMS 0x0000000703800000| PB 0x0000000703800000| Complete 
|   2|0x0000000703a00000, 0x0000000703c00000, 0x0000000703c00000|100%|HC|  |TAMS 0x0000000703a00000| PB 0x0000000703a00000| Complete 
|   3|0x0000000703c00000, 0x0000000703e00000, 0x0000000703e00000|100%| O|  |TAMS 0x0000000703c00000| PB 0x0000000703c00000| Untracked 
|   4|0x0000000703e00000, 0x0000000704000000, 0x0000000704000000|100%| O|  |TAMS 0x0000000703e00000| PB 0x0000000703e00000| Untracked 
|   5|0x0000000704000000, 0x000000070414d3b0, 0x0000000704200000| 65%| O|  |TAMS 0x0000000704000000| PB 0x0000000704000000| Untracked 
|   6|0x0000000704200000, 0x0000000704400000, 0x0000000704400000|100%| O|  |TAMS 0x0000000704200000| PB 0x0000000704200000| Untracked 
|   7|0x0000000704400000, 0x0000000704600000, 0x0000000704600000|100%| O|  |TAMS 0x0000000704400000| PB 0x0000000704400000| Untracked 
|   8|0x0000000704600000, 0x0000000704800000, 0x0000000704800000|100%| O|  |TAMS 0x0000000704600000| PB 0x0000000704600000| Untracked 
|   9|0x0000000704800000, 0x0000000704a00000, 0x0000000704a00000|100%| O|  |TAMS 0x0000000704800000| PB 0x0000000704800000| Untracked 
|  10|0x0000000704a00000, 0x0000000704c00000, 0x0000000704c00000|100%| O|  |TAMS 0x0000000704a00000| PB 0x0000000704a00000| Untracked 
|  11|0x0000000704c00000, 0x0000000704e00000, 0x0000000704e00000|100%| O|  |TAMS 0x0000000704c00000| PB 0x0000000704c00000| Untracked 
|  12|0x0000000704e00000, 0x0000000705000000, 0x0000000705000000|100%| O|  |TAMS 0x0000000704e00000| PB 0x0000000704e00000| Untracked 
|  13|0x0000000705000000, 0x0000000705200000, 0x0000000705200000|100%| O|  |TAMS 0x0000000705000000| PB 0x0000000705000000| Untracked 
|  14|0x0000000705200000, 0x0000000705400000, 0x0000000705400000|100%| O|  |TAMS 0x0000000705200000| PB 0x0000000705200000| Untracked 
|  15|0x0000000705400000, 0x0000000705600000, 0x0000000705600000|100%|HS|  |TAMS 0x0000000705400000| PB 0x0000000705400000| Complete 
|  16|0x0000000705600000, 0x0000000705800000, 0x0000000705800000|100%| O|  |TAMS 0x0000000705600000| PB 0x0000000705600000| Untracked 
|  17|0x0000000705800000, 0x0000000705a00000, 0x0000000705a00000|100%|HS|  |TAMS 0x0000000705800000| PB 0x0000000705800000| Complete 
|  18|0x0000000705a00000, 0x0000000705c00000, 0x0000000705c00000|100%| O|  |TAMS 0x0000000705a00000| PB 0x0000000705a00000| Untracked 
|  19|0x0000000705c00000, 0x0000000705e00000, 0x0000000705e00000|100%| O|  |TAMS 0x0000000705c00000| PB 0x0000000705c00000| Untracked 
|  20|0x0000000705e00000, 0x0000000706000000, 0x0000000706000000|100%| O|  |TAMS 0x0000000705e00000| PB 0x0000000705e00000| Untracked 
|  21|0x0000000706000000, 0x0000000706200000, 0x0000000706200000|100%|HS|  |TAMS 0x0000000706000000| PB 0x0000000706000000| Complete 
|  22|0x0000000706200000, 0x0000000706400000, 0x0000000706400000|100%|HC|  |TAMS 0x0000000706200000| PB 0x0000000706200000| Complete 
|  23|0x0000000706400000, 0x0000000706600000, 0x0000000706600000|100%|HS|  |TAMS 0x0000000706400000| PB 0x0000000706400000| Complete 
|  24|0x0000000706600000, 0x0000000706800000, 0x0000000706800000|100%|HC|  |TAMS 0x0000000706600000| PB 0x0000000706600000| Complete 
|  25|0x0000000706800000, 0x0000000706a00000, 0x0000000706a00000|100%|HS|  |TAMS 0x0000000706800000| PB 0x0000000706800000| Complete 
|  26|0x0000000706a00000, 0x0000000706c00000, 0x0000000706c00000|100%|HC|  |TAMS 0x0000000706a00000| PB 0x0000000706a00000| Complete 
|  27|0x0000000706c00000, 0x0000000706e00000, 0x0000000706e00000|100%|HS|  |TAMS 0x0000000706c00000| PB 0x0000000706c00000| Complete 
|  28|0x0000000706e00000, 0x0000000707000000, 0x0000000707000000|100%|HC|  |TAMS 0x0000000706e00000| PB 0x0000000706e00000| Complete 
|  29|0x0000000707000000, 0x0000000707200000, 0x0000000707200000|100%|HS|  |TAMS 0x0000000707000000| PB 0x0000000707000000| Complete 
|  30|0x0000000707200000, 0x0000000707400000, 0x0000000707400000|100%|HC|  |TAMS 0x0000000707200000| PB 0x0000000707200000| Complete 
|  31|0x0000000707400000, 0x0000000707600000, 0x0000000707600000|100%|HS|  |TAMS 0x0000000707400000| PB 0x0000000707400000| Complete 
|  32|0x0000000707600000, 0x0000000707800000, 0x0000000707800000|100%|HC|  |TAMS 0x0000000707600000| PB 0x0000000707600000| Complete 
|  33|0x0000000707800000, 0x0000000707a00000, 0x0000000707a00000|100%|HS|  |TAMS 0x0000000707800000| PB 0x0000000707800000| Complete 
|  34|0x0000000707a00000, 0x0000000707c00000, 0x0000000707c00000|100%|HC|  |TAMS 0x0000000707a00000| PB 0x0000000707a00000| Complete 
|  35|0x0000000707c00000, 0x0000000707e00000, 0x0000000707e00000|100%|HS|  |TAMS 0x0000000707c00000| PB 0x0000000707c00000| Complete 
|  36|0x0000000707e00000, 0x0000000708000000, 0x0000000708000000|100%|HC|  |TAMS 0x0000000707e00000| PB 0x0000000707e00000| Complete 
|  37|0x0000000708000000, 0x0000000708200000, 0x0000000708200000|100%|HS|  |TAMS 0x0000000708000000| PB 0x0000000708000000| Complete 
|  38|0x0000000708200000, 0x0000000708400000, 0x0000000708400000|100%|HC|  |TAMS 0x0000000708200000| PB 0x0000000708200000| Complete 
|  39|0x0000000708400000, 0x0000000708600000, 0x0000000708600000|100%|HS|  |TAMS 0x0000000708400000| PB 0x0000000708400000| Complete 
|  40|0x0000000708600000, 0x0000000708800000, 0x0000000708800000|100%|HC|  |TAMS 0x0000000708600000| PB 0x0000000708600000| Complete 
|  41|0x0000000708800000, 0x0000000708a00000, 0x0000000708a00000|100%| O|  |TAMS 0x0000000708800000| PB 0x0000000708800000| Untracked 
|  42|0x0000000708a00000, 0x0000000708c00000, 0x0000000708c00000|100%| O|  |TAMS 0x0000000708a00000| PB 0x0000000708a00000| Untracked 
|  43|0x0000000708c00000, 0x0000000708e00000, 0x0000000708e00000|100%| O|  |TAMS 0x0000000708c00000| PB 0x0000000708c00000| Untracked 
|  44|0x0000000708e00000, 0x0000000709000000, 0x0000000709000000|100%| O|  |TAMS 0x0000000708e00000| PB 0x0000000708e00000| Untracked 
|  45|0x0000000709000000, 0x0000000709200000, 0x0000000709200000|100%| O|  |TAMS 0x0000000709000000| PB 0x0000000709000000| Untracked 
|  46|0x0000000709200000, 0x0000000709200000, 0x0000000709400000|  0%| F|  |TAMS 0x0000000709200000| PB 0x0000000709200000| Untracked 
|  47|0x0000000709400000, 0x0000000709469c30, 0x0000000709600000| 20%| O|  |TAMS 0x0000000709400000| PB 0x0000000709400000| Untracked 
|  48|0x0000000709600000, 0x0000000709600000, 0x0000000709800000|  0%| F|  |TAMS 0x0000000709600000| PB 0x0000000709600000| Untracked 
|  49|0x0000000709800000, 0x0000000709a00000, 0x0000000709a00000|100%| O|  |TAMS 0x0000000709800000| PB 0x0000000709800000| Untracked 
|  50|0x0000000709a00000, 0x0000000709c00000, 0x0000000709c00000|100%|HS|  |TAMS 0x0000000709a00000| PB 0x0000000709a00000| Complete 
|  51|0x0000000709c00000, 0x0000000709e00000, 0x0000000709e00000|100%|HC|  |TAMS 0x0000000709c00000| PB 0x0000000709c00000| Complete 
|  52|0x0000000709e00000, 0x0000000709e00000, 0x000000070a000000|  0%| F|  |TAMS 0x0000000709e00000| PB 0x0000000709e00000| Untracked 
|  53|0x000000070a000000, 0x000000070a200000, 0x000000070a200000|100%| O|  |TAMS 0x000000070a000000| PB 0x000000070a000000| Untracked 
|  54|0x000000070a200000, 0x000000070a400000, 0x000000070a400000|100%| O|  |TAMS 0x000000070a200000| PB 0x000000070a200000| Untracked 
|  55|0x000000070a400000, 0x000000070a400000, 0x000000070a600000|  0%| F|  |TAMS 0x000000070a400000| PB 0x000000070a400000| Untracked 
|  56|0x000000070a600000, 0x000000070a800000, 0x000000070a800000|100%| O|  |TAMS 0x000000070a600000| PB 0x000000070a600000| Untracked 
|  57|0x000000070a800000, 0x000000070a800000, 0x000000070aa00000|  0%| F|  |TAMS 0x000000070a800000| PB 0x000000070a800000| Untracked 
|  58|0x000000070aa00000, 0x000000070aa00000, 0x000000070ac00000|  0%| F|  |TAMS 0x000000070aa00000| PB 0x000000070aa00000| Untracked 
|  59|0x000000070ac00000, 0x000000070ac00000, 0x000000070ae00000|  0%| F|  |TAMS 0x000000070ac00000| PB 0x000000070ac00000| Untracked 
|  60|0x000000070ae00000, 0x000000070ae00000, 0x000000070b000000|  0%| F|  |TAMS 0x000000070ae00000| PB 0x000000070ae00000| Untracked 
|  61|0x000000070b000000, 0x000000070b000000, 0x000000070b200000|  0%| F|  |TAMS 0x000000070b000000| PB 0x000000070b000000| Untracked 
|  62|0x000000070b200000, 0x000000070b200000, 0x000000070b400000|  0%| F|  |TAMS 0x000000070b200000| PB 0x000000070b200000| Untracked 
|  63|0x000000070b400000, 0x000000070b400000, 0x000000070b600000|  0%| F|  |TAMS 0x000000070b400000| PB 0x000000070b400000| Untracked 
|  64|0x000000070b600000, 0x000000070b600000, 0x000000070b800000|  0%| F|  |TAMS 0x000000070b600000| PB 0x000000070b600000| Untracked 
|  65|0x000000070b800000, 0x000000070b800000, 0x000000070ba00000|  0%| F|  |TAMS 0x000000070b800000| PB 0x000000070b800000| Untracked 
|  66|0x000000070ba00000, 0x000000070ba00000, 0x000000070bc00000|  0%| F|  |TAMS 0x000000070ba00000| PB 0x000000070ba00000| Untracked 
|  67|0x000000070bc00000, 0x000000070bc00000, 0x000000070be00000|  0%| F|  |TAMS 0x000000070bc00000| PB 0x000000070bc00000| Untracked 
|  68|0x000000070be00000, 0x000000070be00000, 0x000000070c000000|  0%| F|  |TAMS 0x000000070be00000| PB 0x000000070be00000| Untracked 
|  69|0x000000070c000000, 0x000000070c000000, 0x000000070c200000|  0%| F|  |TAMS 0x000000070c000000| PB 0x000000070c000000| Untracked 
|  70|0x000000070c200000, 0x000000070c200000, 0x000000070c400000|  0%| F|  |TAMS 0x000000070c200000| PB 0x000000070c200000| Untracked 
|  71|0x000000070c400000, 0x000000070c400000, 0x000000070c600000|  0%| F|  |TAMS 0x000000070c400000| PB 0x000000070c400000| Untracked 
|  72|0x000000070c600000, 0x000000070c600000, 0x000000070c800000|  0%| F|  |TAMS 0x000000070c600000| PB 0x000000070c600000| Untracked 
|  73|0x000000070c800000, 0x000000070c800000, 0x000000070ca00000|  0%| F|  |TAMS 0x000000070c800000| PB 0x000000070c800000| Untracked 
|  74|0x000000070ca00000, 0x000000070ca00000, 0x000000070cc00000|  0%| F|  |TAMS 0x000000070ca00000| PB 0x000000070ca00000| Untracked 
|  75|0x000000070cc00000, 0x000000070cc00000, 0x000000070ce00000|  0%| F|  |TAMS 0x000000070cc00000| PB 0x000000070cc00000| Untracked 
|  76|0x000000070ce00000, 0x000000070ce00000, 0x000000070d000000|  0%| F|  |TAMS 0x000000070ce00000| PB 0x000000070ce00000| Untracked 
|  77|0x000000070d000000, 0x000000070d000000, 0x000000070d200000|  0%| F|  |TAMS 0x000000070d000000| PB 0x000000070d000000| Untracked 
|  78|0x000000070d200000, 0x000000070d200000, 0x000000070d400000|  0%| F|  |TAMS 0x000000070d200000| PB 0x000000070d200000| Untracked 
|  79|0x000000070d400000, 0x000000070d400000, 0x000000070d600000|  0%| F|  |TAMS 0x000000070d400000| PB 0x000000070d400000| Untracked 
|  80|0x000000070d600000, 0x000000070d600000, 0x000000070d800000|  0%| F|  |TAMS 0x000000070d600000| PB 0x000000070d600000| Untracked 
|  81|0x000000070d800000, 0x000000070d800000, 0x000000070da00000|  0%| F|  |TAMS 0x000000070d800000| PB 0x000000070d800000| Untracked 
|  82|0x000000070da00000, 0x000000070da00000, 0x000000070dc00000|  0%| F|  |TAMS 0x000000070da00000| PB 0x000000070da00000| Untracked 
|  83|0x000000070dc00000, 0x000000070dc00000, 0x000000070de00000|  0%| F|  |TAMS 0x000000070dc00000| PB 0x000000070dc00000| Untracked 
|  84|0x000000070de00000, 0x000000070de00000, 0x000000070e000000|  0%| F|  |TAMS 0x000000070de00000| PB 0x000000070de00000| Untracked 
|  85|0x000000070e000000, 0x000000070e000000, 0x000000070e200000|  0%| F|  |TAMS 0x000000070e000000| PB 0x000000070e000000| Untracked 
|  86|0x000000070e200000, 0x000000070e200000, 0x000000070e400000|  0%| F|  |TAMS 0x000000070e200000| PB 0x000000070e200000| Untracked 
|  87|0x000000070e400000, 0x000000070e400000, 0x000000070e600000|  0%| F|  |TAMS 0x000000070e400000| PB 0x000000070e400000| Untracked 
|  88|0x000000070e600000, 0x000000070e800000, 0x000000070e800000|100%| S|CS|TAMS 0x000000070e600000| PB 0x000000070e600000| Complete 
|  89|0x000000070e800000, 0x000000070ea00000, 0x000000070ea00000|100%| S|CS|TAMS 0x000000070e800000| PB 0x000000070e800000| Complete 
|  90|0x000000070ea00000, 0x000000070ec00000, 0x000000070ec00000|100%| S|CS|TAMS 0x000000070ea00000| PB 0x000000070ea00000| Complete 
|  91|0x000000070ec00000, 0x000000070ee00000, 0x000000070ee00000|100%| S|CS|TAMS 0x000000070ec00000| PB 0x000000070ec00000| Complete 
|  92|0x000000070ee00000, 0x000000070f000000, 0x000000070f000000|100%| S|CS|TAMS 0x000000070ee00000| PB 0x000000070ee00000| Complete 
|  93|0x000000070f000000, 0x000000070f200000, 0x000000070f200000|100%| S|CS|TAMS 0x000000070f000000| PB 0x000000070f000000| Complete 
|  94|0x000000070f200000, 0x000000070f400000, 0x000000070f400000|100%| S|CS|TAMS 0x000000070f200000| PB 0x000000070f200000| Complete 
|  95|0x000000070f400000, 0x000000070f600000, 0x000000070f600000|100%| S|CS|TAMS 0x000000070f400000| PB 0x000000070f400000| Complete 
|  96|0x000000070f600000, 0x000000070f600000, 0x000000070f800000|  0%| F|  |TAMS 0x000000070f600000| PB 0x000000070f600000| Untracked 
|  97|0x000000070f800000, 0x000000070f800000, 0x000000070fa00000|  0%| F|  |TAMS 0x000000070f800000| PB 0x000000070f800000| Untracked 
|  98|0x000000070fa00000, 0x000000070fa00000, 0x000000070fc00000|  0%| F|  |TAMS 0x000000070fa00000| PB 0x000000070fa00000| Untracked 
|  99|0x000000070fc00000, 0x000000070fc00000, 0x000000070fe00000|  0%| F|  |TAMS 0x000000070fc00000| PB 0x000000070fc00000| Untracked 
| 100|0x000000070fe00000, 0x000000070fe00000, 0x0000000710000000|  0%| F|  |TAMS 0x000000070fe00000| PB 0x000000070fe00000| Untracked 
| 101|0x0000000710000000, 0x0000000710000000, 0x0000000710200000|  0%| F|  |TAMS 0x0000000710000000| PB 0x0000000710000000| Untracked 
| 102|0x0000000710200000, 0x0000000710200000, 0x0000000710400000|  0%| F|  |TAMS 0x0000000710200000| PB 0x0000000710200000| Untracked 
| 103|0x0000000710400000, 0x0000000710400000, 0x0000000710600000|  0%| F|  |TAMS 0x0000000710400000| PB 0x0000000710400000| Untracked 
| 104|0x0000000710600000, 0x0000000710800000, 0x0000000710800000|100%| S|CS|TAMS 0x0000000710600000| PB 0x0000000710600000| Complete 
| 105|0x0000000710800000, 0x0000000710800000, 0x0000000710a00000|  0%| F|  |TAMS 0x0000000710800000| PB 0x0000000710800000| Untracked 
| 106|0x0000000710a00000, 0x0000000710c00000, 0x0000000710c00000|100%| S|CS|TAMS 0x0000000710a00000| PB 0x0000000710a00000| Complete 
| 107|0x0000000710c00000, 0x0000000710c00000, 0x0000000710e00000|  0%| F|  |TAMS 0x0000000710c00000| PB 0x0000000710c00000| Untracked 
| 108|0x0000000710e00000, 0x0000000710e00000, 0x0000000711000000|  0%| F|  |TAMS 0x0000000710e00000| PB 0x0000000710e00000| Untracked 
| 109|0x0000000711000000, 0x0000000711000000, 0x0000000711200000|  0%| F|  |TAMS 0x0000000711000000| PB 0x0000000711000000| Untracked 
| 110|0x0000000711200000, 0x0000000711200000, 0x0000000711400000|  0%| F|  |TAMS 0x0000000711200000| PB 0x0000000711200000| Untracked 
| 111|0x0000000711400000, 0x0000000711400000, 0x0000000711600000|  0%| F|  |TAMS 0x0000000711400000| PB 0x0000000711400000| Untracked 
| 112|0x0000000711600000, 0x0000000711600000, 0x0000000711800000|  0%| F|  |TAMS 0x0000000711600000| PB 0x0000000711600000| Untracked 
| 113|0x0000000711800000, 0x0000000711800000, 0x0000000711a00000|  0%| F|  |TAMS 0x0000000711800000| PB 0x0000000711800000| Untracked 
| 114|0x0000000711a00000, 0x0000000711a00000, 0x0000000711c00000|  0%| F|  |TAMS 0x0000000711a00000| PB 0x0000000711a00000| Untracked 
| 115|0x0000000711c00000, 0x0000000711c00000, 0x0000000711e00000|  0%| F|  |TAMS 0x0000000711c00000| PB 0x0000000711c00000| Untracked 
| 116|0x0000000711e00000, 0x0000000711e00000, 0x0000000712000000|  0%| F|  |TAMS 0x0000000711e00000| PB 0x0000000711e00000| Untracked 
| 117|0x0000000712000000, 0x0000000712000000, 0x0000000712200000|  0%| F|  |TAMS 0x0000000712000000| PB 0x0000000712000000| Untracked 
| 118|0x0000000712200000, 0x0000000712200000, 0x0000000712400000|  0%| F|  |TAMS 0x0000000712200000| PB 0x0000000712200000| Untracked 
| 119|0x0000000712400000, 0x0000000712400000, 0x0000000712600000|  0%| F|  |TAMS 0x0000000712400000| PB 0x0000000712400000| Untracked 
| 120|0x0000000712600000, 0x0000000712600000, 0x0000000712800000|  0%| F|  |TAMS 0x0000000712600000| PB 0x0000000712600000| Untracked 
| 121|0x0000000712800000, 0x0000000712800000, 0x0000000712a00000|  0%| F|  |TAMS 0x0000000712800000| PB 0x0000000712800000| Untracked 
| 122|0x0000000712a00000, 0x0000000712a00000, 0x0000000712c00000|  0%| F|  |TAMS 0x0000000712a00000| PB 0x0000000712a00000| Untracked 
| 123|0x0000000712c00000, 0x0000000712c00000, 0x0000000712e00000|  0%| F|  |TAMS 0x0000000712c00000| PB 0x0000000712c00000| Untracked 
| 124|0x0000000712e00000, 0x0000000712e00000, 0x0000000713000000|  0%| F|  |TAMS 0x0000000712e00000| PB 0x0000000712e00000| Untracked 
| 125|0x0000000713000000, 0x0000000713000000, 0x0000000713200000|  0%| F|  |TAMS 0x0000000713000000| PB 0x0000000713000000| Untracked 
| 126|0x0000000713200000, 0x0000000713200000, 0x0000000713400000|  0%| F|  |TAMS 0x0000000713200000| PB 0x0000000713200000| Untracked 
| 127|0x0000000713400000, 0x0000000713400000, 0x0000000713600000|  0%| F|  |TAMS 0x0000000713400000| PB 0x0000000713400000| Untracked 
| 128|0x0000000713600000, 0x0000000713600000, 0x0000000713800000|  0%| F|  |TAMS 0x0000000713600000| PB 0x0000000713600000| Untracked 
| 129|0x0000000713800000, 0x0000000713800000, 0x0000000713a00000|  0%| F|  |TAMS 0x0000000713800000| PB 0x0000000713800000| Untracked 
| 130|0x0000000713a00000, 0x0000000713a00000, 0x0000000713c00000|  0%| F|  |TAMS 0x0000000713a00000| PB 0x0000000713a00000| Untracked 
| 131|0x0000000713c00000, 0x0000000713c00000, 0x0000000713e00000|  0%| F|  |TAMS 0x0000000713c00000| PB 0x0000000713c00000| Untracked 
| 132|0x0000000713e00000, 0x0000000713e00000, 0x0000000714000000|  0%| F|  |TAMS 0x0000000713e00000| PB 0x0000000713e00000| Untracked 
| 133|0x0000000714000000, 0x0000000714000000, 0x0000000714200000|  0%| F|  |TAMS 0x0000000714000000| PB 0x0000000714000000| Untracked 
| 134|0x0000000714200000, 0x0000000714200000, 0x0000000714400000|  0%| F|  |TAMS 0x0000000714200000| PB 0x0000000714200000| Untracked 
| 135|0x0000000714400000, 0x0000000714400000, 0x0000000714600000|  0%| F|  |TAMS 0x0000000714400000| PB 0x0000000714400000| Untracked 
| 136|0x0000000714600000, 0x0000000714600000, 0x0000000714800000|  0%| F|  |TAMS 0x0000000714600000| PB 0x0000000714600000| Untracked 
| 137|0x0000000714800000, 0x0000000714800000, 0x0000000714a00000|  0%| F|  |TAMS 0x0000000714800000| PB 0x0000000714800000| Untracked 
| 138|0x0000000714a00000, 0x0000000714a00000, 0x0000000714c00000|  0%| F|  |TAMS 0x0000000714a00000| PB 0x0000000714a00000| Untracked 
| 139|0x0000000714c00000, 0x0000000714c00000, 0x0000000714e00000|  0%| F|  |TAMS 0x0000000714c00000| PB 0x0000000714c00000| Untracked 
| 140|0x0000000714e00000, 0x0000000714e00000, 0x0000000715000000|  0%| F|  |TAMS 0x0000000714e00000| PB 0x0000000714e00000| Untracked 
| 141|0x0000000715000000, 0x0000000715000000, 0x0000000715200000|  0%| F|  |TAMS 0x0000000715000000| PB 0x0000000715000000| Untracked 
| 142|0x0000000715200000, 0x0000000715200000, 0x0000000715400000|  0%| F|  |TAMS 0x0000000715200000| PB 0x0000000715200000| Untracked 
| 143|0x0000000715400000, 0x0000000715400000, 0x0000000715600000|  0%| F|  |TAMS 0x0000000715400000| PB 0x0000000715400000| Untracked 
| 144|0x0000000715600000, 0x0000000715600000, 0x0000000715800000|  0%| F|  |TAMS 0x0000000715600000| PB 0x0000000715600000| Untracked 
| 145|0x0000000715800000, 0x0000000715800000, 0x0000000715a00000|  0%| F|  |TAMS 0x0000000715800000| PB 0x0000000715800000| Untracked 
| 146|0x0000000715a00000, 0x0000000715a00000, 0x0000000715c00000|  0%| F|  |TAMS 0x0000000715a00000| PB 0x0000000715a00000| Untracked 
| 147|0x0000000715c00000, 0x0000000715c00000, 0x0000000715e00000|  0%| F|  |TAMS 0x0000000715c00000| PB 0x0000000715c00000| Untracked 
| 148|0x0000000715e00000, 0x0000000715e00000, 0x0000000716000000|  0%| F|  |TAMS 0x0000000715e00000| PB 0x0000000715e00000| Untracked 
| 149|0x0000000716000000, 0x0000000716000000, 0x0000000716200000|  0%| F|  |TAMS 0x0000000716000000| PB 0x0000000716000000| Untracked 
| 150|0x0000000716200000, 0x0000000716200000, 0x0000000716400000|  0%| F|  |TAMS 0x0000000716200000| PB 0x0000000716200000| Untracked 
| 151|0x0000000716400000, 0x0000000716400000, 0x0000000716600000|  0%| F|  |TAMS 0x0000000716400000| PB 0x0000000716400000| Untracked 
| 152|0x0000000716600000, 0x0000000716600000, 0x0000000716800000|  0%| F|  |TAMS 0x0000000716600000| PB 0x0000000716600000| Untracked 
| 153|0x0000000716800000, 0x0000000716800000, 0x0000000716a00000|  0%| F|  |TAMS 0x0000000716800000| PB 0x0000000716800000| Untracked 
| 154|0x0000000716a00000, 0x0000000716a00000, 0x0000000716c00000|  0%| F|  |TAMS 0x0000000716a00000| PB 0x0000000716a00000| Untracked 
| 155|0x0000000716c00000, 0x0000000716c00000, 0x0000000716e00000|  0%| F|  |TAMS 0x0000000716c00000| PB 0x0000000716c00000| Untracked 
| 156|0x0000000716e00000, 0x0000000716e00000, 0x0000000717000000|  0%| F|  |TAMS 0x0000000716e00000| PB 0x0000000716e00000| Untracked 
| 157|0x0000000717000000, 0x0000000717000000, 0x0000000717200000|  0%| F|  |TAMS 0x0000000717000000| PB 0x0000000717000000| Untracked 
| 158|0x0000000717200000, 0x0000000717200000, 0x0000000717400000|  0%| F|  |TAMS 0x0000000717200000| PB 0x0000000717200000| Untracked 
| 159|0x0000000717400000, 0x0000000717400000, 0x0000000717600000|  0%| F|  |TAMS 0x0000000717400000| PB 0x0000000717400000| Untracked 
| 160|0x0000000717600000, 0x0000000717600000, 0x0000000717800000|  0%| F|  |TAMS 0x0000000717600000| PB 0x0000000717600000| Untracked 
| 161|0x0000000717800000, 0x0000000717800000, 0x0000000717a00000|  0%| F|  |TAMS 0x0000000717800000| PB 0x0000000717800000| Untracked 
| 162|0x0000000717a00000, 0x0000000717a00000, 0x0000000717c00000|  0%| F|  |TAMS 0x0000000717a00000| PB 0x0000000717a00000| Untracked 
| 163|0x0000000717c00000, 0x0000000717c00000, 0x0000000717e00000|  0%| F|  |TAMS 0x0000000717c00000| PB 0x0000000717c00000| Untracked 
| 164|0x0000000717e00000, 0x0000000717e00000, 0x0000000718000000|  0%| F|  |TAMS 0x0000000717e00000| PB 0x0000000717e00000| Untracked 
| 165|0x0000000718000000, 0x0000000718000000, 0x0000000718200000|  0%| F|  |TAMS 0x0000000718000000| PB 0x0000000718000000| Untracked 
| 166|0x0000000718200000, 0x0000000718200000, 0x0000000718400000|  0%| F|  |TAMS 0x0000000718200000| PB 0x0000000718200000| Untracked 
| 167|0x0000000718400000, 0x0000000718400000, 0x0000000718600000|  0%| F|  |TAMS 0x0000000718400000| PB 0x0000000718400000| Untracked 
| 168|0x0000000718600000, 0x0000000718600000, 0x0000000718800000|  0%| F|  |TAMS 0x0000000718600000| PB 0x0000000718600000| Untracked 
| 169|0x0000000718800000, 0x0000000718800000, 0x0000000718a00000|  0%| F|  |TAMS 0x0000000718800000| PB 0x0000000718800000| Untracked 
| 170|0x0000000718a00000, 0x0000000718a00000, 0x0000000718c00000|  0%| F|  |TAMS 0x0000000718a00000| PB 0x0000000718a00000| Untracked 
| 171|0x0000000718c00000, 0x0000000718c00000, 0x0000000718e00000|  0%| F|  |TAMS 0x0000000718c00000| PB 0x0000000718c00000| Untracked 
| 172|0x0000000718e00000, 0x0000000718e00000, 0x0000000719000000|  0%| F|  |TAMS 0x0000000718e00000| PB 0x0000000718e00000| Untracked 
| 173|0x0000000719000000, 0x0000000719000000, 0x0000000719200000|  0%| F|  |TAMS 0x0000000719000000| PB 0x0000000719000000| Untracked 
| 174|0x0000000719200000, 0x0000000719200000, 0x0000000719400000|  0%| F|  |TAMS 0x0000000719200000| PB 0x0000000719200000| Untracked 
| 175|0x0000000719400000, 0x0000000719400000, 0x0000000719600000|  0%| F|  |TAMS 0x0000000719400000| PB 0x0000000719400000| Untracked 
| 176|0x0000000719600000, 0x0000000719600000, 0x0000000719800000|  0%| F|  |TAMS 0x0000000719600000| PB 0x0000000719600000| Untracked 
| 177|0x0000000719800000, 0x0000000719800000, 0x0000000719a00000|  0%| F|  |TAMS 0x0000000719800000| PB 0x0000000719800000| Untracked 
| 178|0x0000000719a00000, 0x0000000719a00000, 0x0000000719c00000|  0%| F|  |TAMS 0x0000000719a00000| PB 0x0000000719a00000| Untracked 
| 179|0x0000000719c00000, 0x0000000719c00000, 0x0000000719e00000|  0%| F|  |TAMS 0x0000000719c00000| PB 0x0000000719c00000| Untracked 
| 180|0x0000000719e00000, 0x0000000719e00000, 0x000000071a000000|  0%| F|  |TAMS 0x0000000719e00000| PB 0x0000000719e00000| Untracked 
| 181|0x000000071a000000, 0x000000071a000000, 0x000000071a200000|  0%| F|  |TAMS 0x000000071a000000| PB 0x000000071a000000| Untracked 
| 182|0x000000071a200000, 0x000000071a200000, 0x000000071a400000|  0%| F|  |TAMS 0x000000071a200000| PB 0x000000071a200000| Untracked 
| 183|0x000000071a400000, 0x000000071a400000, 0x000000071a600000|  0%| F|  |TAMS 0x000000071a400000| PB 0x000000071a400000| Untracked 
| 184|0x000000071a600000, 0x000000071a600000, 0x000000071a800000|  0%| F|  |TAMS 0x000000071a600000| PB 0x000000071a600000| Untracked 
| 185|0x000000071a800000, 0x000000071a800000, 0x000000071aa00000|  0%| F|  |TAMS 0x000000071a800000| PB 0x000000071a800000| Untracked 
| 186|0x000000071aa00000, 0x000000071aa00000, 0x000000071ac00000|  0%| F|  |TAMS 0x000000071aa00000| PB 0x000000071aa00000| Untracked 
| 187|0x000000071ac00000, 0x000000071ac00000, 0x000000071ae00000|  0%| F|  |TAMS 0x000000071ac00000| PB 0x000000071ac00000| Untracked 
| 188|0x000000071ae00000, 0x000000071ae00000, 0x000000071b000000|  0%| F|  |TAMS 0x000000071ae00000| PB 0x000000071ae00000| Untracked 
| 189|0x000000071b000000, 0x000000071b000000, 0x000000071b200000|  0%| F|  |TAMS 0x000000071b000000| PB 0x000000071b000000| Untracked 
| 190|0x000000071b200000, 0x000000071b200000, 0x000000071b400000|  0%| F|  |TAMS 0x000000071b200000| PB 0x000000071b200000| Untracked 
| 191|0x000000071b400000, 0x000000071b400000, 0x000000071b600000|  0%| F|  |TAMS 0x000000071b400000| PB 0x000000071b400000| Untracked 
| 192|0x000000071b600000, 0x000000071b600000, 0x000000071b800000|  0%| F|  |TAMS 0x000000071b600000| PB 0x000000071b600000| Untracked 
| 193|0x000000071b800000, 0x000000071b800000, 0x000000071ba00000|  0%| F|  |TAMS 0x000000071b800000| PB 0x000000071b800000| Untracked 
| 194|0x000000071ba00000, 0x000000071ba00000, 0x000000071bc00000|  0%| F|  |TAMS 0x000000071ba00000| PB 0x000000071ba00000| Untracked 
| 195|0x000000071bc00000, 0x000000071bc00000, 0x000000071be00000|  0%| F|  |TAMS 0x000000071bc00000| PB 0x000000071bc00000| Untracked 
| 196|0x000000071be00000, 0x000000071be00000, 0x000000071c000000|  0%| F|  |TAMS 0x000000071be00000| PB 0x000000071be00000| Untracked 
| 197|0x000000071c000000, 0x000000071c000000, 0x000000071c200000|  0%| F|  |TAMS 0x000000071c000000| PB 0x000000071c000000| Untracked 
| 198|0x000000071c200000, 0x000000071c200000, 0x000000071c400000|  0%| F|  |TAMS 0x000000071c200000| PB 0x000000071c200000| Untracked 
| 199|0x000000071c400000, 0x000000071c400000, 0x000000071c600000|  0%| F|  |TAMS 0x000000071c400000| PB 0x000000071c400000| Untracked 
| 200|0x000000071c600000, 0x000000071c600000, 0x000000071c800000|  0%| F|  |TAMS 0x000000071c600000| PB 0x000000071c600000| Untracked 
| 201|0x000000071c800000, 0x000000071c800000, 0x000000071ca00000|  0%| F|  |TAMS 0x000000071c800000| PB 0x000000071c800000| Untracked 
| 202|0x000000071ca00000, 0x000000071ca00000, 0x000000071cc00000|  0%| F|  |TAMS 0x000000071ca00000| PB 0x000000071ca00000| Untracked 
| 203|0x000000071cc00000, 0x000000071cc00000, 0x000000071ce00000|  0%| F|  |TAMS 0x000000071cc00000| PB 0x000000071cc00000| Untracked 
| 204|0x000000071ce00000, 0x000000071ce00000, 0x000000071d000000|  0%| F|  |TAMS 0x000000071ce00000| PB 0x000000071ce00000| Untracked 
| 205|0x000000071d000000, 0x000000071d000000, 0x000000071d200000|  0%| F|  |TAMS 0x000000071d000000| PB 0x000000071d000000| Untracked 
| 206|0x000000071d200000, 0x000000071d200000, 0x000000071d400000|  0%| F|  |TAMS 0x000000071d200000| PB 0x000000071d200000| Untracked 
| 207|0x000000071d400000, 0x000000071d400000, 0x000000071d600000|  0%| F|  |TAMS 0x000000071d400000| PB 0x000000071d400000| Untracked 
| 208|0x000000071d600000, 0x000000071d600000, 0x000000071d800000|  0%| F|  |TAMS 0x000000071d600000| PB 0x000000071d600000| Untracked 
| 209|0x000000071d800000, 0x000000071d800000, 0x000000071da00000|  0%| F|  |TAMS 0x000000071d800000| PB 0x000000071d800000| Untracked 
| 210|0x000000071da00000, 0x000000071da00000, 0x000000071dc00000|  0%| F|  |TAMS 0x000000071da00000| PB 0x000000071da00000| Untracked 
| 211|0x000000071dc00000, 0x000000071dc00000, 0x000000071de00000|  0%| F|  |TAMS 0x000000071dc00000| PB 0x000000071dc00000| Untracked 
| 212|0x000000071de00000, 0x000000071de00000, 0x000000071e000000|  0%| F|  |TAMS 0x000000071de00000| PB 0x000000071de00000| Untracked 
| 213|0x000000071e000000, 0x000000071e000000, 0x000000071e200000|  0%| F|  |TAMS 0x000000071e000000| PB 0x000000071e000000| Untracked 
| 214|0x000000071e200000, 0x000000071e200000, 0x000000071e400000|  0%| F|  |TAMS 0x000000071e200000| PB 0x000000071e200000| Untracked 
| 215|0x000000071e400000, 0x000000071e400000, 0x000000071e600000|  0%| F|  |TAMS 0x000000071e400000| PB 0x000000071e400000| Untracked 
| 216|0x000000071e600000, 0x000000071e600000, 0x000000071e800000|  0%| F|  |TAMS 0x000000071e600000| PB 0x000000071e600000| Untracked 
| 217|0x000000071e800000, 0x000000071e800000, 0x000000071ea00000|  0%| F|  |TAMS 0x000000071e800000| PB 0x000000071e800000| Untracked 
| 218|0x000000071ea00000, 0x000000071ea00000, 0x000000071ec00000|  0%| F|  |TAMS 0x000000071ea00000| PB 0x000000071ea00000| Untracked 
| 219|0x000000071ec00000, 0x000000071ec00000, 0x000000071ee00000|  0%| F|  |TAMS 0x000000071ec00000| PB 0x000000071ec00000| Untracked 
| 220|0x000000071ee00000, 0x000000071ee00000, 0x000000071f000000|  0%| F|  |TAMS 0x000000071ee00000| PB 0x000000071ee00000| Untracked 
| 221|0x000000071f000000, 0x000000071f000000, 0x000000071f200000|  0%| F|  |TAMS 0x000000071f000000| PB 0x000000071f000000| Untracked 
| 222|0x000000071f200000, 0x000000071f200000, 0x000000071f400000|  0%| F|  |TAMS 0x000000071f200000| PB 0x000000071f200000| Untracked 
| 223|0x000000071f400000, 0x000000071f400000, 0x000000071f600000|  0%| F|  |TAMS 0x000000071f400000| PB 0x000000071f400000| Untracked 
| 224|0x000000071f600000, 0x000000071f600000, 0x000000071f800000|  0%| F|  |TAMS 0x000000071f600000| PB 0x000000071f600000| Untracked 
| 225|0x000000071f800000, 0x000000071f800000, 0x000000071fa00000|  0%| F|  |TAMS 0x000000071f800000| PB 0x000000071f800000| Untracked 
| 226|0x000000071fa00000, 0x000000071fa00000, 0x000000071fc00000|  0%| F|  |TAMS 0x000000071fa00000| PB 0x000000071fa00000| Untracked 
| 227|0x000000071fc00000, 0x000000071fc00000, 0x000000071fe00000|  0%| F|  |TAMS 0x000000071fc00000| PB 0x000000071fc00000| Untracked 
| 228|0x000000071fe00000, 0x000000071fe00000, 0x0000000720000000|  0%| F|  |TAMS 0x000000071fe00000| PB 0x000000071fe00000| Untracked 
| 229|0x0000000720000000, 0x0000000720000000, 0x0000000720200000|  0%| F|  |TAMS 0x0000000720000000| PB 0x0000000720000000| Untracked 
| 230|0x0000000720200000, 0x0000000720200000, 0x0000000720400000|  0%| F|  |TAMS 0x0000000720200000| PB 0x0000000720200000| Untracked 
| 231|0x0000000720400000, 0x0000000720400000, 0x0000000720600000|  0%| F|  |TAMS 0x0000000720400000| PB 0x0000000720400000| Untracked 
| 232|0x0000000720600000, 0x0000000720600000, 0x0000000720800000|  0%| F|  |TAMS 0x0000000720600000| PB 0x0000000720600000| Untracked 
| 233|0x0000000720800000, 0x0000000720800000, 0x0000000720a00000|  0%| F|  |TAMS 0x0000000720800000| PB 0x0000000720800000| Untracked 
| 234|0x0000000720a00000, 0x0000000720a00000, 0x0000000720c00000|  0%| F|  |TAMS 0x0000000720a00000| PB 0x0000000720a00000| Untracked 
| 235|0x0000000720c00000, 0x0000000720c00000, 0x0000000720e00000|  0%| F|  |TAMS 0x0000000720c00000| PB 0x0000000720c00000| Untracked 
| 236|0x0000000720e00000, 0x0000000720e00000, 0x0000000721000000|  0%| F|  |TAMS 0x0000000720e00000| PB 0x0000000720e00000| Untracked 
| 237|0x0000000721000000, 0x0000000721000000, 0x0000000721200000|  0%| F|  |TAMS 0x0000000721000000| PB 0x0000000721000000| Untracked 
| 238|0x0000000721200000, 0x0000000721200000, 0x0000000721400000|  0%| F|  |TAMS 0x0000000721200000| PB 0x0000000721200000| Untracked 
| 239|0x0000000721400000, 0x0000000721400000, 0x0000000721600000|  0%| F|  |TAMS 0x0000000721400000| PB 0x0000000721400000| Untracked 
| 240|0x0000000721600000, 0x0000000721600000, 0x0000000721800000|  0%| F|  |TAMS 0x0000000721600000| PB 0x0000000721600000| Untracked 
| 241|0x0000000721800000, 0x0000000721800000, 0x0000000721a00000|  0%| F|  |TAMS 0x0000000721800000| PB 0x0000000721800000| Untracked 
| 242|0x0000000721a00000, 0x0000000721a00000, 0x0000000721c00000|  0%| F|  |TAMS 0x0000000721a00000| PB 0x0000000721a00000| Untracked 
|2019|0x00000007ffc00000, 0x00000007ffe00000, 0x00000007ffe00000|100%| O|  |TAMS 0x00000007ffc00000| PB 0x00000007ffc00000| Untracked 
|2020|0x00000007ffe00000, 0x00000007ffe00000, 0x0000000800000000|  0%| F|  |TAMS 0x00000007ffe00000| PB 0x00000007ffe00000| Untracked 

Card table byte_map: [0x000001a1a38d0000,0x000001a1a40c0000] _byte_map_base: 0x000001a1a00b5000

Marking Bits: (CMBitMap*) 0x000001a18ab5e6b0
 Bits: [0x000001a1a40c0000, 0x000001a1a7fe8000)

Polling page: 0x000001a188a30000

Metaspace:

Usage:
  Non-class:     76.13 MB used.
      Class:      9.62 MB used.
       Both:     85.75 MB used.

Virtual space:
  Non-class space:      128.00 MB reserved,      76.75 MB ( 60%) committed,  2 nodes.
      Class space:        1.00 GB reserved,      10.06 MB ( <1%) committed,  1 nodes.
             Both:        1.12 GB reserved,      86.81 MB (  8%) committed. 

Chunk freelists:
   Non-Class:  2.23 MB
       Class:  5.81 MB
        Both:  8.05 MB

MaxMetaspaceSize: unlimited
CompressedClassSpaceSize: 1.00 GB
Initial GC threshold: 21.00 MB
Current GC threshold: 143.69 MB
CDS: off
 - commit_granule_bytes: 65536.
 - commit_granule_words: 8192.
 - virtual_space_node_default_size: 8388608.
 - enlarge_chunks_in_place: 1.
 - use_allocation_guard: 0.


Internal statistics:

num_allocs_failed_limit: 9.
num_arena_births: 938.
num_arena_deaths: 0.
num_vsnodes_births: 3.
num_vsnodes_deaths: 0.
num_space_committed: 1389.
num_space_uncommitted: 0.
num_chunks_returned_to_freelist: 9.
num_chunks_taken_from_freelist: 3210.
num_chunk_merges: 3.
num_chunk_splits: 2231.
num_chunks_enlarged: 1571.
num_inconsistent_stats: 0.

CodeHeap 'non-profiled nmethods': size=120000Kb used=6151Kb max_used=6151Kb free=113849Kb
 bounds [0x000001a19b880000, 0x000001a19be90000, 0x000001a1a2db0000]
CodeHeap 'profiled nmethods': size=120000Kb used=14951Kb max_used=14951Kb free=105048Kb
 bounds [0x000001a193db0000, 0x000001a194c50000, 0x000001a19b2e0000]
CodeHeap 'non-nmethods': size=5760Kb used=2239Kb max_used=2308Kb free=3520Kb
 bounds [0x000001a19b2e0000, 0x000001a19b550000, 0x000001a19b880000]
CodeCache: size=245760Kb, used=23341Kb, max_used=23410Kb, free=222417Kb
 total_blobs=8611, nmethods=7667, adapters=846, full_count=0
Compilation: enabled, stopped_count=0, restarted_count=0

Compilation events (20 events):
Event: 19.744 Thread 0x000001a1aab5ddf0 9367   !   3       com.st.microxplorer.mcu.Mode::initBlocks (179 bytes)
Event: 19.745 Thread 0x000001a1aab5ddf0 nmethod 9367 0x000001a194c41810 code [0x000001a194c41b20, 0x000001a194c42e30]
Event: 19.745 Thread 0x000001a1aab5ddf0 9369       3       com.st.microxplorer.util.LogicalParser::getUpdatedSem (35 bytes)
Event: 19.746 Thread 0x000001a1aab5ddf0 nmethod 9369 0x000001a194c43410 code [0x000001a194c43600, 0x000001a194c439f8]
Event: 19.751 Thread 0x000001a1aab5ddf0 9370       1       javax.swing.DefaultBoundedRangeModel::getMaximum (5 bytes)
Event: 19.751 Thread 0x000001a1aab5ddf0 nmethod 9370 0x000001a19be7ff90 code [0x000001a19be80120, 0x000001a19be801e8]
Event: 19.752 Thread 0x000001a1b42c81a0 nmethod 9364 0x000001a19be80290 code [0x000001a19be804a0, 0x000001a19be80dc0]
Event: 19.752 Thread 0x000001a1b42c81a0 9362       4       java.util.regex.Pattern$LastNode::match (45 bytes)
Event: 19.752 Thread 0x000001a1aab5ddf0 9371       1       com.st.microxplorer.mcu.RefParameter$ParamValue::getValue (5 bytes)
Event: 19.752 Thread 0x000001a1aab5ddf0 nmethod 9371 0x000001a19be81590 code [0x000001a19be81720, 0x000001a19be817f0]
Event: 19.753 Thread 0x000001a1b42c81a0 nmethod 9362 0x000001a19be81890 code [0x000001a19be81a20, 0x000001a19be81b28]
Event: 19.753 Thread 0x000001a1b42c81a0 9357 %     4       com.st.microxplorer.mcu.IP::completeIPConfiguration @ 631 (1339 bytes)
Event: 19.769 Thread 0x000001a1aab5ddf0 9374       3       java.util.regex.Pattern$Neg::<init> (10 bytes)
Event: 19.769 Thread 0x000001a1aab5ddf0 nmethod 9374 0x000001a194c43b90 code [0x000001a194c43d40, 0x000001a194c43fe0]
Event: 19.770 Thread 0x000001a1aab5ddf0 9375   !   3       com.st.microxplorer.mcu.IP::getParameterValueForParser (393 bytes)
Event: 19.774 Thread 0x000001a1aab5ddf0 nmethod 9375 0x000001a194c44090 code [0x000001a194c44940, 0x000001a194c497a0]
Event: 19.775 Thread 0x000001a1aab5ddf0 9377       3       com.bestcode.mathparser.__and::run (21 bytes)
Event: 19.776 Thread 0x000001a1aab5ddf0 nmethod 9377 0x000001a194c4b290 code [0x000001a194c4b460, 0x000001a194c4b7a0]
Event: 19.776 Thread 0x000001a1aab5ddf0 9376       3       com.st.components.util.ValuesMap::contains (8 bytes)
Event: 19.776 Thread 0x000001a1aab5ddf0 nmethod 9376 0x000001a194c4b910 code [0x000001a194c4bac0, 0x000001a194c4bc90]

GC Heap History (20 events):
Event: 18.009 GC heap after
{Heap after GC invocations=42 (full 0):
 garbage-first heap   total 251904K, used 117702K [0x0000000703600000, 0x0000000800000000)
  region size 2048K, 4 young (8192K), 4 survivors (8192K)
 Metaspace       used 87220K, committed 88256K, reserved 1179648K
  class space    used 9812K, committed 10304K, reserved 1048576K
}
Event: 18.056 GC heap before
{Heap before GC invocations=42 (full 0):
 garbage-first heap   total 251904K, used 228294K [0x0000000703600000, 0x0000000800000000)
  region size 2048K, 58 young (118784K), 4 survivors (8192K)
 Metaspace       used 87220K, committed 88256K, reserved 1179648K
  class space    used 9812K, committed 10304K, reserved 1048576K
}
Event: 18.060 GC heap after
{Heap after GC invocations=43 (full 0):
 garbage-first heap   total 411648K, used 117877K [0x0000000703600000, 0x0000000800000000)
  region size 2048K, 4 young (8192K), 4 survivors (8192K)
 Metaspace       used 87220K, committed 88256K, reserved 1179648K
  class space    used 9812K, committed 10304K, reserved 1048576K
}
Event: 18.387 GC heap before
{Heap before GC invocations=44 (full 0):
 garbage-first heap   total 397312K, used 347253K [0x0000000703600000, 0x0000000800000000)
  region size 2048K, 116 young (237568K), 4 survivors (8192K)
 Metaspace       used 87275K, committed 88384K, reserved 1179648K
  class space    used 9812K, committed 10304K, reserved 1048576K
}
Event: 18.392 GC heap after
{Heap after GC invocations=45 (full 0):
 garbage-first heap   total 397312K, used 119973K [0x0000000703600000, 0x0000000800000000)
  region size 2048K, 5 young (10240K), 5 survivors (10240K)
 Metaspace       used 87275K, committed 88384K, reserved 1179648K
  class space    used 9812K, committed 10304K, reserved 1048576K
}
Event: 18.512 GC heap before
{Heap before GC invocations=45 (full 0):
 garbage-first heap   total 397312K, used 347301K [0x0000000703600000, 0x0000000800000000)
  region size 2048K, 116 young (237568K), 5 survivors (10240K)
 Metaspace       used 87294K, committed 88384K, reserved 1179648K
  class space    used 9812K, committed 10304K, reserved 1048576K
}
Event: 18.518 GC heap after
{Heap after GC invocations=46 (full 0):
 garbage-first heap   total 397312K, used 119318K [0x0000000703600000, 0x0000000800000000)
  region size 2048K, 6 young (12288K), 6 survivors (12288K)
 Metaspace       used 87294K, committed 88384K, reserved 1179648K
  class space    used 9812K, committed 10304K, reserved 1048576K
}
Event: 18.629 GC heap before
{Heap before GC invocations=46 (full 0):
 garbage-first heap   total 397312K, used 344598K [0x0000000703600000, 0x0000000800000000)
  region size 2048K, 116 young (237568K), 6 survivors (12288K)
 Metaspace       used 87304K, committed 88384K, reserved 1179648K
  class space    used 9812K, committed 10304K, reserved 1048576K
}
Event: 18.634 GC heap after
{Heap after GC invocations=47 (full 0):
 garbage-first heap   total 397312K, used 120416K [0x0000000703600000, 0x0000000800000000)
  region size 2048K, 6 young (12288K), 6 survivors (12288K)
 Metaspace       used 87304K, committed 88384K, reserved 1179648K
  class space    used 9812K, committed 10304K, reserved 1048576K
}
Event: 18.756 GC heap before
{Heap before GC invocations=47 (full 0):
 garbage-first heap   total 397312K, used 345696K [0x0000000703600000, 0x0000000800000000)
  region size 2048K, 116 young (237568K), 6 survivors (12288K)
 Metaspace       used 87329K, committed 88384K, reserved 1179648K
  class space    used 9812K, committed 10304K, reserved 1048576K
}
Event: 18.761 GC heap after
{Heap after GC invocations=48 (full 0):
 garbage-first heap   total 397312K, used 121318K [0x0000000703600000, 0x0000000800000000)
  region size 2048K, 7 young (14336K), 7 survivors (14336K)
 Metaspace       used 87329K, committed 88384K, reserved 1179648K
  class space    used 9812K, committed 10304K, reserved 1048576K
}
Event: 18.863 GC heap before
{Heap before GC invocations=48 (full 0):
 garbage-first heap   total 397312K, used 344550K [0x0000000703600000, 0x0000000800000000)
  region size 2048K, 116 young (237568K), 7 survivors (14336K)
 Metaspace       used 87334K, committed 88384K, reserved 1179648K
  class space    used 9812K, committed 10304K, reserved 1048576K
}
Event: 18.885 GC heap after
{Heap after GC invocations=49 (full 0):
 garbage-first heap   total 501760K, used 122525K [0x0000000703600000, 0x0000000800000000)
  region size 2048K, 7 young (14336K), 7 survivors (14336K)
 Metaspace       used 87334K, committed 88384K, reserved 1179648K
  class space    used 9812K, committed 10304K, reserved 1048576K
}
Event: 19.018 GC heap before
{Heap before GC invocations=49 (full 0):
 garbage-first heap   total 501760K, used 409245K [0x0000000703600000, 0x0000000800000000)
  region size 2048K, 147 young (301056K), 7 survivors (14336K)
 Metaspace       used 87349K, committed 88448K, reserved 1179648K
  class space    used 9812K, committed 10304K, reserved 1048576K
}
Event: 19.024 GC heap after
{Heap after GC invocations=50 (full 0):
 garbage-first heap   total 501760K, used 124151K [0x0000000703600000, 0x0000000800000000)
  region size 2048K, 8 young (16384K), 8 survivors (16384K)
 Metaspace       used 87349K, committed 88448K, reserved 1179648K
  class space    used 9812K, committed 10304K, reserved 1048576K
}
Event: 19.207 GC heap before
{Heap before GC invocations=50 (full 0):
 garbage-first heap   total 501760K, used 408823K [0x0000000703600000, 0x0000000800000000)
  region size 2048K, 147 young (301056K), 8 survivors (16384K)
 Metaspace       used 87350K, committed 88448K, reserved 1179648K
  class space    used 9812K, committed 10304K, reserved 1048576K
}
Event: 19.214 GC heap after
{Heap after GC invocations=51 (full 0):
 garbage-first heap   total 501760K, used 125673K [0x0000000703600000, 0x0000000800000000)
  region size 2048K, 9 young (18432K), 9 survivors (18432K)
 Metaspace       used 87350K, committed 88448K, reserved 1179648K
  class space    used 9812K, committed 10304K, reserved 1048576K
}
Event: 19.406 GC heap before
{Heap before GC invocations=51 (full 0):
 garbage-first heap   total 501760K, used 408297K [0x0000000703600000, 0x0000000800000000)
  region size 2048K, 147 young (301056K), 9 survivors (18432K)
 Metaspace       used 87361K, committed 88448K, reserved 1179648K
  class space    used 9812K, committed 10304K, reserved 1048576K
}
Event: 19.414 GC heap after
{Heap after GC invocations=52 (full 0):
 garbage-first heap   total 501760K, used 127822K [0x0000000703600000, 0x0000000800000000)
  region size 2048K, 10 young (20480K), 10 survivors (20480K)
 Metaspace       used 87361K, committed 88448K, reserved 1179648K
  class space    used 9812K, committed 10304K, reserved 1048576K
}
Event: 19.782 GC heap before
{Heap before GC invocations=52 (full 0):
 garbage-first heap   total 501760K, used 408398K [0x0000000703600000, 0x0000000800000000)
  region size 2048K, 147 young (301056K), 10 survivors (20480K)
 Metaspace       used 87810K, committed 88896K, reserved 1179648K
  class space    used 9849K, committed 10304K, reserved 1048576K
}

Dll operation events (19 events):
Event: 0.011 Loaded shared library D:\Program Files\STMicroelectronics\STM32Cube\STM32CubeMX\jre\bin\java.dll
Event: 0.063 Loaded shared library D:\Program Files\STMicroelectronics\STM32Cube\STM32CubeMX\jre\bin\jsvml.dll
Event: 0.110 Loaded shared library D:\Program Files\STMicroelectronics\STM32Cube\STM32CubeMX\jre\bin\net.dll
Event: 0.112 Loaded shared library D:\Program Files\STMicroelectronics\STM32Cube\STM32CubeMX\jre\bin\nio.dll
Event: 0.146 Loaded shared library D:\Program Files\STMicroelectronics\STM32Cube\STM32CubeMX\jre\bin\zip.dll
Event: 0.178 Loaded shared library D:\Program Files\STMicroelectronics\STM32Cube\STM32CubeMX\jre\bin\jimage.dll
Event: 0.366 Loaded shared library D:\Program Files\STMicroelectronics\STM32Cube\STM32CubeMX\jre\bin\management.dll
Event: 0.374 Loaded shared library D:\Program Files\STMicroelectronics\STM32Cube\STM32CubeMX\jre\bin\management_ext.dll
Event: 0.876 Loaded shared library D:\Program Files\STMicroelectronics\STM32Cube\STM32CubeMX\jre\bin\awt.dll
Event: 1.078 Loaded shared library D:\Program Files\STMicroelectronics\STM32Cube\STM32CubeMX\jre\bin\freetype.dll
Event: 1.079 Loaded shared library D:\Program Files\STMicroelectronics\STM32Cube\STM32CubeMX\jre\bin\fontmanager.dll
Event: 1.195 Loaded shared library D:\Program Files\STMicroelectronics\STM32Cube\STM32CubeMX\jre\bin\verify.dll
Event: 1.287 Loaded shared library D:\Program Files\STMicroelectronics\STM32Cube\STM32CubeMX\jre\bin\prefs.dll
Event: 1.388 Loaded shared library C:\Users\84007\AppData\Local\Temp\jna-53313979\jna11123671658929910126.dll
Event: 9.185 Loaded shared library D:\Program Files\STMicroelectronics\STM32Cube\STM32CubeMX\jre\bin\sunmscapi.dll
Event: 9.346 Loaded shared library D:\Program Files\STMicroelectronics\STM32Cube\STM32CubeMX\jre\bin\extnet.dll
Event: 10.259 Loaded shared library D:\Program Files\STMicroelectronics\STM32Cube\STM32CubeMX\jre\bin\javajpeg.dll
Event: 12.403 Loaded shared library C:\Users\84007\.stm32cubemx\.jxbrowser-8.11.0\Chromium\toolkit64.dll
Event: 12.681 Loaded shared library C:\Users\84007\.stm32cubemx\.jxbrowser-8.11.0\Chromium\ipc64.dll

Deoptimization events (20 events):
Event: 19.698 Thread 0x000001a1b4aa79e0 Uncommon trap: trap_request=0xffffff45 fr.pc=0x000001a19be08214 relative=0x0000000000003674
Event: 19.698 Thread 0x000001a1b4aa79e0 Uncommon trap: reason=unstable_if action=reinterpret pc=0x000001a19be08214 method=com.st.microxplorer.mcu.IP.isRefParamDuplicated(Ljava/lang/String;Lcom/st/microxplorer/mcu/RefParameter;)Z @ 298 c2
Event: 19.698 Thread 0x000001a1b4aa79e0 DEOPT PACKING pc=0x000001a19be08214 sp=0x0000007fdeefe5f0
Event: 19.698 Thread 0x000001a1b4aa79e0 DEOPT UNPACKING pc=0x000001a19b337da2 sp=0x0000007fdeefe618 mode 2
Event: 19.710 Thread 0x000001a1b4aa79e0 Uncommon trap: trap_request=0xfffffff4 fr.pc=0x000001a19bd11e14 relative=0x0000000000003314
Event: 19.710 Thread 0x000001a1b4aa79e0 Uncommon trap: reason=null_check action=make_not_entrant pc=0x000001a19bd11e14 method=com.st.microxplorer.mcu.IP.getParameter(Ljava/lang/String;Ljava/lang/String;)Lcom/st/microxplorer/mcu/RefParameter; @ 424 c2
Event: 19.710 Thread 0x000001a1b4aa79e0 DEOPT PACKING pc=0x000001a19bd11e14 sp=0x0000007fdeefe510
Event: 19.710 Thread 0x000001a1b4aa79e0 DEOPT UNPACKING pc=0x000001a19b337da2 sp=0x0000007fdeefe518 mode 2
Event: 19.769 Thread 0x000001a1b4aa79e0 Uncommon trap: trap_request=0xffffffde fr.pc=0x000001a19be7b9d4 relative=0x00000000000002b4
Event: 19.769 Thread 0x000001a1b4aa79e0 Uncommon trap: reason=class_check action=maybe_recompile pc=0x000001a19be7b9d4 method=java.util.regex.Pattern$Curly.match(Ljava/util/regex/Matcher;ILjava/lang/CharSequence;)Z @ 19 c2
Event: 19.769 Thread 0x000001a1b4aa79e0 DEOPT PACKING pc=0x000001a19be7b9d4 sp=0x0000007fdeefdd00
Event: 19.769 Thread 0x000001a1b4aa79e0 DEOPT UNPACKING pc=0x000001a19b337da2 sp=0x0000007fdeefdca0 mode 2
Event: 19.769 Thread 0x000001a1b4aa79e0 Uncommon trap: trap_request=0xffffffde fr.pc=0x000001a19be7b9d4 relative=0x00000000000002b4
Event: 19.769 Thread 0x000001a1b4aa79e0 Uncommon trap: reason=class_check action=maybe_recompile pc=0x000001a19be7b9d4 method=java.util.regex.Pattern$Curly.match(Ljava/util/regex/Matcher;ILjava/lang/CharSequence;)Z @ 19 c2
Event: 19.769 Thread 0x000001a1b4aa79e0 DEOPT PACKING pc=0x000001a19be7b9d4 sp=0x0000007fdeefd830
Event: 19.769 Thread 0x000001a1b4aa79e0 DEOPT UNPACKING pc=0x000001a19b337da2 sp=0x0000007fdeefd7d0 mode 2
Event: 19.769 Thread 0x000001a1b4aa79e0 Uncommon trap: trap_request=0xffffffde fr.pc=0x000001a19be7b9d4 relative=0x00000000000002b4
Event: 19.769 Thread 0x000001a1b4aa79e0 Uncommon trap: reason=class_check action=maybe_recompile pc=0x000001a19be7b9d4 method=java.util.regex.Pattern$Curly.match(Ljava/util/regex/Matcher;ILjava/lang/CharSequence;)Z @ 19 c2
Event: 19.770 Thread 0x000001a1b4aa79e0 DEOPT PACKING pc=0x000001a19be7b9d4 sp=0x0000007fdeefdd00
Event: 19.770 Thread 0x000001a1b4aa79e0 DEOPT UNPACKING pc=0x000001a19b337da2 sp=0x0000007fdeefdca0 mode 2

Classes loaded (20 events):
Event: 17.357 Loading class java/awt/KeyboardFocusManager$LightweightFocusRequest
Event: 17.357 Loading class java/awt/KeyboardFocusManager$LightweightFocusRequest done
Event: 17.360 Loading class javax/swing/Autoscroller
Event: 17.360 Loading class javax/swing/Autoscroller done
Event: 17.363 Loading class java/awt/KeyboardFocusManager$3
Event: 17.363 Loading class java/awt/KeyboardFocusManager$3 done
Event: 17.371 Loading class sun/awt/im/CompositionAreaHandler
Event: 17.371 Loading class sun/awt/im/CompositionAreaHandler done
Event: 17.371 Loading class java/text/AttributedString
Event: 17.371 Loading class java/text/AttributedString done
Event: 17.371 Loading class java/text/AttributedString$AttributedStringIterator
Event: 17.372 Loading class java/text/AttributedCharacterIterator
Event: 17.372 Loading class java/text/AttributedCharacterIterator done
Event: 17.372 Loading class java/text/AttributedString$AttributedStringIterator done
Event: 19.607 Loading class java/util/regex/Pattern$Bound
Event: 19.607 Loading class java/util/regex/Pattern$Bound done
Event: 19.607 Loading class java/util/regex/Pattern$Neg
Event: 19.607 Loading class java/util/regex/Pattern$Neg done
Event: 19.759 Loading class jdk/internal/math/FloatingDecimal$HexFloatPattern
Event: 19.759 Loading class jdk/internal/math/FloatingDecimal$HexFloatPattern done

Classes unloaded (0 events):
No events

Classes redefined (0 events):
No events

Internal exceptions (20 events):
Event: 17.625 Thread 0x000001a1b4aa79e0 Exception <a 'java/lang/NullPointerException'{0x00000007112b5a40}> (0x00000007112b5a40) 
thrown [s\src\hotspot\share\runtime\sharedRuntime.cpp, line 625]
Event: 17.628 Thread 0x000001a1b4aa79e0 Implicit null exception at 0x000001a194322c1b to 0x000001a1943236ab
Event: 17.628 Thread 0x000001a1b4aa79e0 Exception <a 'java/lang/NullPointerException'{0x00000007112c4e40}> (0x00000007112c4e40) 
thrown [s\src\hotspot\share\runtime\sharedRuntime.cpp, line 625]
Event: 17.628 Thread 0x000001a1b4aa79e0 Implicit null exception at 0x000001a194322c1b to 0x000001a1943236ab
Event: 17.628 Thread 0x000001a1b4aa79e0 Exception <a 'java/lang/NullPointerException'{0x00000007112c5528}> (0x00000007112c5528) 
thrown [s\src\hotspot\share\runtime\sharedRuntime.cpp, line 625]
Event: 17.629 Thread 0x000001a1b4aa79e0 Implicit null exception at 0x000001a194322c1b to 0x000001a1943236ab
Event: 17.629 Thread 0x000001a1b4aa79e0 Exception <a 'java/lang/NullPointerException'{0x00000007112c9480}> (0x00000007112c9480) 
thrown [s\src\hotspot\share\runtime\sharedRuntime.cpp, line 625]
Event: 17.629 Thread 0x000001a1b4aa79e0 Implicit null exception at 0x000001a194322c1b to 0x000001a1943236ab
Event: 17.629 Thread 0x000001a1b4aa79e0 Exception <a 'java/lang/NullPointerException'{0x00000007112c9b68}> (0x00000007112c9b68) 
thrown [s\src\hotspot\share\runtime\sharedRuntime.cpp, line 625]
Event: 17.630 Thread 0x000001a1b4aa79e0 Implicit null exception at 0x000001a194322c1b to 0x000001a1943236ab
Event: 17.630 Thread 0x000001a1b4aa79e0 Exception <a 'java/lang/NullPointerException'{0x00000007112d0f08}> (0x00000007112d0f08) 
thrown [s\src\hotspot\share\runtime\sharedRuntime.cpp, line 625]
Event: 17.630 Thread 0x000001a1b4aa79e0 Implicit null exception at 0x000001a194322c1b to 0x000001a1943236ab
Event: 17.630 Thread 0x000001a1b4aa79e0 Exception <a 'java/lang/NullPointerException'{0x00000007112d15f0}> (0x00000007112d15f0) 
thrown [s\src\hotspot\share\runtime\sharedRuntime.cpp, line 625]
Event: 17.631 Thread 0x000001a1b4aa79e0 Implicit null exception at 0x000001a194322c1b to 0x000001a1943236ab
Event: 17.631 Thread 0x000001a1b4aa79e0 Exception <a 'java/lang/NullPointerException'{0x00000007112d8e70}> (0x00000007112d8e70) 
thrown [s\src\hotspot\share\runtime\sharedRuntime.cpp, line 625]
Event: 17.631 Thread 0x000001a1b4aa79e0 Implicit null exception at 0x000001a194322c1b to 0x000001a1943236ab
Event: 17.631 Thread 0x000001a1b4aa79e0 Exception <a 'java/lang/NullPointerException'{0x00000007112d9558}> (0x00000007112d9558) 
thrown [s\src\hotspot\share\runtime\sharedRuntime.cpp, line 625]
Event: 19.570 Thread 0x000001a1b4aa79e0 Exception <a 'java/io/IOException'{0x00000007145d2cd0}> (0x00000007145d2cd0) 
thrown [s\src\hotspot\share\prims\jni.cpp, line 520]
Event: 19.570 Thread 0x000001a1b4aa79e0 Exception <a 'java/io/IOException'{0x00000007145d3290}> (0x00000007145d3290) 
thrown [s\src\hotspot\share\prims\jni.cpp, line 520]
Event: 19.607 Thread 0x000001a1b4aa79e0 Implicit null exception at 0x000001a19bcb5e18 to 0x000001a19bcb9a24

ZGC Phase Switch (0 events):
No events

VM Operations (20 events):
Event: 18.392 Executing VM operation: G1CollectForAllocation (G1 Evacuation Pause) done
Event: 18.512 Executing VM operation: G1CollectForAllocation (G1 Evacuation Pause)
Event: 18.518 Executing VM operation: G1CollectForAllocation (G1 Evacuation Pause) done
Event: 18.629 Executing VM operation: G1CollectForAllocation (G1 Evacuation Pause)
Event: 18.634 Executing VM operation: G1CollectForAllocation (G1 Evacuation Pause) done
Event: 18.756 Executing VM operation: G1CollectForAllocation (G1 Evacuation Pause)
Event: 18.761 Executing VM operation: G1CollectForAllocation (G1 Evacuation Pause) done
Event: 18.863 Executing VM operation: G1CollectForAllocation (G1 Evacuation Pause)
Event: 18.886 Executing VM operation: G1CollectForAllocation (G1 Evacuation Pause) done
Event: 19.018 Executing VM operation: G1CollectForAllocation (G1 Evacuation Pause)
Event: 19.024 Executing VM operation: G1CollectForAllocation (G1 Evacuation Pause) done
Event: 19.207 Executing VM operation: G1CollectForAllocation (G1 Evacuation Pause)
Event: 19.214 Executing VM operation: G1CollectForAllocation (G1 Evacuation Pause) done
Event: 19.406 Executing VM operation: G1CollectForAllocation (G1 Evacuation Pause)
Event: 19.414 Executing VM operation: G1CollectForAllocation (G1 Evacuation Pause) done
Event: 19.583 Executing VM operation: HandshakeAllThreads (Deoptimize)
Event: 19.584 Executing VM operation: HandshakeAllThreads (Deoptimize) done
Event: 19.591 Executing VM operation: HandshakeAllThreads (Deoptimize)
Event: 19.591 Executing VM operation: HandshakeAllThreads (Deoptimize) done
Event: 19.782 Executing VM operation: G1CollectForAllocation (G1 Evacuation Pause)

Memory protections (0 events):
No events

Nmethod flushes (20 events):
Event: 18.112 Thread 0x000001a1aaa184d0 flushing  nmethod 0x000001a193dede90
Event: 18.112 Thread 0x000001a1aaa184d0 flushing  nmethod 0x000001a193e0e590
Event: 18.112 Thread 0x000001a1aaa184d0 flushing  nmethod 0x000001a193e3dc10
Event: 18.112 Thread 0x000001a1aaa184d0 flushing  nmethod 0x000001a193e40f10
Event: 18.112 Thread 0x000001a1aaa184d0 flushing  nmethod 0x000001a193e78390
Event: 18.112 Thread 0x000001a1aaa184d0 flushing  nmethod 0x000001a193f65890
Event: 18.112 Thread 0x000001a1aaa184d0 flushing  nmethod 0x000001a193faf190
Event: 18.112 Thread 0x000001a1aaa184d0 flushing  nmethod 0x000001a19416bf90
Event: 18.112 Thread 0x000001a1aaa184d0 flushing  nmethod 0x000001a194170390
Event: 18.112 Thread 0x000001a1aaa184d0 flushing  nmethod 0x000001a194172190
Event: 18.112 Thread 0x000001a1aaa184d0 flushing  nmethod 0x000001a1941fdb10
Event: 18.112 Thread 0x000001a1aaa184d0 flushing  nmethod 0x000001a194249390
Event: 18.112 Thread 0x000001a1aaa184d0 flushing  nmethod 0x000001a19433f590
Event: 18.112 Thread 0x000001a1aaa184d0 flushing  nmethod 0x000001a1943d6910
Event: 18.112 Thread 0x000001a1aaa184d0 flushing  nmethod 0x000001a1943df490
Event: 18.112 Thread 0x000001a1aaa184d0 flushing  nmethod 0x000001a1945bf990
Event: 18.112 Thread 0x000001a1aaa184d0 flushing  nmethod 0x000001a19482c390
Event: 18.112 Thread 0x000001a1aaa184d0 flushing  nmethod 0x000001a194865990
Event: 18.112 Thread 0x000001a1aaa184d0 flushing  nmethod 0x000001a194928490
Event: 18.112 Thread 0x000001a1aaa184d0 flushing  nmethod 0x000001a194a26e10

Events (20 events):
Event: 19.542 Thread 0x000001a1b4aa79e0 Thread added: 0x000001a1b4aa5910
Event: 19.542 Thread 0x000001a1b4aa5910 Thread exited: 0x000001a1b4aa5910
Event: 19.543 Thread 0x000001a1b4aa79e0 Thread added: 0x000001a1b4aa7350
Event: 19.543 Thread 0x000001a1b4aa7350 Thread exited: 0x000001a1b4aa7350
Event: 19.543 Thread 0x000001a1b4aa79e0 Thread added: 0x000001a1b4aa5910
Event: 19.543 Thread 0x000001a1b4aa5910 Thread exited: 0x000001a1b4aa5910
Event: 19.543 Thread 0x000001a1b4aa79e0 Thread added: 0x000001a1b4aa6630
Event: 19.543 Thread 0x000001a1b4aa6630 Thread exited: 0x000001a1b4aa6630
Event: 19.543 Thread 0x000001a1b4aa79e0 Thread added: 0x000001a1b4aa5910
Event: 19.543 Thread 0x000001a1b4aa5910 Thread exited: 0x000001a1b4aa5910
Event: 19.544 Thread 0x000001a1b4aa79e0 Thread added: 0x000001a1b4aa6630
Event: 19.544 Thread 0x000001a1b4aa79e0 Thread added: 0x000001a1b4aa5910
Event: 19.544 Thread 0x000001a1b4aa6630 Thread exited: 0x000001a1b4aa6630
Event: 19.544 Thread 0x000001a1b4aa5910 Thread exited: 0x000001a1b4aa5910
Event: 19.544 Thread 0x000001a1b4aa79e0 Thread added: 0x000001a1b4aa7350
Event: 19.544 Thread 0x000001a1b4aa7350 Thread exited: 0x000001a1b4aa7350
Event: 19.547 Thread 0x000001a1b4aa79e0 Thread added: 0x000001a1b4aa5910
Event: 19.548 Thread 0x000001a1b4aa5910 Thread exited: 0x000001a1b4aa5910
Event: 19.548 Thread 0x000001a1b4aa79e0 Thread added: 0x000001a1b4aa5910
Event: 19.548 Thread 0x000001a1b4aa5910 Thread exited: 0x000001a1b4aa5910


Dynamic libraries:
0x00007ff7ae8f0000 - 0x00007ff7ae8fe000 	D:\Program Files\STMicroelectronics\STM32Cube\STM32CubeMX\jre\bin\javaw.exe
0x00007ffc67440000 - 0x00007ffc676a7000 	C:\WINDOWS\SYSTEM32\ntdll.dll
0x00007ffc66790000 - 0x00007ffc66859000 	C:\WINDOWS\System32\KERNEL32.DLL
0x00007ffc63d20000 - 0x00007ffc64111000 	C:\WINDOWS\System32\KERNELBASE.dll
0x00007ffc60e40000 - 0x00007ffc60edf000 	C:\WINDOWS\SYSTEM32\apphelp.dll
0x00007ffc646c0000 - 0x00007ffc6480b000 	C:\WINDOWS\System32\ucrtbase.dll
0x00007ffc559e0000 - 0x00007ffc559f8000 	D:\Program Files\STMicroelectronics\STM32Cube\STM32CubeMX\jre\bin\jli.dll
0x00007ffc324f0000 - 0x00007ffc3250e000 	D:\Program Files\STMicroelectronics\STM32Cube\STM32CubeMX\jre\bin\VCRUNTIME140.dll
0x00007ffc66f50000 - 0x00007ffc67115000 	C:\WINDOWS\System32\USER32.dll
0x00007ffc45250000 - 0x00007ffc454e3000 	C:\WINDOWS\WinSxS\amd64_microsoft.windows.common-controls_6595b64144ccf1df_6.0.26100.8037_none_3e092faae333b53b\COMCTL32.dll
0x00007ffc65080000 - 0x00007ffc650a7000 	C:\WINDOWS\System32\win32u.dll
0x00007ffc67120000 - 0x00007ffc671c9000 	C:\WINDOWS\System32\msvcrt.dll
0x00007ffc65e10000 - 0x00007ffc65e3b000 	C:\WINDOWS\System32\GDI32.dll
0x00007ffc650b0000 - 0x00007ffc651db000 	C:\WINDOWS\System32\gdi32full.dll
0x00007ffc64400000 - 0x00007ffc644a3000 	C:\WINDOWS\System32\msvcp_win.dll
0x00007ffc66f10000 - 0x00007ffc66f41000 	C:\WINDOWS\System32\IMM32.DLL
0x00007ffc5b1f0000 - 0x00007ffc5b1fc000 	D:\Program Files\STMicroelectronics\STM32Cube\STM32CubeMX\jre\bin\vcruntime140_1.dll
0x00007ffc32460000 - 0x00007ffc324ed000 	D:\Program Files\STMicroelectronics\STM32Cube\STM32CubeMX\jre\bin\msvcp140.dll
0x00007ffbab230000 - 0x00007ffbabfc7000 	D:\Program Files\STMicroelectronics\STM32Cube\STM32CubeMX\jre\bin\server\jvm.dll
0x00007ffc65d50000 - 0x00007ffc65e0b000 	C:\WINDOWS\System32\ADVAPI32.dll
0x00007ffc65970000 - 0x00007ffc65a17000 	C:\WINDOWS\System32\sechost.dll
0x00007ffc65260000 - 0x00007ffc65378000 	C:\WINDOWS\System32\RPCRT4.dll
0x00007ffc651e0000 - 0x00007ffc65254000 	C:\WINDOWS\System32\WS2_32.dll
0x00007ffc63b40000 - 0x00007ffc63b9e000 	C:\WINDOWS\SYSTEM32\POWRPROF.dll
0x00007ffc5b310000 - 0x00007ffc5b31b000 	C:\WINDOWS\SYSTEM32\VERSION.dll
0x00007ffc61bf0000 - 0x00007ffc61c25000 	C:\WINDOWS\SYSTEM32\WINMM.dll
0x00007ffc63b20000 - 0x00007ffc63b34000 	C:\WINDOWS\SYSTEM32\UMPDC.dll
0x00007ffc62a50000 - 0x00007ffc62a6b000 	C:\WINDOWS\SYSTEM32\kernel.appcore.dll
0x00007ffc32450000 - 0x00007ffc3245a000 	D:\Program Files\STMicroelectronics\STM32Cube\STM32CubeMX\jre\bin\jimage.dll
0x00007ffc61910000 - 0x00007ffc61b52000 	C:\WINDOWS\SYSTEM32\DBGHELP.DLL
0x00007ffc655e0000 - 0x00007ffc65962000 	C:\WINDOWS\System32\combase.dll
0x00007ffc666b0000 - 0x00007ffc66787000 	C:\WINDOWS\System32\OLEAUT32.dll
0x00007ffc61bb0000 - 0x00007ffc61beb000 	C:\WINDOWS\SYSTEM32\dbgcore.DLL
0x00007ffc641e0000 - 0x00007ffc64285000 	C:\WINDOWS\System32\bcryptPrimitives.dll
0x00007ffc32430000 - 0x00007ffc3244f000 	D:\Program Files\STMicroelectronics\STM32Cube\STM32CubeMX\jre\bin\java.dll
0x00007ffc65f40000 - 0x00007ffc6669f000 	C:\WINDOWS\System32\SHELL32.dll
0x00007ffc64290000 - 0x00007ffc643fa000 	C:\WINDOWS\System32\wintypes.dll
0x00007ffc64810000 - 0x00007ffc65074000 	C:\WINDOWS\System32\windows.storage.dll
0x00007ffc65470000 - 0x00007ffc65567000 	C:\WINDOWS\System32\SHCORE.dll
0x00007ffc671d0000 - 0x00007ffc67237000 	C:\WINDOWS\System32\shlwapi.dll
0x00007ffc63c00000 - 0x00007ffc63c29000 	C:\WINDOWS\SYSTEM32\profapi.dll
0x00007ffbb3f50000 - 0x00007ffbb4027000 	D:\Program Files\STMicroelectronics\STM32Cube\STM32CubeMX\jre\bin\jsvml.dll
0x00007ffc32420000 - 0x00007ffc32430000 	D:\Program Files\STMicroelectronics\STM32Cube\STM32CubeMX\jre\bin\net.dll
0x00007ffc5d180000 - 0x00007ffc5d2a7000 	C:\WINDOWS\SYSTEM32\WINHTTP.dll
0x00007ffc62fe0000 - 0x00007ffc6304b000 	C:\WINDOWS\system32\mswsock.dll
0x00007ffc32400000 - 0x00007ffc32416000 	D:\Program Files\STMicroelectronics\STM32Cube\STM32CubeMX\jre\bin\nio.dll
0x00007ffc323e0000 - 0x00007ffc323f8000 	D:\Program Files\STMicroelectronics\STM32Cube\STM32CubeMX\jre\bin\zip.dll
0x00007ffc2f0c0000 - 0x00007ffc2f0ca000 	D:\Program Files\STMicroelectronics\STM32Cube\STM32CubeMX\jre\bin\management.dll
0x00007ffc2ec60000 - 0x00007ffc2ec6b000 	D:\Program Files\STMicroelectronics\STM32Cube\STM32CubeMX\jre\bin\management_ext.dll
0x00007ffc655d0000 - 0x00007ffc655d8000 	C:\WINDOWS\System32\PSAPI.DLL
0x00007ffc35db0000 - 0x00007ffc35dc8000 	C:\WINDOWS\system32\napinsp.dll
0x00007ffc62520000 - 0x00007ffc6264a000 	C:\WINDOWS\SYSTEM32\DNSAPI.dll
0x00007ffc62480000 - 0x00007ffc624b3000 	C:\WINDOWS\SYSTEM32\IPHLPAPI.DLL
0x00007ffc655c0000 - 0x00007ffc655ca000 	C:\WINDOWS\System32\NSI.dll
0x00007ffc35cc0000 - 0x00007ffc35cd2000 	C:\WINDOWS\System32\winrnr.dll
0x00007ffc35c90000 - 0x00007ffc35cb2000 	C:\WINDOWS\system32\nlansp_c.dll
0x00007ffc51920000 - 0x00007ffc51936000 	C:\WINDOWS\system32\wshbth.dll
0x00007ffc5b320000 - 0x00007ffc5b32b000 	C:\Windows\System32\rasadhlp.dll
0x00007ffc5dbf0000 - 0x00007ffc5dc76000 	C:\WINDOWS\System32\fwpuclnt.dll
0x00007ffbb3dc0000 - 0x00007ffbb3f4e000 	D:\Program Files\STMicroelectronics\STM32Cube\STM32CubeMX\jre\bin\awt.dll
0x00007ffc632c0000 - 0x00007ffc632db000 	C:\WINDOWS\SYSTEM32\CRYPTSP.dll
0x00007ffc629b0000 - 0x00007ffc629e9000 	C:\WINDOWS\system32\rsaenh.dll
0x00007ffc63090000 - 0x00007ffc630c2000 	C:\WINDOWS\SYSTEM32\USERENV.dll
0x00007ffc63bd0000 - 0x00007ffc63bfa000 	C:\WINDOWS\SYSTEM32\bcrypt.dll
0x00007ffc632e0000 - 0x00007ffc632ec000 	C:\WINDOWS\SYSTEM32\CRYPTBASE.dll
0x00007ffc610b0000 - 0x00007ffc6115a000 	C:\WINDOWS\system32\uxtheme.dll
0x00007ffc66db0000 - 0x00007ffc66f0d000 	C:\WINDOWS\System32\MSCTF.dll
0x00007ffc67260000 - 0x00007ffc673f5000 	C:\WINDOWS\System32\ole32.dll
0x00007ffc61350000 - 0x00007ffc6137e000 	C:\WINDOWS\system32\DWMAPI.DLL
0x00007ffc4e830000 - 0x00007ffc4e93e000 	C:\WINDOWS\system32\opengl32.dll
0x00007ffc54600000 - 0x00007ffc5462d000 	C:\WINDOWS\SYSTEM32\GLU32.dll
0x00007ffc61190000 - 0x00007ffc611d3000 	C:\WINDOWS\SYSTEM32\dxcore.dll
0x00007ffbfa070000 - 0x00007ffbfa0f7000 	D:\Program Files\STMicroelectronics\STM32Cube\STM32CubeMX\jre\bin\freetype.dll
0x00007ffbb3cd0000 - 0x00007ffbb3dbb000 	D:\Program Files\STMicroelectronics\STM32Cube\STM32CubeMX\jre\bin\fontmanager.dll
0x00007ffc5faa0000 - 0x00007ffc5faae000 	C:\WINDOWS\SYSTEM32\WINNSI.DLL
0x00007ffc2de80000 - 0x00007ffc2de90000 	D:\Program Files\STMicroelectronics\STM32Cube\STM32CubeMX\jre\bin\verify.dll
0x00007ffc2d880000 - 0x00007ffc2d889000 	D:\Program Files\STMicroelectronics\STM32Cube\STM32CubeMX\jre\bin\prefs.dll
0x00007ffbfeba0000 - 0x00007ffbfebe1000 	C:\Users\84007\AppData\Local\Temp\jna-53313979\jna11123671658929910126.dll
0x00007ffc2cd20000 - 0x00007ffc2cd2e000 	D:\Program Files\STMicroelectronics\STM32Cube\STM32CubeMX\jre\bin\sunmscapi.dll
0x00007ffc64540000 - 0x00007ffc646b7000 	C:\WINDOWS\System32\CRYPT32.dll
0x00007ffc634e0000 - 0x00007ffc63510000 	C:\WINDOWS\SYSTEM32\ncrypt.dll
0x00007ffc63490000 - 0x00007ffc634cf000 	C:\WINDOWS\SYSTEM32\NTASN1.dll
0x00007ffc633f0000 - 0x00007ffc63403000 	C:\WINDOWS\SYSTEM32\MSASN1.dll
0x00007ffc638d0000 - 0x00007ffc638da000 	C:\WINDOWS\SYSTEM32\DPAPI.dll
0x00007ffc63050000 - 0x00007ffc63080000 	C:\WINDOWS\SYSTEM32\gpapi.dll
0x00007ffc2cbb0000 - 0x00007ffc2cbb9000 	D:\Program Files\STMicroelectronics\STM32Cube\STM32CubeMX\jre\bin\extnet.dll
0x00007ffc16940000 - 0x00007ffc1696e000 	D:\Program Files\STMicroelectronics\STM32Cube\STM32CubeMX\jre\bin\javajpeg.dll
0x00007ffc65a30000 - 0x00007ffc65ade000 	C:\WINDOWS\System32\clbcatq.dll
0x00007ffc5f060000 - 0x00007ffc5f28d000 	C:\WINDOWS\SYSTEM32\WindowsCodecs.dll
0x00007ffc38820000 - 0x00007ffc3887a000 	C:\WINDOWS\system32\dataexchange.dll
0x00007ffc54680000 - 0x00007ffc548c4000 	C:\WINDOWS\system32\twinapi.appcore.dll
0x00007ffc38330000 - 0x00007ffc38478000 	C:\WINDOWS\SYSTEM32\textinputframework.dll
0x00007ffbb3bd0000 - 0x00007ffbb3cc9000 	C:\Users\84007\.stm32cubemx\.jxbrowser-8.11.0\Chromium\toolkit64.dll
0x00007ffbb26f0000 - 0x00007ffbb27e0000 	C:\Users\84007\.stm32cubemx\.jxbrowser-8.11.0\Chromium\ipc64.dll

JVMTI agents: none

dbghelp: loaded successfully - version: 4.0.5 - missing functions: none
symbol engine: initialized successfully - sym options: 0x614 - pdb path: .;D:\Program Files\STMicroelectronics\STM32Cube\STM32CubeMX\jre\bin;C:\WINDOWS\SYSTEM32;C:\WINDOWS\WinSxS\amd64_microsoft.windows.common-controls_6595b64144ccf1df_6.0.26100.8037_none_3e092faae333b53b;D:\Program Files\STMicroelectronics\STM32Cube\STM32CubeMX\jre\bin\server;C:\Users\84007\AppData\Local\Temp\jna-53313979;C:\Users\84007\.stm32cubemx\.jxbrowser-8.11.0\Chromium

VM Arguments:
jvm_args: -Djavax.net.ssl.trustStoreType=WINDOWS-ROOT -Dsun.java2d.d3d=false --add-exports=java.desktop/sun.awt=ALL-UNNAMED --add-opens=java.desktop/java.awt=ALL-UNNAMED -Dfile.encoding=UTF8 
java_command: com.st.microxplorer.maingui.STM32CubeMX D:\keil5\bootloader\BootLoaderTest\Boot_App _Bin_FreeRtos\Boot1.ioc
java_class_path (initial): D:\Program Files\STMicroelectronics\STM32Cube\STM32CubeMX\STM32CubeMX.exe;anything
Launcher Type: SUN_STANDARD

[Global flags]
     intx CICompilerCount                          = 4                                         {product} {ergonomic}
     uint ConcGCThreads                            = 2                                         {product} {ergonomic}
     uint G1ConcRefinementThreads                  = 8                                         {product} {ergonomic}
   size_t G1HeapRegionSize                         = 2097152                                   {product} {ergonomic}
    uintx GCDrainStackTargetSize                   = 64                                        {product} {ergonomic}
   size_t InitialHeapSize                          = 266338304                                 {product} {ergonomic}
   size_t MarkStackSize                            = 4194304                                   {product} {ergonomic}
   size_t MaxHeapSize                              = 4238344192                                {product} {ergonomic}
   size_t MaxNewSize                               = 2541748224                                {product} {ergonomic}
   size_t MinHeapDeltaBytes                        = 2097152                                   {product} {ergonomic}
   size_t MinHeapSize                              = 8388608                                   {product} {ergonomic}
    uintx NonNMethodCodeHeapSize                   = 5839372                                {pd product} {ergonomic}
    uintx NonProfiledCodeHeapSize                  = 122909434                              {pd product} {ergonomic}
    uintx ProfiledCodeHeapSize                     = 122909434                              {pd product} {ergonomic}
    uintx ReservedCodeCacheSize                    = 251658240                              {pd product} {ergonomic}
     bool SegmentedCodeCache                       = true                                      {product} {ergonomic}
   size_t SoftMaxHeapSize                          = 4238344192                             {manageable} {ergonomic}
     bool UseCompressedOops                        = true                           {product lp64_product} {ergonomic}
     bool UseG1GC                                  = true                                      {product} {ergonomic}
     bool UseLargePagesIndividualAllocation        = false                                  {pd product} {ergonomic}

Logging:
Log output configuration:
 #0: stdout all=warning uptime,level,tags foldmultilines=false
 #1: stderr all=off uptime,level,tags foldmultilines=false

Environment Variables:
JAVA_HOME=D:\Javaweb\Java
PATH=D:\Program Files\STMicroelectronics\STM32Cube\STM32CubeMX\;C:\Users\84007\MySQL\MySQL Server 8.0\bin;D:\VMware\bin\;C:\Windows\system32;C:\Windows;C:\Windows\System32\Wbem;C:\Windows\System32\WindowsPowerShell\v1.0\;C:\Windows\System32\OpenSSH\;C:\Program Files (x86)\NVIDIA Corporation\PhysX\Common;C:\Program Files\NVIDIA Corporation\NVIDIA NvDLISR;C:\WINDOWS\system32;C:\WINDOWS;C:\WINDOWS\System32\Wbem;C:\WINDOWS\System32\WindowsPowerShell\v1.0\;C:\WINDOWS\System32\OpenSSH\;D:\Program Files (x86)\Microsoft SQL Server\100\Tools\Binn\;D:\Program Files\Microsoft SQL Server\100\Tools\Binn\;D:\Program Files\Microsoft SQL Server\100\DTS\Binn\;D:\Program Files (x86)\Microsoft SQL Server\100\Tools\Binn\VSShell\Common7\IDE\;D:\Program Files (x86)\Microsoft SQL Server\100\DTS\Binn\;C:\Program Files (x86)\Microsoft Visual Studio 9.0\Common7\IDE\PrivateAssemblies\;C:\Program Files\Microsoft SQL Server\150\Tools\Binn\;C:\Program Files\Microsoft SQL Server\Client SDK\ODBC\170\Tools\Binn\;C:\Program Files\dotnet\;D:\Javaweb\Java\bin;D:\Javaweb\Java\jre\bin;D:\Javaweb\apache-tomcat-8.5.65\bin;D:\Download\Git\cmd;D:\Download\Node\;D:\Download\Node\node.exe;D:\數呾儂\pycharm\python\Scripts\;D:\數呾儂\pycharm\python\;C:\Users\84007\AppData\Local\Microsoft\WindowsApps;C:\Program Files (x86)\Tencent\QQGameTempest\Hall.57915\;D:\IntelliJ IDEA 2021.3.3\bin;;C:\Users\84007\.dotnet\tools;D:\pycharm\PyCharm Community Edition 2023.2.1\bin;;D:\數呾儂\ズ⻌宒妗桄\Microsoft VS Code\bin;D:\Download\cursor\resources\app\bin;C:\Users\84007\AppData\Roaming\npm;C:\Users\84007\AppData\Local\GitHubDesktop\bin;D:\Program Files\STMicroelectronics\STM32Cube\STM32CubeMX\.\jre\\bin
USERNAME=84007
OS=Windows_NT
PROCESSOR_IDENTIFIER=Intel64 Family 6 Model 140 Stepping 2, GenuineIntel
TMP=C:\Users\84007\AppData\Local\Temp
TEMP=C:\Users\84007\AppData\Local\Temp




Periodic native trim disabled

---------------  S Y S T E M  ---------------

OS:
 Windows 11 , 64 bit Build 26100 (10.0.26100.7920)
OS uptime: 4 days 5:25 hours
Hyper-V role detected

CPU: total 8 (initial active 8) (4 cores per cpu, 2 threads per core) family 6 model 140 stepping 2 microcode 0x16, cx8, cmov, fxsr, ht, mmx, 3dnowpref, sse, sse2, sse3, ssse3, sse4.1, sse4.2, popcnt, lzcnt, tsc, tscinvbit, avx, avx2, aes, erms, clmul, bmi1, bmi2, adx, avx512f, avx512dq, avx512cd, avx512bw, avx512vl, sha, fma, vzeroupper, avx512_vpopcntdq, avx512_vpclmulqdq, avx512_vaes, avx512_vnni, clflush, clflushopt, clwb, avx512_vbmi2, avx512_vbmi, hv, rdtscp, rdpid, fsrm, gfni, avx512_bitalg, f16c, cet_ibt, cet_ss, avx512_ifma
Processor Information for the first 8 processors :
  Max Mhz: 2918, Current Mhz: 2918, Mhz Limit: 2918

Memory: 4k page, system-wide physical 16167M (2237M free)
TotalPageFile size 20263M (AvailPageFile size 270M)
current process WorkingSet (physical memory assigned to process): 617M, peak: 652M
current process commit charge ("private bytes"): 758M, peak: 1131M

vm_info: OpenJDK 64-Bit Server VM (21.0.8+9-LTS) for windows-amd64 JRE (21.0.8+9-LTS), built on 2025-07-15T00:00:00Z by "admin" with MS VC++ 17.7 (VS2022)

END.
